[ 2015-10-26T18:18:35+08:00 ] ::1 /wyu34coin/1/
INFO: [ app_init ] --START--
INFO: Run Behavior\BuildLiteBehavior [ RunTime:0.000065s ]
INFO: [ app_init ] --END-- [ RunTime:0.058520s ]
INFO: [ app_begin ] --START--
INFO: Run Behavior\ReadHtmlCacheBehavior [ RunTime:0.013148s ]
INFO: [ app_begin ] --END-- [ RunTime:0.013499s ]
INFO: [ view_parse ] --START--
INFO: Run Behavior\ParseTemplateBehavior [ RunTime:0.024763s ]
INFO: [ view_parse ] --END-- [ RunTime:0.025070s ]
INFO: [ view_filter ] --START--
INFO: Run Behavior\WriteHtmlCacheBehavior [ RunTime:0.011194s ]
INFO: [ view_filter ] --END-- [ RunTime:0.011486s ]
INFO: [ app_end ] --START--
INFO: Run Behavior\ShowPageTraceBehavior [ RunTime:0.008802s ]
INFO: [ app_end ] --END-- [ RunTime:0.009097s ]

[ 2015-10-26T18:18:43+08:00 ] ::1 /wyu34coin/1/index.php/Home/User/goldSquare?opid=oXOWrwtvdXOTEk8_QnxxC23rQxvY
INFO: [ app_init ] --START--
INFO: Run Behavior\BuildLiteBehavior [ RunTime:0.000042s ]
INFO: [ app_init ] --END-- [ RunTime:0.000661s ]
INFO: [ app_begin ] --START--
INFO: Run Behavior\ReadHtmlCacheBehavior [ RunTime:0.001303s ]
INFO: [ app_begin ] --END-- [ RunTime:0.001645s ]
INFO: [ view_parse ] --START--
INFO: [ template_filter ] --START--
INFO: Run Behavior\ContentReplaceBehavior [ RunTime:0.000231s ]
INFO: [ template_filter ] --END-- [ RunTime:0.000532s ]
INFO: Run Behavior\ParseTemplateBehavior [ RunTime:0.097239s ]
INFO: [ view_parse ] --END-- [ RunTime:0.097791s ]
INFO: [ view_filter ] --START--
INFO: Run Behavior\WriteHtmlCacheBehavior [ RunTime:0.001071s ]
INFO: [ view_filter ] --END-- [ RunTime:0.001408s ]
INFO: [ app_end ] --START--
INFO: Run Behavior\ShowPageTraceBehavior [ RunTime:0.001407s ]
INFO: [ app_end ] --END-- [ RunTime:0.001770s ]

[ 2015-10-26T18:18:45+08:00 ] ::1 /wyu34coin/1/index.php/Home/User/getAllRecordByDate
INFO: [ app_init ] --START--
INFO: Run Behavior\BuildLiteBehavior [ RunTime:0.000037s ]
INFO: [ app_init ] --END-- [ RunTime:0.000687s ]
INFO: [ app_begin ] --START--
INFO: Run Behavior\ReadHtmlCacheBehavior [ RunTime:0.000838s ]
INFO: [ app_begin ] --END-- [ RunTime:0.000985s ]
SQL: SHOW COLUMNS FROM `coin_record` [ RunTime:0.1565s ]
SQL: SELECT * FROM `coin_record` WHERE ( opid!="oXOWrwtvdXOTEk8_QnxxC23rQxvY" AND coindate="2015/10/25"  ) LIMIT 10   [ RunTime:0.0182s ]
SQL: SELECT * FROM `coin_record` WHERE ( opid="oXOWrwtvdXOTEk8_QnxxC23rQxvY" AND coindate="2015/10/25"  ) LIMIT 1   [ RunTime:0.0004s ]

[ 2015-10-26T18:18:47+08:00 ] ::1 /wyu34coin/1/index.php/Home/User/homePage?opid=oXOWrwtvdXOTEk8_QnxxC23rQxvY
INFO: [ app_init ] --START--
INFO: Run Behavior\BuildLiteBehavior [ RunTime:0.000034s ]
INFO: [ app_init ] --END-- [ RunTime:0.000674s ]
INFO: [ app_begin ] --START--
INFO: Run Behavior\ReadHtmlCacheBehavior [ RunTime:0.000713s ]
INFO: [ app_begin ] --END-- [ RunTime:0.000872s ]
SQL: SHOW COLUMNS FROM `coin_user` [ RunTime:0.0725s ]
SQL: SELECT * FROM `coin_user` WHERE `opid` = 'oXOWrwtvdXOTEk8_QnxxC23rQxvY' LIMIT 1   [ RunTime:0.0008s ]
INFO: [ view_parse ] --START--
INFO: [ template_filter ] --START--
INFO: Run Behavior\ContentReplaceBehavior [ RunTime:0.000119s ]
INFO: [ template_filter ] --END-- [ RunTime:0.000302s ]
INFO: Run Behavior\ParseTemplateBehavior [ RunTime:0.126234s ]
INFO: [ view_parse ] --END-- [ RunTime:0.126412s ]
INFO: [ view_filter ] --START--
INFO: Run Behavior\WriteHtmlCacheBehavior [ RunTime:0.000461s ]
INFO: [ view_filter ] --END-- [ RunTime:0.000596s ]
INFO: [ app_end ] --START--
INFO: Run Behavior\ShowPageTraceBehavior [ RunTime:0.000696s ]
INFO: [ app_end ] --END-- [ RunTime:0.000833s ]

[ 2015-10-26T18:18:48+08:00 ] ::1 /wyu34coin/1/index.php/Home/Public/code
INFO: [ app_init ] --START--
INFO: Run Behavior\BuildLiteBehavior [ RunTime:0.000062s ]
INFO: [ app_init ] --END-- [ RunTime:0.000905s ]
INFO: [ app_begin ] --START--
INFO: Run Behavior\ReadHtmlCacheBehavior [ RunTime:0.001686s ]
INFO: [ app_begin ] --END-- [ RunTime:0.002029s ]
INFO: [ app_end ] --START--
INFO: Run Behavior\ShowPageTraceBehavior [ RunTime:0.001014s ]
INFO: [ app_end ] --END-- [ RunTime:0.001260s ]

[ 2015-10-26T18:18:56+08:00 ] ::1 /wyu34coin/1/index.php/Home/User/goldSquare?opid=oXOWrwtvdXOTEk8_QnxxC23rQxvY
INFO: [ app_init ] --START--
INFO: Run Behavior\BuildLiteBehavior [ RunTime:0.000036s ]
INFO: [ app_init ] --END-- [ RunTime:0.000664s ]
INFO: [ app_begin ] --START--
INFO: Run Behavior\ReadHtmlCacheBehavior [ RunTime:0.000727s ]
INFO: [ app_begin ] --END-- [ RunTime:0.000893s ]
INFO: [ view_parse ] --START--
INFO: [ template_filter ] --START--
INFO: Run Behavior\ContentReplaceBehavior [ RunTime:0.000185s ]
INFO: [ template_filter ] --END-- [ RunTime:0.000430s ]
INFO: Run Behavior\ParseTemplateBehavior [ RunTime:0.010191s ]
INFO: [ view_parse ] --END-- [ RunTime:0.010356s ]
INFO: [ view_filter ] --START--
INFO: Run Behavior\WriteHtmlCacheBehavior [ RunTime:0.000550s ]
INFO: [ view_filter ] --END-- [ RunTime:0.000689s ]
INFO: [ app_end ] --START--
INFO: Run Behavior\ShowPageTraceBehavior [ RunTime:0.000681s ]
INFO: [ app_end ] --END-- [ RunTime:0.000821s ]

[ 2015-10-26T18:18:56+08:00 ] ::1 /wyu34coin/1/index.php/Home/User/getAllRecordByDate
INFO: [ app_init ] --START--
INFO: Run Behavior\BuildLiteBehavior [ RunTime:0.000039s ]
INFO: [ app_init ] --END-- [ RunTime:0.000631s ]
INFO: [ app_begin ] --START--
INFO: Run Behavior\ReadHtmlCacheBehavior [ RunTime:0.000681s ]
INFO: [ app_begin ] --END-- [ RunTime:0.000831s ]
SQL: SHOW COLUMNS FROM `coin_record` [ RunTime:0.0138s ]
SQL: SELECT * FROM `coin_record` WHERE ( opid!="oXOWrwtvdXOTEk8_QnxxC23rQxvY" AND coindate="2015/10/25"  ) LIMIT 10   [ RunTime:0.0005s ]
SQL: SELECT * FROM `coin_record` WHERE ( opid="oXOWrwtvdXOTEk8_QnxxC23rQxvY" AND coindate="2015/10/25"  ) LIMIT 1   [ RunTime:0.0006s ]

