[ 2015-10-27T12:34:14+08:00 ] ::1 /wyu34coin/1/index.php/Home/User/goldSquare?opid=oXOWrwtvdXOTEk8_QnxxC23rQxvY
INFO: [ app_init ] --START--
INFO: Run Behavior\BuildLiteBehavior [ RunTime:0.000048s ]
INFO: [ app_init ] --END-- [ RunTime:0.157136s ]
INFO: [ app_begin ] --START--
INFO: Run Behavior\ReadHtmlCacheBehavior [ RunTime:0.023276s ]
INFO: [ app_begin ] --END-- [ RunTime:0.023476s ]
INFO: [ view_parse ] --START--
INFO: [ template_filter ] --START--
INFO: Run Behavior\ContentReplaceBehavior [ RunTime:0.000255s ]
INFO: [ template_filter ] --END-- [ RunTime:0.000604s ]
INFO: Run Behavior\ParseTemplateBehavior [ RunTime:0.166542s ]
INFO: [ view_parse ] --END-- [ RunTime:0.166990s ]
INFO: [ view_filter ] --START--
INFO: Run Behavior\WriteHtmlCacheBehavior [ RunTime:0.010748s ]
INFO: [ view_filter ] --END-- [ RunTime:0.010987s ]
INFO: [ app_end ] --START--
INFO: Run Behavior\ShowPageTraceBehavior [ RunTime:0.019954s ]
INFO: [ app_end ] --END-- [ RunTime:0.020118s ]

[ 2015-10-27T12:34:21+08:00 ] ::1 /wyu34coin/1/index.php/Home/User/getAllRecordByDate
INFO: [ app_init ] --START--
INFO: Run Behavior\BuildLiteBehavior [ RunTime:0.000037s ]
INFO: [ app_init ] --END-- [ RunTime:0.000539s ]
INFO: [ app_begin ] --START--
INFO: Run Behavior\ReadHtmlCacheBehavior [ RunTime:0.000620s ]
INFO: [ app_begin ] --END-- [ RunTime:0.000755s ]
SQL: SHOW COLUMNS FROM `coin_record` [ RunTime:0.6180s ]
SQL: SELECT * FROM `coin_record` WHERE ( opid!="oXOWrwtvdXOTEk8_QnxxC23rQxvY" AND coindate="2015/10/26"  ) LIMIT 10   [ RunTime:0.0510s ]
SQL: SELECT * FROM `coin_record` WHERE ( opid="oXOWrwtvdXOTEk8_QnxxC23rQxvY" AND coindate="2015/10/26"  ) LIMIT 1   [ RunTime:0.0006s ]

[ 2015-10-27T12:34:35+08:00 ] ::1 /wyu34coin/1/index.php/Home/User/goldSquare?opid=oXOWrwtvdXOTEk8_QnxxC23rQxv
INFO: [ app_init ] --START--
INFO: Run Behavior\BuildLiteBehavior [ RunTime:0.000067s ]
INFO: [ app_init ] --END-- [ RunTime:0.000720s ]
INFO: [ app_begin ] --START--
INFO: Run Behavior\ReadHtmlCacheBehavior [ RunTime:0.000647s ]
INFO: [ app_begin ] --END-- [ RunTime:0.000803s ]
INFO: [ view_parse ] --START--
INFO: [ template_filter ] --START--
INFO: Run Behavior\ContentReplaceBehavior [ RunTime:0.000116s ]
INFO: [ template_filter ] --END-- [ RunTime:0.000277s ]
INFO: Run Behavior\ParseTemplateBehavior [ RunTime:0.010727s ]
INFO: [ view_parse ] --END-- [ RunTime:0.010892s ]
INFO: [ view_filter ] --START--
INFO: Run Behavior\WriteHtmlCacheBehavior [ RunTime:0.000422s ]
INFO: [ view_filter ] --END-- [ RunTime:0.000553s ]
INFO: [ app_end ] --START--
INFO: Run Behavior\ShowPageTraceBehavior [ RunTime:0.000656s ]
INFO: [ app_end ] --END-- [ RunTime:0.000788s ]

[ 2015-10-27T12:34:35+08:00 ] ::1 /wyu34coin/1/index.php/Home/User/getAllRecordByDate
INFO: [ app_init ] --START--
INFO: Run Behavior\BuildLiteBehavior [ RunTime:0.000036s ]
INFO: [ app_init ] --END-- [ RunTime:0.000568s ]
INFO: [ app_begin ] --START--
INFO: Run Behavior\ReadHtmlCacheBehavior [ RunTime:0.000657s ]
INFO: [ app_begin ] --END-- [ RunTime:0.000802s ]
SQL: SHOW COLUMNS FROM `coin_record` [ RunTime:0.0214s ]
SQL: SELECT * FROM `coin_record` WHERE ( opid!="oXOWrwtvdXOTEk8_QnxxC23rQxv" AND coindate="2015/10/26"  ) LIMIT 10   [ RunTime:0.0005s ]
SQL: SELECT * FROM `coin_record` WHERE ( opid="oXOWrwtvdXOTEk8_QnxxC23rQxv" AND coindate="2015/10/26"  ) LIMIT 1   [ RunTime:0.0004s ]

[ 2015-10-27T12:34:47+08:00 ] ::1 /wyu34coin/1/index.php/Home/User/goldSquare?opid=oXOWrwtvdXOTEk8_QnxxC23rQxvY
INFO: [ app_init ] --START--
INFO: Run Behavior\BuildLiteBehavior [ RunTime:0.000103s ]
INFO: [ app_init ] --END-- [ RunTime:0.001081s ]
INFO: [ app_begin ] --START--
INFO: Run Behavior\ReadHtmlCacheBehavior [ RunTime:0.000829s ]
INFO: [ app_begin ] --END-- [ RunTime:0.001028s ]
INFO: [ view_parse ] --START--
INFO: [ template_filter ] --START--
INFO: Run Behavior\ContentReplaceBehavior [ RunTime:0.000126s ]
INFO: [ template_filter ] --END-- [ RunTime:0.000302s ]
INFO: Run Behavior\ParseTemplateBehavior [ RunTime:0.009988s ]
INFO: [ view_parse ] --END-- [ RunTime:0.010143s ]
INFO: [ view_filter ] --START--
INFO: Run Behavior\WriteHtmlCacheBehavior [ RunTime:0.000350s ]
INFO: [ view_filter ] --END-- [ RunTime:0.000485s ]
INFO: [ app_end ] --START--
INFO: Run Behavior\ShowPageTraceBehavior [ RunTime:0.000588s ]
INFO: [ app_end ] --END-- [ RunTime:0.000726s ]

[ 2015-10-27T12:34:47+08:00 ] ::1 /wyu34coin/1/index.php/Home/User/getAllRecordByDate
INFO: [ app_init ] --START--
INFO: Run Behavior\BuildLiteBehavior [ RunTime:0.000036s ]
INFO: [ app_init ] --END-- [ RunTime:0.000557s ]
INFO: [ app_begin ] --START--
INFO: Run Behavior\ReadHtmlCacheBehavior [ RunTime:0.000768s ]
INFO: [ app_begin ] --END-- [ RunTime:0.000945s ]
SQL: SHOW COLUMNS FROM `coin_record` [ RunTime:0.0143s ]
SQL: SELECT * FROM `coin_record` WHERE ( opid!="oXOWrwtvdXOTEk8_QnxxC23rQxvY" AND coindate="2015/10/26"  ) LIMIT 10   [ RunTime:0.0020s ]
SQL: SELECT * FROM `coin_record` WHERE ( opid="oXOWrwtvdXOTEk8_QnxxC23rQxvY" AND coindate="2015/10/26"  ) LIMIT 1   [ RunTime:0.0013s ]

[ 2015-10-27T12:34:54+08:00 ] ::1 /wyu34coin/1/index.php/Home/User/goldSquare?opid=oXOWrwtvdXOTEk8_QnxxC23rQxvY
INFO: [ app_init ] --START--
INFO: Run Behavior\BuildLiteBehavior [ RunTime:0.000043s ]
INFO: [ app_init ] --END-- [ RunTime:0.000672s ]
INFO: [ app_begin ] --START--
INFO: Run Behavior\ReadHtmlCacheBehavior [ RunTime:0.000835s ]
INFO: [ app_begin ] --END-- [ RunTime:0.001034s ]
INFO: [ view_parse ] --START--
INFO: [ template_filter ] --START--
INFO: Run Behavior\ContentReplaceBehavior [ RunTime:0.000118s ]
INFO: [ template_filter ] --END-- [ RunTime:0.000280s ]
INFO: Run Behavior\ParseTemplateBehavior [ RunTime:0.009648s ]
INFO: [ view_parse ] --END-- [ RunTime:0.009807s ]
INFO: [ view_filter ] --START--
INFO: Run Behavior\WriteHtmlCacheBehavior [ RunTime:0.000363s ]
INFO: [ view_filter ] --END-- [ RunTime:0.000490s ]
INFO: [ app_end ] --START--
INFO: Run Behavior\ShowPageTraceBehavior [ RunTime:0.000635s ]
INFO: [ app_end ] --END-- [ RunTime:0.000800s ]

[ 2015-10-27T12:35:06+08:00 ] ::1 /wyu34coin/1/index.php/Home/User/getAllRecordByDate
INFO: [ app_init ] --START--
INFO: Run Behavior\BuildLiteBehavior [ RunTime:0.000064s ]
INFO: [ app_init ] --END-- [ RunTime:0.001021s ]
INFO: [ app_begin ] --START--
INFO: Run Behavior\ReadHtmlCacheBehavior [ RunTime:0.001481s ]
INFO: [ app_begin ] --END-- [ RunTime:0.001780s ]
SQL: SHOW COLUMNS FROM `coin_record` [ RunTime:0.0177s ]
SQL: SELECT * FROM `coin_record` WHERE ( opid!="oXOWrwtvdXOTEk8_QnxxC23rQxvY" AND coindate="2015/10/26"  ) LIMIT 10   [ RunTime:0.0004s ]
SQL: SELECT * FROM `coin_record` WHERE ( opid="oXOWrwtvdXOTEk8_QnxxC23rQxvY" AND coindate="2015/10/26"  ) LIMIT 1   [ RunTime:0.0003s ]

[ 2015-10-27T15:48:15+08:00 ] ::1 /wyu34coin/1/index.php/Home/User/homePage?opid=oXOWrwtvdXOTEk8_QnxxC23rQxvY
INFO: [ app_init ] --START--
INFO: Run Behavior\BuildLiteBehavior [ RunTime:0.000055s ]
INFO: [ app_init ] --END-- [ RunTime:0.000989s ]
INFO: [ app_begin ] --START--
INFO: Run Behavior\ReadHtmlCacheBehavior [ RunTime:0.001140s ]
INFO: [ app_begin ] --END-- [ RunTime:0.001364s ]
SQL: SHOW COLUMNS FROM `coin_user` [ RunTime:0.4631s ]
SQL: SELECT * FROM `coin_user` WHERE `opid` = 'oXOWrwtvdXOTEk8_QnxxC23rQxvY' LIMIT 1   [ RunTime:0.1765s ]
INFO: [ view_parse ] --START--
INFO: [ template_filter ] --START--
INFO: Run Behavior\ContentReplaceBehavior [ RunTime:0.000454s ]
INFO: [ template_filter ] --END-- [ RunTime:0.001030s ]
INFO: Run Behavior\ParseTemplateBehavior [ RunTime:0.264192s ]
INFO: [ view_parse ] --END-- [ RunTime:0.265018s ]
INFO: [ view_filter ] --START--
INFO: Run Behavior\WriteHtmlCacheBehavior [ RunTime:0.002494s ]
INFO: [ view_filter ] --END-- [ RunTime:0.003300s ]
INFO: [ app_end ] --START--
INFO: Run Behavior\ShowPageTraceBehavior [ RunTime:0.003049s ]
INFO: [ app_end ] --END-- [ RunTime:0.003697s ]

[ 2015-10-27T15:48:17+08:00 ] ::1 /wyu34coin/1/index.php/Home/Public/code
INFO: [ app_init ] --START--
INFO: Run Behavior\BuildLiteBehavior [ RunTime:0.000062s ]
INFO: [ app_init ] --END-- [ RunTime:0.000889s ]
INFO: [ app_begin ] --START--
INFO: Run Behavior\ReadHtmlCacheBehavior [ RunTime:0.000691s ]
INFO: [ app_begin ] --END-- [ RunTime:0.000863s ]
INFO: [ app_end ] --START--
INFO: Run Behavior\ShowPageTraceBehavior [ RunTime:0.001278s ]
INFO: [ app_end ] --END-- [ RunTime:0.001585s ]

[ 2015-10-27T15:48:46+08:00 ] ::1 /wyu34coin/1/index.php/Home/User/goldSquare?opid=oXOWrwtvdXOTEk8_QnxxC23rQxvY
INFO: [ app_init ] --START--
INFO: Run Behavior\BuildLiteBehavior [ RunTime:0.000044s ]
INFO: [ app_init ] --END-- [ RunTime:0.000860s ]
INFO: [ app_begin ] --START--
INFO: Run Behavior\ReadHtmlCacheBehavior [ RunTime:0.000673s ]
INFO: [ app_begin ] --END-- [ RunTime:0.000830s ]
INFO: [ view_parse ] --START--
INFO: [ template_filter ] --START--
INFO: Run Behavior\ContentReplaceBehavior [ RunTime:0.000112s ]
INFO: [ template_filter ] --END-- [ RunTime:0.000260s ]
INFO: Run Behavior\ParseTemplateBehavior [ RunTime:0.008663s ]
INFO: [ view_parse ] --END-- [ RunTime:0.008816s ]
INFO: [ view_filter ] --START--
INFO: Run Behavior\WriteHtmlCacheBehavior [ RunTime:0.000330s ]
INFO: [ view_filter ] --END-- [ RunTime:0.000462s ]
INFO: [ app_end ] --START--
INFO: Run Behavior\ShowPageTraceBehavior [ RunTime:0.000846s ]
INFO: [ app_end ] --END-- [ RunTime:0.001053s ]

[ 2015-10-27T15:48:46+08:00 ] ::1 /wyu34coin/1/index.php/Home/User/getAllRecordByDate
INFO: [ app_init ] --START--
INFO: Run Behavior\BuildLiteBehavior [ RunTime:0.000039s ]
INFO: [ app_init ] --END-- [ RunTime:0.000853s ]
INFO: [ app_begin ] --START--
INFO: Run Behavior\ReadHtmlCacheBehavior [ RunTime:0.000769s ]
INFO: [ app_begin ] --END-- [ RunTime:0.000926s ]
SQL: SHOW COLUMNS FROM `coin_record` [ RunTime:0.0371s ]
SQL: SELECT * FROM `coin_record` WHERE ( opid!="oXOWrwtvdXOTEk8_QnxxC23rQxvY" AND coindate="2015/10/26"  ) LIMIT 10   [ RunTime:0.0004s ]
SQL: SELECT * FROM `coin_record` WHERE ( opid="oXOWrwtvdXOTEk8_QnxxC23rQxvY" AND coindate="2015/10/26"  ) LIMIT 1   [ RunTime:0.0003s ]

[ 2015-10-27T15:48:52+08:00 ] ::1 /wyu34coin/1/index.php/Home/User/homePage?opid=oXOWrwtvdXOTEk8_QnxxC23rQxvY
INFO: [ app_init ] --START--
INFO: Run Behavior\BuildLiteBehavior [ RunTime:0.000040s ]
INFO: [ app_init ] --END-- [ RunTime:0.000627s ]
INFO: [ app_begin ] --START--
INFO: Run Behavior\ReadHtmlCacheBehavior [ RunTime:0.000794s ]
INFO: [ app_begin ] --END-- [ RunTime:0.000986s ]
SQL: SHOW COLUMNS FROM `coin_user` [ RunTime:0.0043s ]
SQL: SELECT * FROM `coin_user` WHERE `opid` = 'oXOWrwtvdXOTEk8_QnxxC23rQxvY' LIMIT 1   [ RunTime:0.0008s ]
INFO: [ view_parse ] --START--
INFO: [ template_filter ] --START--
INFO: Run Behavior\ContentReplaceBehavior [ RunTime:0.000439s ]
INFO: [ template_filter ] --END-- [ RunTime:0.000938s ]
INFO: Run Behavior\ParseTemplateBehavior [ RunTime:0.039076s ]
INFO: [ view_parse ] --END-- [ RunTime:0.039457s ]
INFO: [ view_filter ] --START--
INFO: Run Behavior\WriteHtmlCacheBehavior [ RunTime:0.001056s ]
INFO: [ view_filter ] --END-- [ RunTime:0.001446s ]
INFO: [ app_end ] --START--
INFO: Run Behavior\ShowPageTraceBehavior [ RunTime:0.001709s ]
INFO: [ app_end ] --END-- [ RunTime:0.002055s ]

[ 2015-10-27T15:48:52+08:00 ] ::1 /wyu34coin/1/index.php/Home/Public/code
INFO: [ app_init ] --START--
INFO: Run Behavior\BuildLiteBehavior [ RunTime:0.000037s ]
INFO: [ app_init ] --END-- [ RunTime:0.000687s ]
INFO: [ app_begin ] --START--
INFO: Run Behavior\ReadHtmlCacheBehavior [ RunTime:0.000634s ]
INFO: [ app_begin ] --END-- [ RunTime:0.000795s ]
INFO: [ app_end ] --START--
INFO: Run Behavior\ShowPageTraceBehavior [ RunTime:0.001194s ]
INFO: [ app_end ] --END-- [ RunTime:0.001454s ]

[ 2015-10-27T15:48:54+08:00 ] ::1 /wyu34coin/1/index.php/Home/User/dayRecord?opid=oXOWrwtvdXOTEk8_QnxxC23rQxvY
INFO: [ app_init ] --START--
INFO: Run Behavior\BuildLiteBehavior [ RunTime:0.000035s ]
INFO: [ app_init ] --END-- [ RunTime:0.000713s ]
INFO: [ app_begin ] --START--
INFO: Run Behavior\ReadHtmlCacheBehavior [ RunTime:0.000742s ]
INFO: [ app_begin ] --END-- [ RunTime:0.000916s ]
SQL: SHOW COLUMNS FROM `coin_record` [ RunTime:0.0034s ]
SQL: SELECT * FROM `coin_record` WHERE `coinDate` = '2015/10/27' AND `opid` = 'oXOWrwtvdXOTEk8_QnxxC23rQxvY' LIMIT 1   [ RunTime:0.0009s ]
INFO: [ view_parse ] --START--
INFO: [ template_filter ] --START--
INFO: Run Behavior\ContentReplaceBehavior [ RunTime:0.000144s ]
INFO: [ template_filter ] --END-- [ RunTime:0.000309s ]
INFO: Run Behavior\ParseTemplateBehavior [ RunTime:0.164836s ]
INFO: [ view_parse ] --END-- [ RunTime:0.165440s ]
INFO: [ view_filter ] --START--
INFO: Run Behavior\WriteHtmlCacheBehavior [ RunTime:0.002199s ]
INFO: [ view_filter ] --END-- [ RunTime:0.003124s ]
INFO: [ app_end ] --START--
INFO: Run Behavior\ShowPageTraceBehavior [ RunTime:0.003809s ]
INFO: [ app_end ] --END-- [ RunTime:0.004819s ]

[ 2015-10-27T15:48:55+08:00 ] ::1 /wyu34coin/1/index.php/Home/User/getRecordByDate
INFO: [ app_init ] --START--
INFO: Run Behavior\BuildLiteBehavior [ RunTime:0.000037s ]
INFO: [ app_init ] --END-- [ RunTime:0.000561s ]
INFO: [ app_begin ] --START--
INFO: Run Behavior\ReadHtmlCacheBehavior [ RunTime:0.001019s ]
INFO: [ app_begin ] --END-- [ RunTime:0.001235s ]
SQL: SHOW COLUMNS FROM `coin_record` [ RunTime:0.0053s ]
SQL: SELECT * FROM `coin_record` WHERE `opid` = 'oXOWrwtvdXOTEk8_QnxxC23rQxvY' AND `coinDate` = '2015/10/27' LIMIT 1   [ RunTime:0.0011s ]

[ 2015-10-27T15:48:55+08:00 ] ::1 /wyu34coin/1/index.php/Home/User/getCoinInformationByJson
INFO: [ app_init ] --START--
INFO: Run Behavior\BuildLiteBehavior [ RunTime:0.000077s ]
INFO: [ app_init ] --END-- [ RunTime:0.001322s ]
INFO: [ app_begin ] --START--
INFO: Run Behavior\ReadHtmlCacheBehavior [ RunTime:0.001216s ]
INFO: [ app_begin ] --END-- [ RunTime:0.001474s ]
SQL: SHOW COLUMNS FROM `coin_information` [ RunTime:0.2909s ]
SQL: SELECT * FROM `coin_information` WHERE `opid` = 'oXOWrwtvdXOTEk8_QnxxC23rQxvY' AND `date` = '2015/10/27' ORDER BY coinNum asc  [ RunTime:0.1092s ]

[ 2015-10-27T15:49:07+08:00 ] ::1 /wyu34coin/1/index.php/Home/User/homePage?opid=oXOWrwtvdXOTEk8_QnxxC23rQxvY
INFO: [ app_init ] --START--
INFO: Run Behavior\BuildLiteBehavior [ RunTime:0.000033s ]
INFO: [ app_init ] --END-- [ RunTime:0.000551s ]
INFO: [ app_begin ] --START--
INFO: Run Behavior\ReadHtmlCacheBehavior [ RunTime:0.000646s ]
INFO: [ app_begin ] --END-- [ RunTime:0.000802s ]
SQL: SHOW COLUMNS FROM `coin_user` [ RunTime:0.0034s ]
SQL: SELECT * FROM `coin_user` WHERE `opid` = 'oXOWrwtvdXOTEk8_QnxxC23rQxvY' LIMIT 1   [ RunTime:0.0004s ]
INFO: [ view_parse ] --START--
INFO: [ template_filter ] --START--
INFO: Run Behavior\ContentReplaceBehavior [ RunTime:0.000119s ]
INFO: [ template_filter ] --END-- [ RunTime:0.000272s ]
INFO: Run Behavior\ParseTemplateBehavior [ RunTime:0.012456s ]
INFO: [ view_parse ] --END-- [ RunTime:0.012608s ]
INFO: [ view_filter ] --START--
INFO: Run Behavior\WriteHtmlCacheBehavior [ RunTime:0.000450s ]
INFO: [ view_filter ] --END-- [ RunTime:0.000584s ]
INFO: [ app_end ] --START--
INFO: Run Behavior\ShowPageTraceBehavior [ RunTime:0.000696s ]
INFO: [ app_end ] --END-- [ RunTime:0.000831s ]

[ 2015-10-27T15:49:07+08:00 ] ::1 /wyu34coin/1/index.php/Home/Public/code
INFO: [ app_init ] --START--
INFO: Run Behavior\BuildLiteBehavior [ RunTime:0.000039s ]
INFO: [ app_init ] --END-- [ RunTime:0.000777s ]
INFO: [ app_begin ] --START--
INFO: Run Behavior\ReadHtmlCacheBehavior [ RunTime:0.000887s ]
INFO: [ app_begin ] --END-- [ RunTime:0.001132s ]
INFO: [ app_end ] --START--
INFO: Run Behavior\ShowPageTraceBehavior [ RunTime:0.000851s ]
INFO: [ app_end ] --END-- [ RunTime:0.001035s ]

[ 2015-10-27T15:49:10+08:00 ] ::1 /wyu34coin/1/index.php/Home/User/goldSquare?opid=oXOWrwtvdXOTEk8_QnxxC23rQxvY
INFO: [ app_init ] --START--
INFO: Run Behavior\BuildLiteBehavior [ RunTime:0.000037s ]
INFO: [ app_init ] --END-- [ RunTime:0.000568s ]
INFO: [ app_begin ] --START--
INFO: Run Behavior\ReadHtmlCacheBehavior [ RunTime:0.000732s ]
INFO: [ app_begin ] --END-- [ RunTime:0.000919s ]
INFO: [ view_parse ] --START--
INFO: [ template_filter ] --START--
INFO: Run Behavior\ContentReplaceBehavior [ RunTime:0.000123s ]
INFO: [ template_filter ] --END-- [ RunTime:0.000285s ]
INFO: Run Behavior\ParseTemplateBehavior [ RunTime:0.010726s ]
INFO: [ view_parse ] --END-- [ RunTime:0.010900s ]
INFO: [ view_filter ] --START--
INFO: Run Behavior\WriteHtmlCacheBehavior [ RunTime:0.000417s ]
INFO: [ view_filter ] --END-- [ RunTime:0.000559s ]
INFO: [ app_end ] --START--
INFO: Run Behavior\ShowPageTraceBehavior [ RunTime:0.000710s ]
INFO: [ app_end ] --END-- [ RunTime:0.000862s ]

[ 2015-10-27T15:49:10+08:00 ] ::1 /wyu34coin/1/index.php/Home/User/getAllRecordByDate
INFO: [ app_init ] --START--
INFO: Run Behavior\BuildLiteBehavior [ RunTime:0.000063s ]
INFO: [ app_init ] --END-- [ RunTime:0.000998s ]
INFO: [ app_begin ] --START--
INFO: Run Behavior\ReadHtmlCacheBehavior [ RunTime:0.000911s ]
INFO: [ app_begin ] --END-- [ RunTime:0.001072s ]
SQL: SHOW COLUMNS FROM `coin_record` [ RunTime:0.0062s ]
SQL: SELECT * FROM `coin_record` WHERE ( opid!="oXOWrwtvdXOTEk8_QnxxC23rQxvY" AND coindate="2015/10/26"  ) LIMIT 10   [ RunTime:0.0005s ]
SQL: SELECT * FROM `coin_record` WHERE ( opid="oXOWrwtvdXOTEk8_QnxxC23rQxvY" AND coindate="2015/10/26"  ) LIMIT 1   [ RunTime:0.0004s ]

[ 2015-10-27T15:50:34+08:00 ] ::1 /wyu34coin/1/index.php/Home/User/homePage?opid=oXOWrwtvdXOTEk8_QnxxC23rQxvY
INFO: [ app_init ] --START--
INFO: Run Behavior\BuildLiteBehavior [ RunTime:0.000041s ]
INFO: [ app_init ] --END-- [ RunTime:0.000688s ]
INFO: [ app_begin ] --START--
INFO: Run Behavior\ReadHtmlCacheBehavior [ RunTime:0.000761s ]
INFO: [ app_begin ] --END-- [ RunTime:0.000945s ]
SQL: SHOW COLUMNS FROM `coin_user` [ RunTime:0.0035s ]
SQL: SELECT * FROM `coin_user` WHERE `opid` = 'oXOWrwtvdXOTEk8_QnxxC23rQxvY' LIMIT 1   [ RunTime:0.0004s ]
INFO: [ view_parse ] --START--
INFO: [ template_filter ] --START--
INFO: Run Behavior\ContentReplaceBehavior [ RunTime:0.000117s ]
INFO: [ template_filter ] --END-- [ RunTime:0.000267s ]
INFO: Run Behavior\ParseTemplateBehavior [ RunTime:0.011216s ]
INFO: [ view_parse ] --END-- [ RunTime:0.011371s ]
INFO: [ view_filter ] --START--
INFO: Run Behavior\WriteHtmlCacheBehavior [ RunTime:0.000403s ]
INFO: [ view_filter ] --END-- [ RunTime:0.000532s ]
INFO: [ app_end ] --START--
INFO: Run Behavior\ShowPageTraceBehavior [ RunTime:0.000628s ]
INFO: [ app_end ] --END-- [ RunTime:0.000773s ]

[ 2015-10-27T15:50:34+08:00 ] ::1 /wyu34coin/1/index.php/Home/Public/code
INFO: [ app_init ] --START--
INFO: Run Behavior\BuildLiteBehavior [ RunTime:0.000064s ]
INFO: [ app_init ] --END-- [ RunTime:0.001205s ]
INFO: [ app_begin ] --START--
INFO: Run Behavior\ReadHtmlCacheBehavior [ RunTime:0.001115s ]
INFO: [ app_begin ] --END-- [ RunTime:0.001420s ]
INFO: [ app_end ] --START--
INFO: Run Behavior\ShowPageTraceBehavior [ RunTime:0.001294s ]
INFO: [ app_end ] --END-- [ RunTime:0.001533s ]

[ 2015-10-27T15:50:36+08:00 ] ::1 /wyu34coin/1/index.php/Home/User/dayRecord?opid=oXOWrwtvdXOTEk8_QnxxC23rQxvY
INFO: [ app_init ] --START--
INFO: Run Behavior\BuildLiteBehavior [ RunTime:0.000042s ]
INFO: [ app_init ] --END-- [ RunTime:0.000656s ]
INFO: [ app_begin ] --START--
INFO: Run Behavior\ReadHtmlCacheBehavior [ RunTime:0.000815s ]
INFO: [ app_begin ] --END-- [ RunTime:0.001024s ]
SQL: SHOW COLUMNS FROM `coin_record` [ RunTime:0.0042s ]
SQL: SELECT * FROM `coin_record` WHERE `coinDate` = '2015/10/27' AND `opid` = 'oXOWrwtvdXOTEk8_QnxxC23rQxvY' LIMIT 1   [ RunTime:0.0006s ]
INFO: [ view_parse ] --START--
INFO: [ template_filter ] --START--
INFO: Run Behavior\ContentReplaceBehavior [ RunTime:0.000274s ]
INFO: [ template_filter ] --END-- [ RunTime:0.000598s ]
INFO: Run Behavior\ParseTemplateBehavior [ RunTime:0.013071s ]
INFO: [ view_parse ] --END-- [ RunTime:0.013374s ]
INFO: [ view_filter ] --START--
INFO: Run Behavior\WriteHtmlCacheBehavior [ RunTime:0.001116s ]
INFO: [ view_filter ] --END-- [ RunTime:0.001423s ]
INFO: [ app_end ] --START--
INFO: Run Behavior\ShowPageTraceBehavior [ RunTime:0.000994s ]
INFO: [ app_end ] --END-- [ RunTime:0.001277s ]

[ 2015-10-27T15:50:37+08:00 ] ::1 /wyu34coin/1/index.php/Home/User/getRecordByDate
INFO: [ app_init ] --START--
INFO: Run Behavior\BuildLiteBehavior [ RunTime:0.000037s ]
INFO: [ app_init ] --END-- [ RunTime:0.000568s ]
INFO: [ app_begin ] --START--
INFO: Run Behavior\ReadHtmlCacheBehavior [ RunTime:0.000729s ]
INFO: [ app_begin ] --END-- [ RunTime:0.000928s ]
SQL: SHOW COLUMNS FROM `coin_record` [ RunTime:0.0043s ]
SQL: SELECT * FROM `coin_record` WHERE `opid` = 'oXOWrwtvdXOTEk8_QnxxC23rQxvY' AND `coinDate` = '2015/10/27' LIMIT 1   [ RunTime:0.0005s ]

[ 2015-10-27T15:50:37+08:00 ] ::1 /wyu34coin/1/index.php/Home/User/getCoinInformationByJson
INFO: [ app_init ] --START--
INFO: Run Behavior\BuildLiteBehavior [ RunTime:0.000067s ]
INFO: [ app_init ] --END-- [ RunTime:0.001178s ]
INFO: [ app_begin ] --START--
INFO: Run Behavior\ReadHtmlCacheBehavior [ RunTime:0.001108s ]
INFO: [ app_begin ] --END-- [ RunTime:0.001369s ]
SQL: SHOW COLUMNS FROM `coin_information` [ RunTime:0.0050s ]
SQL: SELECT * FROM `coin_information` WHERE `opid` = 'oXOWrwtvdXOTEk8_QnxxC23rQxvY' AND `date` = '2015/10/27' ORDER BY coinNum asc  [ RunTime:0.0008s ]

[ 2015-10-27T15:50:59+08:00 ] ::1 /wyu34coin/1/index.php/Home/User/getCoinInformationByJson
INFO: [ app_init ] --START--
INFO: Run Behavior\BuildLiteBehavior [ RunTime:0.000035s ]
INFO: [ app_init ] --END-- [ RunTime:0.000542s ]
INFO: [ app_begin ] --START--
INFO: Run Behavior\ReadHtmlCacheBehavior [ RunTime:0.000714s ]
INFO: [ app_begin ] --END-- [ RunTime:0.000908s ]
SQL: SHOW COLUMNS FROM `coin_information` [ RunTime:0.0035s ]
SQL: SELECT * FROM `coin_information` WHERE `opid` = 'oXOWrwtvdXOTEk8_QnxxC23rQxvY' AND `date` = '2015/10/20' ORDER BY coinNum asc  [ RunTime:0.0005s ]

[ 2015-10-27T15:50:59+08:00 ] ::1 /wyu34coin/1/index.php/Home/User/getRecordByDate
INFO: [ app_init ] --START--
INFO: Run Behavior\BuildLiteBehavior [ RunTime:0.000037s ]
INFO: [ app_init ] --END-- [ RunTime:0.000776s ]
INFO: [ app_begin ] --START--
INFO: Run Behavior\ReadHtmlCacheBehavior [ RunTime:0.000714s ]
INFO: [ app_begin ] --END-- [ RunTime:0.000847s ]
SQL: SHOW COLUMNS FROM `coin_record` [ RunTime:0.0036s ]
SQL: SELECT * FROM `coin_record` WHERE `opid` = 'oXOWrwtvdXOTEk8_QnxxC23rQxvY' AND `coinDate` = '2015/10/20' LIMIT 1   [ RunTime:0.0005s ]

[ 2015-10-27T15:51:49+08:00 ] ::1 /wyu34coin/1/index.php/Home/User/getCoinInformationByJson
INFO: [ app_init ] --START--
INFO: Run Behavior\BuildLiteBehavior [ RunTime:0.000041s ]
INFO: [ app_init ] --END-- [ RunTime:0.000728s ]
INFO: [ app_begin ] --START--
INFO: Run Behavior\ReadHtmlCacheBehavior [ RunTime:0.000635s ]
INFO: [ app_begin ] --END-- [ RunTime:0.000773s ]
SQL: SHOW COLUMNS FROM `coin_information` [ RunTime:0.0125s ]
SQL: SELECT * FROM `coin_information` WHERE `opid` = 'oXOWrwtvdXOTEk8_QnxxC23rQxvY' AND `date` = '2015/10/1' ORDER BY coinNum asc  [ RunTime:0.0149s ]

[ 2015-10-27T15:51:49+08:00 ] ::1 /wyu34coin/1/index.php/Home/User/getRecordByDate
INFO: [ app_init ] --START--
INFO: Run Behavior\BuildLiteBehavior [ RunTime:0.000062s ]
INFO: [ app_init ] --END-- [ RunTime:0.000710s ]
INFO: [ app_begin ] --START--
INFO: Run Behavior\ReadHtmlCacheBehavior [ RunTime:0.000571s ]
INFO: [ app_begin ] --END-- [ RunTime:0.000699s ]
SQL: SHOW COLUMNS FROM `coin_record` [ RunTime:0.0074s ]
SQL: SELECT * FROM `coin_record` WHERE `opid` = 'oXOWrwtvdXOTEk8_QnxxC23rQxvY' AND `coinDate` = '2015/10/1' LIMIT 1   [ RunTime:0.0006s ]

[ 2015-10-27T15:52:12+08:00 ] ::1 /wyu34coin/1/index.php/Home/User/homePage?opid=oXOWrwtvdXOTEk8_QnxxC23rQxvY
INFO: [ app_init ] --START--
INFO: Run Behavior\BuildLiteBehavior [ RunTime:0.000035s ]
INFO: [ app_init ] --END-- [ RunTime:0.000547s ]
INFO: [ app_begin ] --START--
INFO: Run Behavior\ReadHtmlCacheBehavior [ RunTime:0.000677s ]
INFO: [ app_begin ] --END-- [ RunTime:0.000828s ]
SQL: SHOW COLUMNS FROM `coin_user` [ RunTime:0.0036s ]
SQL: SELECT * FROM `coin_user` WHERE `opid` = 'oXOWrwtvdXOTEk8_QnxxC23rQxvY' LIMIT 1   [ RunTime:0.0015s ]
INFO: [ view_parse ] --START--
INFO: [ template_filter ] --START--
INFO: Run Behavior\ContentReplaceBehavior [ RunTime:0.000204s ]
INFO: [ template_filter ] --END-- [ RunTime:0.000429s ]
INFO: Run Behavior\ParseTemplateBehavior [ RunTime:0.016944s ]
INFO: [ view_parse ] --END-- [ RunTime:0.017306s ]
INFO: [ view_filter ] --START--
INFO: Run Behavior\WriteHtmlCacheBehavior [ RunTime:0.000894s ]
INFO: [ view_filter ] --END-- [ RunTime:0.001147s ]
INFO: [ app_end ] --START--
INFO: Run Behavior\ShowPageTraceBehavior [ RunTime:0.001202s ]
INFO: [ app_end ] --END-- [ RunTime:0.001404s ]

[ 2015-10-27T15:52:12+08:00 ] ::1 /wyu34coin/1/index.php/Home/Public/code
INFO: [ app_init ] --START--
INFO: Run Behavior\BuildLiteBehavior [ RunTime:0.000040s ]
INFO: [ app_init ] --END-- [ RunTime:0.000670s ]
INFO: [ app_begin ] --START--
INFO: Run Behavior\ReadHtmlCacheBehavior [ RunTime:0.000818s ]
INFO: [ app_begin ] --END-- [ RunTime:0.001066s ]
INFO: [ app_end ] --START--
INFO: Run Behavior\ShowPageTraceBehavior [ RunTime:0.001267s ]
INFO: [ app_end ] --END-- [ RunTime:0.001589s ]

[ 2015-10-27T15:52:14+08:00 ] ::1 /wyu34coin/1/index.php/Home/User/goldSquare?opid=oXOWrwtvdXOTEk8_QnxxC23rQxvY
INFO: [ app_init ] --START--
INFO: Run Behavior\BuildLiteBehavior [ RunTime:0.000034s ]
INFO: [ app_init ] --END-- [ RunTime:0.000626s ]
INFO: [ app_begin ] --START--
INFO: Run Behavior\ReadHtmlCacheBehavior [ RunTime:0.000703s ]
INFO: [ app_begin ] --END-- [ RunTime:0.000868s ]
INFO: [ view_parse ] --START--
INFO: [ template_filter ] --START--
INFO: Run Behavior\ContentReplaceBehavior [ RunTime:0.000124s ]
INFO: [ template_filter ] --END-- [ RunTime:0.000281s ]
INFO: Run Behavior\ParseTemplateBehavior [ RunTime:0.074791s ]
INFO: [ view_parse ] --END-- [ RunTime:0.075033s ]
INFO: [ view_filter ] --START--
INFO: Run Behavior\WriteHtmlCacheBehavior [ RunTime:0.000373s ]
INFO: [ view_filter ] --END-- [ RunTime:0.000524s ]
INFO: [ app_end ] --START--
INFO: Run Behavior\ShowPageTraceBehavior [ RunTime:0.000633s ]
INFO: [ app_end ] --END-- [ RunTime:0.000772s ]

[ 2015-10-27T15:52:14+08:00 ] ::1 /wyu34coin/1/index.php/Home/User/getAllRecordByDate
INFO: [ app_init ] --START--
INFO: Run Behavior\BuildLiteBehavior [ RunTime:0.000035s ]
INFO: [ app_init ] --END-- [ RunTime:0.000571s ]
INFO: [ app_begin ] --START--
INFO: Run Behavior\ReadHtmlCacheBehavior [ RunTime:0.000888s ]
INFO: [ app_begin ] --END-- [ RunTime:0.001109s ]
SQL: SHOW COLUMNS FROM `coin_record` [ RunTime:0.0040s ]
SQL: SELECT * FROM `coin_record` WHERE ( opid!="oXOWrwtvdXOTEk8_QnxxC23rQxvY" AND coindate="2015/10/26"  ) LIMIT 10   [ RunTime:0.0004s ]
SQL: SELECT * FROM `coin_record` WHERE ( opid="oXOWrwtvdXOTEk8_QnxxC23rQxvY" AND coindate="2015/10/26"  ) LIMIT 1   [ RunTime:0.0002s ]

[ 2015-10-27T16:00:24+08:00 ] ::1 /wyu34coin/1/index.php/Home/User/goldSquare?opid=oXOWrwtvdXOTEk8_QnxxC23rQxvY
INFO: [ app_init ] --START--
INFO: Run Behavior\BuildLiteBehavior [ RunTime:0.000044s ]
INFO: [ app_init ] --END-- [ RunTime:0.000786s ]
INFO: [ app_begin ] --START--
INFO: Run Behavior\ReadHtmlCacheBehavior [ RunTime:0.001103s ]
INFO: [ app_begin ] --END-- [ RunTime:0.001379s ]
INFO: [ view_parse ] --START--
INFO: [ template_filter ] --START--
INFO: Run Behavior\ContentReplaceBehavior [ RunTime:0.000136s ]
INFO: [ template_filter ] --END-- [ RunTime:0.000322s ]
INFO: Run Behavior\ParseTemplateBehavior [ RunTime:0.011266s ]
INFO: [ view_parse ] --END-- [ RunTime:0.011484s ]
INFO: [ view_filter ] --START--
INFO: Run Behavior\WriteHtmlCacheBehavior [ RunTime:0.000781s ]
INFO: [ view_filter ] --END-- [ RunTime:0.001010s ]
INFO: [ app_end ] --START--
INFO: Run Behavior\ShowPageTraceBehavior [ RunTime:0.001317s ]
INFO: [ app_end ] --END-- [ RunTime:0.001539s ]

[ 2015-10-27T16:00:35+08:00 ] ::1 /wyu34coin/1/index.php/Home/User/goldSquare?opid=oXOWrwtvdXOTEk8_QnxxC23rQxvY
INFO: [ app_init ] --START--
INFO: Run Behavior\BuildLiteBehavior [ RunTime:0.000088s ]
INFO: [ app_init ] --END-- [ RunTime:0.001473s ]
INFO: [ app_begin ] --START--
INFO: Run Behavior\ReadHtmlCacheBehavior [ RunTime:0.001861s ]
INFO: [ app_begin ] --END-- [ RunTime:0.002256s ]
INFO: [ view_parse ] --START--
INFO: [ template_filter ] --START--
INFO: Run Behavior\ContentReplaceBehavior [ RunTime:0.000269s ]
INFO: [ template_filter ] --END-- [ RunTime:0.000635s ]
INFO: Run Behavior\ParseTemplateBehavior [ RunTime:0.023798s ]
INFO: [ view_parse ] --END-- [ RunTime:0.024314s ]
INFO: [ view_filter ] --START--
INFO: Run Behavior\WriteHtmlCacheBehavior [ RunTime:0.001117s ]
INFO: [ view_filter ] --END-- [ RunTime:0.001434s ]
INFO: [ app_end ] --START--
INFO: Run Behavior\ShowPageTraceBehavior [ RunTime:0.001426s ]
INFO: [ app_end ] --END-- [ RunTime:0.001797s ]

[ 2015-10-27T16:00:35+08:00 ] ::1 /wyu34coin/1/index.php/Home/User/getAllRecordByDate
INFO: [ app_init ] --START--
INFO: Run Behavior\BuildLiteBehavior [ RunTime:0.000039s ]
INFO: [ app_init ] --END-- [ RunTime:0.000623s ]
INFO: [ app_begin ] --START--
INFO: Run Behavior\ReadHtmlCacheBehavior [ RunTime:0.000814s ]
INFO: [ app_begin ] --END-- [ RunTime:0.000966s ]
SQL: SHOW COLUMNS FROM `coin_record` [ RunTime:0.0047s ]
SQL: SELECT * FROM `coin_record` WHERE ( opid!="oXOWrwtvdXOTEk8_QnxxC23rQxvY" AND coindate="2015/10/26"  ) LIMIT 10   [ RunTime:0.0004s ]
SQL: SELECT * FROM `coin_record` WHERE ( opid="oXOWrwtvdXOTEk8_QnxxC23rQxvY" AND coindate="2015/10/26"  ) LIMIT 1   [ RunTime:0.0003s ]

[ 2015-10-27T16:01:54+08:00 ] ::1 /wyu34coin/1/index.php/Home/User/goldSquare?opid=oXOWrwtvdXOTEk8_QnxxC23rQxvY
INFO: [ app_init ] --START--
INFO: Run Behavior\BuildLiteBehavior [ RunTime:0.000069s ]
INFO: [ app_init ] --END-- [ RunTime:0.001307s ]
INFO: [ app_begin ] --START--
INFO: Run Behavior\ReadHtmlCacheBehavior [ RunTime:0.000971s ]
INFO: [ app_begin ] --END-- [ RunTime:0.001206s ]
INFO: [ view_parse ] --START--
INFO: [ template_filter ] --START--
INFO: Run Behavior\ContentReplaceBehavior [ RunTime:0.000126s ]
INFO: [ template_filter ] --END-- [ RunTime:0.000302s ]
INFO: Run Behavior\ParseTemplateBehavior [ RunTime:0.042335s ]
INFO: [ view_parse ] --END-- [ RunTime:0.042602s ]
INFO: [ view_filter ] --START--
INFO: Run Behavior\WriteHtmlCacheBehavior [ RunTime:0.000456s ]
INFO: [ view_filter ] --END-- [ RunTime:0.000607s ]
INFO: [ app_end ] --START--
INFO: Run Behavior\ShowPageTraceBehavior [ RunTime:0.001055s ]
INFO: [ app_end ] --END-- [ RunTime:0.001254s ]

[ 2015-10-27T16:01:55+08:00 ] ::1 /wyu34coin/1/index.php/Home/User/getAllRecordByDate
INFO: [ app_init ] --START--
INFO: Run Behavior\BuildLiteBehavior [ RunTime:0.000064s ]
INFO: [ app_init ] --END-- [ RunTime:0.001084s ]
INFO: [ app_begin ] --START--
INFO: Run Behavior\ReadHtmlCacheBehavior [ RunTime:0.000980s ]
INFO: [ app_begin ] --END-- [ RunTime:0.001168s ]
SQL: SHOW COLUMNS FROM `coin_record` [ RunTime:0.0061s ]
SQL: SELECT * FROM `coin_record` WHERE ( opid!="oXOWrwtvdXOTEk8_QnxxC23rQxvY" AND coindate="2015/10/26"  ) LIMIT 10   [ RunTime:0.0005s ]
SQL: SELECT * FROM `coin_record` WHERE ( opid="oXOWrwtvdXOTEk8_QnxxC23rQxvY" AND coindate="2015/10/26"  ) LIMIT 1   [ RunTime:0.0003s ]

[ 2015-10-27T16:02:10+08:00 ] ::1 /wyu34coin/1/index.php/Home/User/goldSquare?opid=oXOWrwtvdXOTEk8_QnxxC23rQxvY
INFO: [ app_init ] --START--
INFO: Run Behavior\BuildLiteBehavior [ RunTime:0.000041s ]
INFO: [ app_init ] --END-- [ RunTime:0.000724s ]
INFO: [ app_begin ] --START--
INFO: Run Behavior\ReadHtmlCacheBehavior [ RunTime:0.001005s ]
INFO: [ app_begin ] --END-- [ RunTime:0.001234s ]
INFO: [ view_parse ] --START--
INFO: [ template_filter ] --START--
INFO: Run Behavior\ContentReplaceBehavior [ RunTime:0.000185s ]
INFO: [ template_filter ] --END-- [ RunTime:0.000442s ]
INFO: Run Behavior\ParseTemplateBehavior [ RunTime:0.010634s ]
INFO: [ view_parse ] --END-- [ RunTime:0.010800s ]
INFO: [ view_filter ] --START--
INFO: Run Behavior\WriteHtmlCacheBehavior [ RunTime:0.000394s ]
INFO: [ view_filter ] --END-- [ RunTime:0.000540s ]
INFO: [ app_end ] --START--
INFO: Run Behavior\ShowPageTraceBehavior [ RunTime:0.000646s ]
INFO: [ app_end ] --END-- [ RunTime:0.000794s ]

[ 2015-10-27T16:02:10+08:00 ] ::1 /wyu34coin/1/index.php/Home/User/getAllRecordByDate
INFO: [ app_init ] --START--
INFO: Run Behavior\BuildLiteBehavior [ RunTime:0.000042s ]
INFO: [ app_init ] --END-- [ RunTime:0.000940s ]
INFO: [ app_begin ] --START--
INFO: Run Behavior\ReadHtmlCacheBehavior [ RunTime:0.000694s ]
INFO: [ app_begin ] --END-- [ RunTime:0.000846s ]
SQL: SHOW COLUMNS FROM `coin_record` [ RunTime:0.0039s ]
SQL: SELECT * FROM `coin_record` WHERE ( opid!="oXOWrwtvdXOTEk8_QnxxC23rQxvY" AND coindate="2015/10/26"  ) LIMIT 10   [ RunTime:0.0007s ]
SQL: SELECT * FROM `coin_record` WHERE ( opid="oXOWrwtvdXOTEk8_QnxxC23rQxvY" AND coindate="2015/10/26"  ) LIMIT 1   [ RunTime:0.0006s ]

[ 2015-10-27T16:02:25+08:00 ] ::1 /wyu34coin/1/index.php/Home/User/goldSquare?opid=oXOWrwtvdXOTEk8_QnxxC23rQxvY
INFO: [ app_init ] --START--
INFO: Run Behavior\BuildLiteBehavior [ RunTime:0.000040s ]
INFO: [ app_init ] --END-- [ RunTime:0.000676s ]
INFO: [ app_begin ] --START--
INFO: Run Behavior\ReadHtmlCacheBehavior [ RunTime:0.000854s ]
INFO: [ app_begin ] --END-- [ RunTime:0.001047s ]
INFO: [ view_parse ] --START--
INFO: [ template_filter ] --START--
INFO: Run Behavior\ContentReplaceBehavior [ RunTime:0.000115s ]
INFO: [ template_filter ] --END-- [ RunTime:0.000281s ]
INFO: Run Behavior\ParseTemplateBehavior [ RunTime:0.011155s ]
INFO: [ view_parse ] --END-- [ RunTime:0.011338s ]
INFO: [ view_filter ] --START--
INFO: Run Behavior\WriteHtmlCacheBehavior [ RunTime:0.000359s ]
INFO: [ view_filter ] --END-- [ RunTime:0.000485s ]
INFO: [ app_end ] --START--
INFO: Run Behavior\ShowPageTraceBehavior [ RunTime:0.000635s ]
INFO: [ app_end ] --END-- [ RunTime:0.000765s ]

[ 2015-10-27T16:02:25+08:00 ] ::1 /wyu34coin/1/index.php/Home/User/getAllRecordByDate
INFO: [ app_init ] --START--
INFO: Run Behavior\BuildLiteBehavior [ RunTime:0.000036s ]
INFO: [ app_init ] --END-- [ RunTime:0.000570s ]
INFO: [ app_begin ] --START--
INFO: Run Behavior\ReadHtmlCacheBehavior [ RunTime:0.000794s ]
INFO: [ app_begin ] --END-- [ RunTime:0.000973s ]
SQL: SHOW COLUMNS FROM `coin_record` [ RunTime:0.0047s ]
SQL: SELECT * FROM `coin_record` WHERE ( opid!="oXOWrwtvdXOTEk8_QnxxC23rQxvY" AND coindate="2015/10/26"  ) LIMIT 10   [ RunTime:0.0004s ]
SQL: SELECT * FROM `coin_record` WHERE ( opid="oXOWrwtvdXOTEk8_QnxxC23rQxvY" AND coindate="2015/10/26"  ) LIMIT 1   [ RunTime:0.0004s ]

[ 2015-10-27T16:03:16+08:00 ] ::1 /wyu34coin/1/index.php/Home/User/goldSquare?opid=oXOWrwtvdXOTEk8_QnxxC23rQxvY
INFO: [ app_init ] --START--
INFO: Run Behavior\BuildLiteBehavior [ RunTime:0.000035s ]
INFO: [ app_init ] --END-- [ RunTime:0.000643s ]
INFO: [ app_begin ] --START--
INFO: Run Behavior\ReadHtmlCacheBehavior [ RunTime:0.000809s ]
INFO: [ app_begin ] --END-- [ RunTime:0.000971s ]
INFO: [ view_parse ] --START--
INFO: [ template_filter ] --START--
INFO: Run Behavior\ContentReplaceBehavior [ RunTime:0.000116s ]
INFO: [ template_filter ] --END-- [ RunTime:0.000281s ]
INFO: Run Behavior\ParseTemplateBehavior [ RunTime:0.008876s ]
INFO: [ view_parse ] --END-- [ RunTime:0.009041s ]
INFO: [ view_filter ] --START--
INFO: Run Behavior\WriteHtmlCacheBehavior [ RunTime:0.000475s ]
INFO: [ view_filter ] --END-- [ RunTime:0.000663s ]
INFO: [ app_end ] --START--
INFO: Run Behavior\ShowPageTraceBehavior [ RunTime:0.000689s ]
INFO: [ app_end ] --END-- [ RunTime:0.000840s ]

[ 2015-10-27T16:03:18+08:00 ] ::1 /wyu34coin/1/index.php/Home/User/getAllRecordByDate
INFO: [ app_init ] --START--
INFO: Run Behavior\BuildLiteBehavior [ RunTime:0.000059s ]
INFO: [ app_init ] --END-- [ RunTime:0.000749s ]
INFO: [ app_begin ] --START--
INFO: Run Behavior\ReadHtmlCacheBehavior [ RunTime:0.001115s ]
INFO: [ app_begin ] --END-- [ RunTime:0.001330s ]
SQL: SHOW COLUMNS FROM `coin_record` [ RunTime:0.0300s ]
SQL: SELECT * FROM `coin_record` WHERE ( opid!="oXOWrwtvdXOTEk8_QnxxC23rQxvY" AND coindate="2015/10/26"  ) LIMIT 10   [ RunTime:0.0006s ]
SQL: SELECT * FROM `coin_record` WHERE ( opid="oXOWrwtvdXOTEk8_QnxxC23rQxvY" AND coindate="2015/10/26"  ) LIMIT 1   [ RunTime:0.0002s ]

[ 2015-10-27T16:04:02+08:00 ] ::1 /wyu34coin/1/index.php/Home/User/goldSquare?opid=oXOWrwtvdXOTEk8_QnxxC23rQxvY
INFO: [ app_init ] --START--
INFO: Run Behavior\BuildLiteBehavior [ RunTime:0.000041s ]
INFO: [ app_init ] --END-- [ RunTime:0.000635s ]
INFO: [ app_begin ] --START--
INFO: Run Behavior\ReadHtmlCacheBehavior [ RunTime:0.000738s ]
INFO: [ app_begin ] --END-- [ RunTime:0.000921s ]
INFO: [ view_parse ] --START--
INFO: [ template_filter ] --START--
INFO: Run Behavior\ContentReplaceBehavior [ RunTime:0.000118s ]
INFO: [ template_filter ] --END-- [ RunTime:0.000275s ]
INFO: Run Behavior\ParseTemplateBehavior [ RunTime:0.013003s ]
INFO: [ view_parse ] --END-- [ RunTime:0.013220s ]
INFO: [ view_filter ] --START--
INFO: Run Behavior\WriteHtmlCacheBehavior [ RunTime:0.000422s ]
INFO: [ view_filter ] --END-- [ RunTime:0.000582s ]
INFO: [ app_end ] --START--
INFO: Run Behavior\ShowPageTraceBehavior [ RunTime:0.000673s ]
INFO: [ app_end ] --END-- [ RunTime:0.000819s ]

[ 2015-10-27T16:04:03+08:00 ] ::1 /wyu34coin/1/index.php/Home/User/getAllRecordByDate
INFO: [ app_init ] --START--
INFO: Run Behavior\BuildLiteBehavior [ RunTime:0.000059s ]
INFO: [ app_init ] --END-- [ RunTime:0.000727s ]
INFO: [ app_begin ] --START--
INFO: Run Behavior\ReadHtmlCacheBehavior [ RunTime:0.000727s ]
INFO: [ app_begin ] --END-- [ RunTime:0.000870s ]
SQL: SHOW COLUMNS FROM `coin_record` [ RunTime:0.0033s ]
SQL: SELECT * FROM `coin_record` WHERE ( opid!="oXOWrwtvdXOTEk8_QnxxC23rQxvY" AND coindate="2015/10/26"  ) LIMIT 10   [ RunTime:0.0004s ]
SQL: SELECT * FROM `coin_record` WHERE ( opid="oXOWrwtvdXOTEk8_QnxxC23rQxvY" AND coindate="2015/10/26"  ) LIMIT 1   [ RunTime:0.0003s ]

[ 2015-10-27T16:04:28+08:00 ] ::1 /wyu34coin/1/index.php/Home/User/homePage?opid=oXOWrwtvdXOTEk8_QnxxC23rQxvY
INFO: [ app_init ] --START--
INFO: Run Behavior\BuildLiteBehavior [ RunTime:0.000041s ]
INFO: [ app_init ] --END-- [ RunTime:0.000693s ]
INFO: [ app_begin ] --START--
INFO: Run Behavior\ReadHtmlCacheBehavior [ RunTime:0.000737s ]
INFO: [ app_begin ] --END-- [ RunTime:0.000917s ]
SQL: SHOW COLUMNS FROM `coin_user` [ RunTime:0.0047s ]
SQL: SELECT * FROM `coin_user` WHERE `opid` = 'oXOWrwtvdXOTEk8_QnxxC23rQxvY' LIMIT 1   [ RunTime:0.0004s ]
INFO: [ view_parse ] --START--
INFO: [ template_filter ] --START--
INFO: Run Behavior\ContentReplaceBehavior [ RunTime:0.000143s ]
INFO: [ template_filter ] --END-- [ RunTime:0.000334s ]
INFO: Run Behavior\ParseTemplateBehavior [ RunTime:0.014296s ]
INFO: [ view_parse ] --END-- [ RunTime:0.014490s ]
INFO: [ view_filter ] --START--
INFO: Run Behavior\WriteHtmlCacheBehavior [ RunTime:0.000595s ]
INFO: [ view_filter ] --END-- [ RunTime:0.000775s ]
INFO: [ app_end ] --START--
INFO: Run Behavior\ShowPageTraceBehavior [ RunTime:0.000863s ]
INFO: [ app_end ] --END-- [ RunTime:0.001024s ]

[ 2015-10-27T16:04:28+08:00 ] ::1 /wyu34coin/1/index.php/Home/Public/code
INFO: [ app_init ] --START--
INFO: Run Behavior\BuildLiteBehavior [ RunTime:0.000063s ]
INFO: [ app_init ] --END-- [ RunTime:0.000856s ]
INFO: [ app_begin ] --START--
INFO: Run Behavior\ReadHtmlCacheBehavior [ RunTime:0.001073s ]
INFO: [ app_begin ] --END-- [ RunTime:0.001370s ]
INFO: [ app_end ] --START--
INFO: Run Behavior\ShowPageTraceBehavior [ RunTime:0.001117s ]
INFO: [ app_end ] --END-- [ RunTime:0.001417s ]

[ 2015-10-27T16:04:29+08:00 ] ::1 /wyu34coin/1/index.php/Home/User/dayRecord?opid=oXOWrwtvdXOTEk8_QnxxC23rQxvY
INFO: [ app_init ] --START--
INFO: Run Behavior\BuildLiteBehavior [ RunTime:0.000047s ]
INFO: [ app_init ] --END-- [ RunTime:0.000757s ]
INFO: [ app_begin ] --START--
INFO: Run Behavior\ReadHtmlCacheBehavior [ RunTime:0.000824s ]
INFO: [ app_begin ] --END-- [ RunTime:0.001023s ]
SQL: SHOW COLUMNS FROM `coin_record` [ RunTime:0.0035s ]
SQL: SELECT * FROM `coin_record` WHERE `coinDate` = '2015/10/27' AND `opid` = 'oXOWrwtvdXOTEk8_QnxxC23rQxvY' LIMIT 1   [ RunTime:0.0004s ]
INFO: [ view_parse ] --START--
INFO: [ template_filter ] --START--
INFO: Run Behavior\ContentReplaceBehavior [ RunTime:0.000134s ]
INFO: [ template_filter ] --END-- [ RunTime:0.000289s ]
INFO: Run Behavior\ParseTemplateBehavior [ RunTime:0.009759s ]
INFO: [ view_parse ] --END-- [ RunTime:0.009917s ]
INFO: [ view_filter ] --START--
INFO: Run Behavior\WriteHtmlCacheBehavior [ RunTime:0.000397s ]
INFO: [ view_filter ] --END-- [ RunTime:0.000526s ]
INFO: [ app_end ] --START--
INFO: Run Behavior\ShowPageTraceBehavior [ RunTime:0.000617s ]
INFO: [ app_end ] --END-- [ RunTime:0.000761s ]

[ 2015-10-27T16:04:29+08:00 ] ::1 /wyu34coin/1/index.php/Home/User/getRecordByDate
INFO: [ app_init ] --START--
INFO: Run Behavior\BuildLiteBehavior [ RunTime:0.000075s ]
INFO: [ app_init ] --END-- [ RunTime:0.001039s ]
INFO: [ app_begin ] --START--
INFO: Run Behavior\ReadHtmlCacheBehavior [ RunTime:0.000921s ]
INFO: [ app_begin ] --END-- [ RunTime:0.001184s ]
SQL: SHOW COLUMNS FROM `coin_record` [ RunTime:0.0041s ]
SQL: SELECT * FROM `coin_record` WHERE `opid` = 'oXOWrwtvdXOTEk8_QnxxC23rQxvY' AND `coinDate` = '2015/10/27' LIMIT 1   [ RunTime:0.0006s ]

[ 2015-10-27T16:04:29+08:00 ] ::1 /wyu34coin/1/index.php/Home/User/getCoinInformationByJson
INFO: [ app_init ] --START--
INFO: Run Behavior\BuildLiteBehavior [ RunTime:0.000578s ]
INFO: [ app_init ] --END-- [ RunTime:0.001452s ]
INFO: [ app_begin ] --START--
INFO: Run Behavior\ReadHtmlCacheBehavior [ RunTime:0.001134s ]
INFO: [ app_begin ] --END-- [ RunTime:0.001391s ]
SQL: SHOW COLUMNS FROM `coin_information` [ RunTime:0.0071s ]
SQL: SELECT * FROM `coin_information` WHERE `opid` = 'oXOWrwtvdXOTEk8_QnxxC23rQxvY' AND `date` = '2015/10/27' ORDER BY coinNum asc  [ RunTime:0.0008s ]

[ 2015-10-27T16:06:10+08:00 ] ::1 /wyu34coin/1/index.php/Home/User/homePage?opid=oXOWrwtvdXOTEk8_QnxxC23rQxvY
INFO: [ app_init ] --START--
INFO: Run Behavior\BuildLiteBehavior [ RunTime:0.000036s ]
INFO: [ app_init ] --END-- [ RunTime:0.000607s ]
INFO: [ app_begin ] --START--
INFO: Run Behavior\ReadHtmlCacheBehavior [ RunTime:0.000682s ]
INFO: [ app_begin ] --END-- [ RunTime:0.000838s ]
SQL: SHOW COLUMNS FROM `coin_user` [ RunTime:0.0037s ]
SQL: SELECT * FROM `coin_user` WHERE `opid` = 'oXOWrwtvdXOTEk8_QnxxC23rQxvY' LIMIT 1   [ RunTime:0.0004s ]
INFO: [ view_parse ] --START--
INFO: [ template_filter ] --START--
INFO: Run Behavior\ContentReplaceBehavior [ RunTime:0.000119s ]
INFO: [ template_filter ] --END-- [ RunTime:0.000301s ]
INFO: Run Behavior\ParseTemplateBehavior [ RunTime:0.012583s ]
INFO: [ view_parse ] --END-- [ RunTime:0.012769s ]
INFO: [ view_filter ] --START--
INFO: Run Behavior\WriteHtmlCacheBehavior [ RunTime:0.000518s ]
INFO: [ view_filter ] --END-- [ RunTime:0.000668s ]
INFO: [ app_end ] --START--
INFO: Run Behavior\ShowPageTraceBehavior [ RunTime:0.000801s ]
INFO: [ app_end ] --END-- [ RunTime:0.000950s ]

[ 2015-10-27T16:06:10+08:00 ] ::1 /wyu34coin/1/index.php/Home/Public/code
INFO: [ app_init ] --START--
INFO: Run Behavior\BuildLiteBehavior [ RunTime:0.000062s ]
INFO: [ app_init ] --END-- [ RunTime:0.000915s ]
INFO: [ app_begin ] --START--
INFO: Run Behavior\ReadHtmlCacheBehavior [ RunTime:0.001026s ]
INFO: [ app_begin ] --END-- [ RunTime:0.001330s ]
INFO: [ app_end ] --START--
INFO: Run Behavior\ShowPageTraceBehavior [ RunTime:0.001066s ]
INFO: [ app_end ] --END-- [ RunTime:0.001315s ]

[ 2015-10-27T16:06:11+08:00 ] ::1 /wyu34coin/1/index.php/Home/User/goldSquare?opid=oXOWrwtvdXOTEk8_QnxxC23rQxvY
INFO: [ app_init ] --START--
INFO: Run Behavior\BuildLiteBehavior [ RunTime:0.000042s ]
INFO: [ app_init ] --END-- [ RunTime:0.000732s ]
INFO: [ app_begin ] --START--
INFO: Run Behavior\ReadHtmlCacheBehavior [ RunTime:0.000682s ]
INFO: [ app_begin ] --END-- [ RunTime:0.000839s ]
INFO: [ view_parse ] --START--
INFO: [ template_filter ] --START--
INFO: Run Behavior\ContentReplaceBehavior [ RunTime:0.000116s ]
INFO: [ template_filter ] --END-- [ RunTime:0.000304s ]
INFO: Run Behavior\ParseTemplateBehavior [ RunTime:0.009854s ]
INFO: [ view_parse ] --END-- [ RunTime:0.010055s ]
INFO: [ view_filter ] --START--
INFO: Run Behavior\WriteHtmlCacheBehavior [ RunTime:0.000399s ]
INFO: [ view_filter ] --END-- [ RunTime:0.000540s ]
INFO: [ app_end ] --START--
INFO: Run Behavior\ShowPageTraceBehavior [ RunTime:0.000675s ]
INFO: [ app_end ] --END-- [ RunTime:0.000826s ]

[ 2015-10-27T16:06:11+08:00 ] ::1 /wyu34coin/1/index.php/Home/User/getAllRecordByDate
INFO: [ app_init ] --START--
INFO: Run Behavior\BuildLiteBehavior [ RunTime:0.000038s ]
INFO: [ app_init ] --END-- [ RunTime:0.000620s ]
INFO: [ app_begin ] --START--
INFO: Run Behavior\ReadHtmlCacheBehavior [ RunTime:0.000701s ]
INFO: [ app_begin ] --END-- [ RunTime:0.000847s ]
SQL: SHOW COLUMNS FROM `coin_record` [ RunTime:0.0046s ]
SQL: SELECT * FROM `coin_record` WHERE ( opid!="oXOWrwtvdXOTEk8_QnxxC23rQxvY" AND coindate="2015/10/26"  ) LIMIT 10   [ RunTime:0.0004s ]
SQL: SELECT * FROM `coin_record` WHERE ( opid="oXOWrwtvdXOTEk8_QnxxC23rQxvY" AND coindate="2015/10/26"  ) LIMIT 1   [ RunTime:0.0004s ]

[ 2015-10-27T16:17:06+08:00 ] ::1 /wyu34coin/1/index.php/Home/User/goldSquare?opid=oXOWrwtvdXOTEk8_QnxxC23rQxvY
INFO: [ app_init ] --START--
INFO: Run Behavior\BuildLiteBehavior [ RunTime:0.000045s ]
INFO: [ app_init ] --END-- [ RunTime:0.000601s ]
INFO: [ app_begin ] --START--
INFO: Run Behavior\ReadHtmlCacheBehavior [ RunTime:0.000785s ]
INFO: [ app_begin ] --END-- [ RunTime:0.000945s ]
INFO: [ view_parse ] --START--
INFO: [ template_filter ] --START--
INFO: Run Behavior\ContentReplaceBehavior [ RunTime:0.000115s ]
INFO: [ template_filter ] --END-- [ RunTime:0.000281s ]
INFO: Run Behavior\ParseTemplateBehavior [ RunTime:0.009381s ]
INFO: [ view_parse ] --END-- [ RunTime:0.009659s ]
INFO: [ view_filter ] --START--
INFO: Run Behavior\WriteHtmlCacheBehavior [ RunTime:0.000419s ]
INFO: [ view_filter ] --END-- [ RunTime:0.000556s ]
INFO: [ app_end ] --START--
INFO: Run Behavior\ShowPageTraceBehavior [ RunTime:0.000660s ]
INFO: [ app_end ] --END-- [ RunTime:0.000854s ]

[ 2015-10-27T16:17:13+08:00 ] ::1 /wyu34coin/1/index.php/Home/User/getAllRecordByDate
INFO: [ app_init ] --START--
INFO: Run Behavior\BuildLiteBehavior [ RunTime:0.000064s ]
INFO: [ app_init ] --END-- [ RunTime:0.001040s ]
INFO: [ app_begin ] --START--
INFO: Run Behavior\ReadHtmlCacheBehavior [ RunTime:0.000784s ]
INFO: [ app_begin ] --END-- [ RunTime:0.000941s ]
SQL: SHOW COLUMNS FROM `coin_record` [ RunTime:0.0076s ]
SQL: SELECT * FROM `coin_record` WHERE ( opid!="oXOWrwtvdXOTEk8_QnxxC23rQxvY" AND coindate="2015/10/26"  ) LIMIT 10   [ RunTime:0.0013s ]
SQL: SELECT * FROM `coin_record` WHERE ( opid="oXOWrwtvdXOTEk8_QnxxC23rQxvY" AND coindate="2015/10/26"  ) LIMIT 1   [ RunTime:0.0013s ]

[ 2015-10-27T16:17:23+08:00 ] ::1 /wyu34coin/1/index.php/Home/User/goldSquare?opid=oXOWrwtvdXOTEk8_QnxxC23rQxvY
INFO: [ app_init ] --START--
INFO: Run Behavior\BuildLiteBehavior [ RunTime:0.000041s ]
INFO: [ app_init ] --END-- [ RunTime:0.000752s ]
INFO: [ app_begin ] --START--
INFO: Run Behavior\ReadHtmlCacheBehavior [ RunTime:0.001034s ]
INFO: [ app_begin ] --END-- [ RunTime:0.001295s ]
INFO: [ view_parse ] --START--
INFO: [ template_filter ] --START--
INFO: Run Behavior\ContentReplaceBehavior [ RunTime:0.000151s ]
INFO: [ template_filter ] --END-- [ RunTime:0.000302s ]
INFO: Run Behavior\ParseTemplateBehavior [ RunTime:0.010537s ]
INFO: [ view_parse ] --END-- [ RunTime:0.010793s ]
INFO: [ view_filter ] --START--
INFO: Run Behavior\WriteHtmlCacheBehavior [ RunTime:0.000525s ]
INFO: [ view_filter ] --END-- [ RunTime:0.000725s ]
INFO: [ app_end ] --START--
INFO: Run Behavior\ShowPageTraceBehavior [ RunTime:0.001104s ]
INFO: [ app_end ] --END-- [ RunTime:0.001329s ]

[ 2015-10-27T16:17:23+08:00 ] ::1 /wyu34coin/1/index.php/Home/User/getAllRecordByDate
INFO: [ app_init ] --START--
INFO: Run Behavior\BuildLiteBehavior [ RunTime:0.000035s ]
INFO: [ app_init ] --END-- [ RunTime:0.000596s ]
INFO: [ app_begin ] --START--
INFO: Run Behavior\ReadHtmlCacheBehavior [ RunTime:0.000730s ]
INFO: [ app_begin ] --END-- [ RunTime:0.000882s ]
SQL: SHOW COLUMNS FROM `coin_record` [ RunTime:0.0045s ]
SQL: SELECT * FROM `coin_record` WHERE ( opid!="oXOWrwtvdXOTEk8_QnxxC23rQxvY" AND coindate="2015/10/26"  ) LIMIT 10   [ RunTime:0.0004s ]
SQL: SELECT * FROM `coin_record` WHERE ( opid="oXOWrwtvdXOTEk8_QnxxC23rQxvY" AND coindate="2015/10/26"  ) LIMIT 1   [ RunTime:0.0003s ]

