[ 2015-10-22T12:59:31+08:00 ] ::1 /wyu34coin/1/index.php/Home/User/homePage?opid=oXOWrwtvdXOTEk8_QnxxC23rQxvY
INFO: [ app_init ] --START--
INFO: Run Behavior\BuildLiteBehavior [ RunTime:0.000054s ]
INFO: [ app_init ] --END-- [ RunTime:0.082134s ]
INFO: [ app_begin ] --START--
INFO: Run Behavior\ReadHtmlCacheBehavior [ RunTime:0.001037s ]
INFO: [ app_begin ] --END-- [ RunTime:0.001211s ]
SQL: SHOW COLUMNS FROM `coin_user` [ RunTime:0.6609s ]
SQL: SELECT * FROM `coin_user` WHERE `opid` = 'oXOWrwtvdXOTEk8_QnxxC23rQxvY' LIMIT 1   [ RunTime:0.2400s ]
INFO: [ view_parse ] --START--
INFO: [ template_filter ] --START--
INFO: Run Behavior\ContentReplaceBehavior [ RunTime:0.000476s ]
INFO: [ template_filter ] --END-- [ RunTime:0.001021s ]
INFO: Run Behavior\ParseTemplateBehavior [ RunTime:0.654024s ]
INFO: [ view_parse ] --END-- [ RunTime:0.654967s ]
INFO: [ view_filter ] --START--
INFO: Run Behavior\WriteHtmlCacheBehavior [ RunTime:0.003259s ]
INFO: [ view_filter ] --END-- [ RunTime:0.003874s ]
INFO: [ app_end ] --START--
INFO: Run Behavior\ShowPageTraceBehavior [ RunTime:0.002166s ]
INFO: [ app_end ] --END-- [ RunTime:0.002533s ]

[ 2015-10-22T12:59:33+08:00 ] ::1 /wyu34coin/1/index.php/Home/Public/code
INFO: [ app_init ] --START--
INFO: Run Behavior\BuildLiteBehavior [ RunTime:0.000058s ]
INFO: [ app_init ] --END-- [ RunTime:0.001076s ]
INFO: [ app_begin ] --START--
INFO: Run Behavior\ReadHtmlCacheBehavior [ RunTime:0.001560s ]
INFO: [ app_begin ] --END-- [ RunTime:0.001833s ]
INFO: [ app_end ] --START--
INFO: Run Behavior\ShowPageTraceBehavior [ RunTime:0.002784s ]
INFO: [ app_end ] --END-- [ RunTime:0.003400s ]

[ 2015-10-22T12:59:46+08:00 ] ::1 /wyu34coin/1/index.php/Home/User/homePage?opid=oXOWrwtvdXOTEk8_QnxxC23rQxvY
INFO: [ app_init ] --START--
INFO: Run Behavior\BuildLiteBehavior [ RunTime:0.000041s ]
INFO: [ app_init ] --END-- [ RunTime:0.000760s ]
INFO: [ app_begin ] --START--
INFO: Run Behavior\ReadHtmlCacheBehavior [ RunTime:0.001111s ]
INFO: [ app_begin ] --END-- [ RunTime:0.001308s ]
SQL: SHOW COLUMNS FROM `coin_user` [ RunTime:0.0040s ]
SQL: SELECT * FROM `coin_user` WHERE `opid` = 'oXOWrwtvdXOTEk8_QnxxC23rQxvY' LIMIT 1   [ RunTime:0.0004s ]
INFO: [ view_parse ] --START--
INFO: [ template_filter ] --START--
INFO: Run Behavior\ContentReplaceBehavior [ RunTime:0.000115s ]
INFO: [ template_filter ] --END-- [ RunTime:0.000260s ]
INFO: Run Behavior\ParseTemplateBehavior [ RunTime:0.013594s ]
INFO: [ view_parse ] --END-- [ RunTime:0.013765s ]
INFO: [ view_filter ] --START--
INFO: Run Behavior\WriteHtmlCacheBehavior [ RunTime:0.000654s ]
INFO: [ view_filter ] --END-- [ RunTime:0.000817s ]
INFO: [ app_end ] --START--
INFO: Run Behavior\ShowPageTraceBehavior [ RunTime:0.000901s ]
INFO: [ app_end ] --END-- [ RunTime:0.001044s ]

[ 2015-10-22T12:59:47+08:00 ] ::1 /wyu34coin/1/index.php/Home/Public/code
INFO: [ app_init ] --START--
INFO: Run Behavior\BuildLiteBehavior [ RunTime:0.000119s ]
INFO: [ app_init ] --END-- [ RunTime:0.001399s ]
INFO: [ app_begin ] --START--
INFO: Run Behavior\ReadHtmlCacheBehavior [ RunTime:0.000924s ]
INFO: [ app_begin ] --END-- [ RunTime:0.001130s ]
INFO: [ app_end ] --START--
INFO: Run Behavior\ShowPageTraceBehavior [ RunTime:0.000914s ]
INFO: [ app_end ] --END-- [ RunTime:0.001081s ]

[ 2015-10-22T12:59:49+08:00 ] ::1 /wyu34coin/1/index.php/Home/User/goldSquare?opid=oXOWrwtvdXOTEk8_QnxxC23rQxvY
INFO: [ app_init ] --START--
INFO: Run Behavior\BuildLiteBehavior [ RunTime:0.000057s ]
INFO: [ app_init ] --END-- [ RunTime:0.000892s ]
INFO: [ app_begin ] --START--
INFO: Run Behavior\ReadHtmlCacheBehavior [ RunTime:0.000857s ]
INFO: [ app_begin ] --END-- [ RunTime:0.001050s ]
INFO: [ view_parse ] --START--
INFO: [ template_filter ] --START--
INFO: Run Behavior\ContentReplaceBehavior [ RunTime:0.000146s ]
INFO: [ template_filter ] --END-- [ RunTime:0.000339s ]
NOTIC: [8] Undefined variable: sid G:\wamp\www\wyu34coin\1\Application\Runtime\Cache\Home\da0dddd825128b08a095ea0160090ffd.php 第 239 行.
INFO: Run Behavior\ParseTemplateBehavior [ RunTime:0.033927s ]
INFO: [ view_parse ] --END-- [ RunTime:0.034103s ]
INFO: [ view_filter ] --START--
INFO: Run Behavior\WriteHtmlCacheBehavior [ RunTime:0.000714s ]
INFO: [ view_filter ] --END-- [ RunTime:0.000874s ]
INFO: [ app_end ] --START--
INFO: Run Behavior\ShowPageTraceBehavior [ RunTime:0.000746s ]
INFO: [ app_end ] --END-- [ RunTime:0.000903s ]

[ 2015-10-22T12:59:50+08:00 ] ::1 /wyu34coin/1/index.php/Home/User/getAllRecordByDate
INFO: [ app_init ] --START--
INFO: Run Behavior\BuildLiteBehavior [ RunTime:0.000080s ]
INFO: [ app_init ] --END-- [ RunTime:0.001471s ]
INFO: [ app_begin ] --START--
INFO: Run Behavior\ReadHtmlCacheBehavior [ RunTime:0.000946s ]
INFO: [ app_begin ] --END-- [ RunTime:0.001144s ]
SQL: SHOW COLUMNS FROM `coin_record` [ RunTime:0.0570s ]
SQL: SELECT * FROM `coin_record` WHERE ( opid!="oXOWrwtvdXOTEk8_QnxxC23rQxvY" AND coindate="2015/10/21"  ) LIMIT 10   [ RunTime:0.0929s ]
SQL: SELECT * FROM `coin_record` WHERE ( opid="oXOWrwtvdXOTEk8_QnxxC23rQxvY" AND coindate="2015/10/21"  ) LIMIT 1   [ RunTime:0.0004s ]

[ 2015-10-22T13:00:15+08:00 ] ::1 /wyu34coin/1/index.php/Home/User/goldSquare?opid=oXOWrwtvdXOTEk8_QnxxC23rQxvY
INFO: [ app_init ] --START--
INFO: Run Behavior\BuildLiteBehavior [ RunTime:0.000127s ]
INFO: [ app_init ] --END-- [ RunTime:0.001734s ]
INFO: [ app_begin ] --START--
INFO: Run Behavior\ReadHtmlCacheBehavior [ RunTime:0.000812s ]
INFO: [ app_begin ] --END-- [ RunTime:0.000980s ]
INFO: [ view_parse ] --START--
INFO: [ template_filter ] --START--
INFO: Run Behavior\ContentReplaceBehavior [ RunTime:0.000120s ]
INFO: [ template_filter ] --END-- [ RunTime:0.000296s ]
NOTIC: [8] Undefined variable: sid G:\wamp\www\wyu34coin\1\Application\Runtime\Cache\Home\da0dddd825128b08a095ea0160090ffd.php 第 239 行.
INFO: Run Behavior\ParseTemplateBehavior [ RunTime:0.010000s ]
INFO: [ view_parse ] --END-- [ RunTime:0.010175s ]
INFO: [ view_filter ] --START--
INFO: Run Behavior\WriteHtmlCacheBehavior [ RunTime:0.000489s ]
INFO: [ view_filter ] --END-- [ RunTime:0.000628s ]
INFO: [ app_end ] --START--
INFO: Run Behavior\ShowPageTraceBehavior [ RunTime:0.000696s ]
INFO: [ app_end ] --END-- [ RunTime:0.000834s ]

[ 2015-10-22T13:00:15+08:00 ] ::1 /wyu34coin/1/index.php/Home/User/getAllRecordByDate
INFO: [ app_init ] --START--
INFO: Run Behavior\BuildLiteBehavior [ RunTime:0.000067s ]
INFO: [ app_init ] --END-- [ RunTime:0.001153s ]
INFO: [ app_begin ] --START--
INFO: Run Behavior\ReadHtmlCacheBehavior [ RunTime:0.001140s ]
INFO: [ app_begin ] --END-- [ RunTime:0.001402s ]
SQL: SHOW COLUMNS FROM `coin_record` [ RunTime:0.0066s ]
SQL: SELECT * FROM `coin_record` WHERE ( opid!="oXOWrwtvdXOTEk8_QnxxC23rQxvY" AND coindate="2015/10/21"  ) LIMIT 10   [ RunTime:0.0010s ]
SQL: SELECT * FROM `coin_record` WHERE ( opid="oXOWrwtvdXOTEk8_QnxxC23rQxvY" AND coindate="2015/10/21"  ) LIMIT 1   [ RunTime:0.0003s ]

[ 2015-10-22T13:00:53+08:00 ] ::1 /wyu34coin/1/index.php/Home/User/goldSquare?opid=oXOWrwtvdXOTEk8_QnxxC23rQxvY
INFO: [ app_init ] --START--
INFO: Run Behavior\BuildLiteBehavior [ RunTime:0.000036s ]
INFO: [ app_init ] --END-- [ RunTime:0.000581s ]
INFO: [ app_begin ] --START--
INFO: Run Behavior\ReadHtmlCacheBehavior [ RunTime:0.001039s ]
INFO: [ app_begin ] --END-- [ RunTime:0.001327s ]
INFO: [ view_parse ] --START--
INFO: [ template_filter ] --START--
INFO: Run Behavior\ContentReplaceBehavior [ RunTime:0.000112s ]
INFO: [ template_filter ] --END-- [ RunTime:0.000288s ]
NOTIC: [8] Undefined variable: sid G:\wamp\www\wyu34coin\1\Application\Runtime\Cache\Home\da0dddd825128b08a095ea0160090ffd.php 第 239 行.
INFO: Run Behavior\ParseTemplateBehavior [ RunTime:0.010032s ]
INFO: [ view_parse ] --END-- [ RunTime:0.010245s ]
INFO: [ view_filter ] --START--
INFO: Run Behavior\WriteHtmlCacheBehavior [ RunTime:0.000791s ]
INFO: [ view_filter ] --END-- [ RunTime:0.001128s ]
INFO: [ app_end ] --START--
INFO: Run Behavior\ShowPageTraceBehavior [ RunTime:0.001196s ]
INFO: [ app_end ] --END-- [ RunTime:0.001483s ]

[ 2015-10-22T13:00:53+08:00 ] ::1 /wyu34coin/1/index.php/Home/User/getAllRecordByDate
INFO: [ app_init ] --START--
INFO: Run Behavior\BuildLiteBehavior [ RunTime:0.000041s ]
INFO: [ app_init ] --END-- [ RunTime:0.001047s ]
INFO: [ app_begin ] --START--
INFO: Run Behavior\ReadHtmlCacheBehavior [ RunTime:0.001447s ]
INFO: [ app_begin ] --END-- [ RunTime:0.001678s ]
SQL: SHOW COLUMNS FROM `coin_record` [ RunTime:0.0127s ]
SQL: SELECT * FROM `coin_record` WHERE ( opid!="oXOWrwtvdXOTEk8_QnxxC23rQxvY" AND coindate="2015/10/21"  ) LIMIT 10   [ RunTime:0.0004s ]
SQL: SELECT * FROM `coin_record` WHERE ( opid="oXOWrwtvdXOTEk8_QnxxC23rQxvY" AND coindate="2015/10/21"  ) LIMIT 1   [ RunTime:0.0003s ]

[ 2015-10-22T13:01:06+08:00 ] ::1 /wyu34coin/1/index.php/Home/User/goldSquare?opid=oXOWrwtvdXOTEk8_QnxxC23rQxvY
INFO: [ app_init ] --START--
INFO: Run Behavior\BuildLiteBehavior [ RunTime:0.000040s ]
INFO: [ app_init ] --END-- [ RunTime:0.001091s ]
INFO: [ app_begin ] --START--
INFO: Run Behavior\ReadHtmlCacheBehavior [ RunTime:0.001541s ]
INFO: [ app_begin ] --END-- [ RunTime:0.001876s ]
INFO: [ view_parse ] --START--
INFO: [ template_filter ] --START--
INFO: Run Behavior\ContentReplaceBehavior [ RunTime:0.000206s ]
INFO: [ template_filter ] --END-- [ RunTime:0.000515s ]
NOTIC: [8] Undefined variable: sid G:\wamp\www\wyu34coin\1\Application\Runtime\Cache\Home\da0dddd825128b08a095ea0160090ffd.php 第 239 行.
INFO: Run Behavior\ParseTemplateBehavior [ RunTime:0.011182s ]
INFO: [ view_parse ] --END-- [ RunTime:0.011328s ]
INFO: [ view_filter ] --START--
INFO: Run Behavior\WriteHtmlCacheBehavior [ RunTime:0.000610s ]
INFO: [ view_filter ] --END-- [ RunTime:0.000741s ]
INFO: [ app_end ] --START--
INFO: Run Behavior\ShowPageTraceBehavior [ RunTime:0.000865s ]
INFO: [ app_end ] --END-- [ RunTime:0.001007s ]

[ 2015-10-22T13:01:07+08:00 ] ::1 /wyu34coin/1/index.php/Home/User/getAllRecordByDate
INFO: [ app_init ] --START--
INFO: Run Behavior\BuildLiteBehavior [ RunTime:0.000038s ]
INFO: [ app_init ] --END-- [ RunTime:0.000720s ]
INFO: [ app_begin ] --START--
INFO: Run Behavior\ReadHtmlCacheBehavior [ RunTime:0.000825s ]
INFO: [ app_begin ] --END-- [ RunTime:0.000974s ]
SQL: SHOW COLUMNS FROM `coin_record` [ RunTime:0.0052s ]
SQL: SELECT * FROM `coin_record` WHERE ( opid!="oXOWrwtvdXOTEk8_QnxxC23rQxvY" AND coindate="2015/10/21"  ) LIMIT 10   [ RunTime:0.0004s ]
SQL: SELECT * FROM `coin_record` WHERE ( opid="oXOWrwtvdXOTEk8_QnxxC23rQxvY" AND coindate="2015/10/21"  ) LIMIT 1   [ RunTime:0.0003s ]

[ 2015-10-22T13:02:30+08:00 ] ::1 /wyu34coin/1/index.php/Home/User/goldSquare?opid=oXOWrwtvdXOTEk8_QnxxC23rQxvY
INFO: [ app_init ] --START--
INFO: Run Behavior\BuildLiteBehavior [ RunTime:0.000041s ]
INFO: [ app_init ] --END-- [ RunTime:0.000795s ]
INFO: [ app_begin ] --START--
INFO: Run Behavior\ReadHtmlCacheBehavior [ RunTime:0.000864s ]
INFO: [ app_begin ] --END-- [ RunTime:0.001073s ]
INFO: [ view_parse ] --START--
INFO: [ template_filter ] --START--
INFO: Run Behavior\ContentReplaceBehavior [ RunTime:0.000113s ]
INFO: [ template_filter ] --END-- [ RunTime:0.000261s ]
NOTIC: [8] Undefined variable: sid G:\wamp\www\wyu34coin\1\Application\Runtime\Cache\Home\da0dddd825128b08a095ea0160090ffd.php 第 239 行.
INFO: Run Behavior\ParseTemplateBehavior [ RunTime:0.010765s ]
INFO: [ view_parse ] --END-- [ RunTime:0.010918s ]
INFO: [ view_filter ] --START--
INFO: Run Behavior\WriteHtmlCacheBehavior [ RunTime:0.000637s ]
INFO: [ view_filter ] --END-- [ RunTime:0.000784s ]
INFO: [ app_end ] --START--
INFO: Run Behavior\ShowPageTraceBehavior [ RunTime:0.000865s ]
INFO: [ app_end ] --END-- [ RunTime:0.001048s ]

[ 2015-10-22T13:02:30+08:00 ] ::1 /wyu34coin/1/index.php/Home/User/getAllRecordByDate
INFO: [ app_init ] --START--
INFO: Run Behavior\BuildLiteBehavior [ RunTime:0.000037s ]
INFO: [ app_init ] --END-- [ RunTime:0.000638s ]
INFO: [ app_begin ] --START--
INFO: Run Behavior\ReadHtmlCacheBehavior [ RunTime:0.001241s ]
INFO: [ app_begin ] --END-- [ RunTime:0.001448s ]
SQL: SHOW COLUMNS FROM `coin_record` [ RunTime:0.0614s ]
SQL: SELECT * FROM `coin_record` WHERE ( opid!="oXOWrwtvdXOTEk8_QnxxC23rQxvY" AND coindate="2015/10/21"  ) LIMIT 10   [ RunTime:0.0004s ]
SQL: SELECT * FROM `coin_record` WHERE ( opid="oXOWrwtvdXOTEk8_QnxxC23rQxvY" AND coindate="2015/10/21"  ) LIMIT 1   [ RunTime:0.0004s ]

[ 2015-10-22T13:03:17+08:00 ] ::1 /wyu34coin/1/index.php/Home/User/goldSquare?opid=oXOWrwtvdXOTEk8_QnxxC23rQxvY
INFO: [ app_init ] --START--
INFO: Run Behavior\BuildLiteBehavior [ RunTime:0.000040s ]
INFO: [ app_init ] --END-- [ RunTime:0.000711s ]
INFO: [ app_begin ] --START--
INFO: Run Behavior\ReadHtmlCacheBehavior [ RunTime:0.001255s ]
INFO: [ app_begin ] --END-- [ RunTime:0.001491s ]
INFO: [ view_parse ] --START--
INFO: [ template_filter ] --START--
INFO: Run Behavior\ContentReplaceBehavior [ RunTime:0.000115s ]
INFO: [ template_filter ] --END-- [ RunTime:0.000261s ]
NOTIC: [8] Undefined variable: sid G:\wamp\www\wyu34coin\1\Application\Runtime\Cache\Home\da0dddd825128b08a095ea0160090ffd.php 第 239 行.
INFO: Run Behavior\ParseTemplateBehavior [ RunTime:0.010591s ]
INFO: [ view_parse ] --END-- [ RunTime:0.010743s ]
INFO: [ view_filter ] --START--
INFO: Run Behavior\WriteHtmlCacheBehavior [ RunTime:0.000772s ]
INFO: [ view_filter ] --END-- [ RunTime:0.000940s ]
INFO: [ app_end ] --START--
INFO: Run Behavior\ShowPageTraceBehavior [ RunTime:0.001267s ]
INFO: [ app_end ] --END-- [ RunTime:0.001414s ]

[ 2015-10-22T13:03:18+08:00 ] ::1 /wyu34coin/1/index.php/Home/User/getAllRecordByDate
INFO: [ app_init ] --START--
INFO: Run Behavior\BuildLiteBehavior [ RunTime:0.000037s ]
INFO: [ app_init ] --END-- [ RunTime:0.000578s ]
INFO: [ app_begin ] --START--
INFO: Run Behavior\ReadHtmlCacheBehavior [ RunTime:0.000693s ]
INFO: [ app_begin ] --END-- [ RunTime:0.000840s ]
SQL: SHOW COLUMNS FROM `coin_record` [ RunTime:0.0042s ]
SQL: SELECT * FROM `coin_record` WHERE ( opid!="oXOWrwtvdXOTEk8_QnxxC23rQxvY" AND coindate="2015/10/21"  ) LIMIT 10   [ RunTime:0.0005s ]
SQL: SELECT * FROM `coin_record` WHERE ( opid="oXOWrwtvdXOTEk8_QnxxC23rQxvY" AND coindate="2015/10/21"  ) LIMIT 1   [ RunTime:0.0006s ]

[ 2015-10-22T13:04:03+08:00 ] ::1 /wyu34coin/1/index.php/Home/User/goldSquare?opid=oXOWrwtvdXOTEk8_QnxxC23rQxvY
INFO: [ app_init ] --START--
INFO: Run Behavior\BuildLiteBehavior [ RunTime:0.000039s ]
INFO: [ app_init ] --END-- [ RunTime:0.000678s ]
INFO: [ app_begin ] --START--
INFO: Run Behavior\ReadHtmlCacheBehavior [ RunTime:0.000949s ]
INFO: [ app_begin ] --END-- [ RunTime:0.001154s ]
INFO: [ view_parse ] --START--
INFO: [ template_filter ] --START--
INFO: Run Behavior\ContentReplaceBehavior [ RunTime:0.000151s ]
INFO: [ template_filter ] --END-- [ RunTime:0.000333s ]
NOTIC: [8] Undefined variable: sid G:\wamp\www\wyu34coin\1\Application\Runtime\Cache\Home\da0dddd825128b08a095ea0160090ffd.php 第 239 行.
INFO: Run Behavior\ParseTemplateBehavior [ RunTime:0.011845s ]
INFO: [ view_parse ] --END-- [ RunTime:0.012024s ]
INFO: [ view_filter ] --START--
INFO: Run Behavior\WriteHtmlCacheBehavior [ RunTime:0.000688s ]
INFO: [ view_filter ] --END-- [ RunTime:0.000867s ]
INFO: [ app_end ] --START--
INFO: Run Behavior\ShowPageTraceBehavior [ RunTime:0.001046s ]
INFO: [ app_end ] --END-- [ RunTime:0.001224s ]

[ 2015-10-22T13:04:03+08:00 ] ::1 /wyu34coin/1/index.php/Home/User/getAllRecordByDate
INFO: [ app_init ] --START--
INFO: Run Behavior\BuildLiteBehavior [ RunTime:0.000036s ]
INFO: [ app_init ] --END-- [ RunTime:0.000601s ]
INFO: [ app_begin ] --START--
INFO: Run Behavior\ReadHtmlCacheBehavior [ RunTime:0.000785s ]
INFO: [ app_begin ] --END-- [ RunTime:0.000929s ]
SQL: SHOW COLUMNS FROM `coin_record` [ RunTime:0.0047s ]
SQL: SELECT * FROM `coin_record` WHERE ( opid!="oXOWrwtvdXOTEk8_QnxxC23rQxvY" AND coindate="2015/10/21"  ) LIMIT 10   [ RunTime:0.0005s ]
SQL: SELECT * FROM `coin_record` WHERE ( opid="oXOWrwtvdXOTEk8_QnxxC23rQxvY" AND coindate="2015/10/21"  ) LIMIT 1   [ RunTime:0.0006s ]

[ 2015-10-22T13:04:20+08:00 ] ::1 /wyu34coin/1/index.php/Home/User/goldSquare?opid=oXOWrwtvdXOTEk8_QnxxC23rQxvY
INFO: [ app_init ] --START--
INFO: Run Behavior\BuildLiteBehavior [ RunTime:0.000038s ]
INFO: [ app_init ] --END-- [ RunTime:0.000632s ]
INFO: [ app_begin ] --START--
INFO: Run Behavior\ReadHtmlCacheBehavior [ RunTime:0.000803s ]
INFO: [ app_begin ] --END-- [ RunTime:0.000988s ]
INFO: [ view_parse ] --START--
INFO: [ template_filter ] --START--
INFO: Run Behavior\ContentReplaceBehavior [ RunTime:0.000115s ]
INFO: [ template_filter ] --END-- [ RunTime:0.000264s ]
NOTIC: [8] Undefined variable: sid G:\wamp\www\wyu34coin\1\Application\Runtime\Cache\Home\da0dddd825128b08a095ea0160090ffd.php 第 239 行.
INFO: Run Behavior\ParseTemplateBehavior [ RunTime:0.010829s ]
INFO: [ view_parse ] --END-- [ RunTime:0.010980s ]
INFO: [ view_filter ] --START--
INFO: Run Behavior\WriteHtmlCacheBehavior [ RunTime:0.000457s ]
INFO: [ view_filter ] --END-- [ RunTime:0.000586s ]
INFO: [ app_end ] --START--
INFO: Run Behavior\ShowPageTraceBehavior [ RunTime:0.000707s ]
INFO: [ app_end ] --END-- [ RunTime:0.000839s ]

[ 2015-10-22T13:04:21+08:00 ] ::1 /wyu34coin/1/index.php/Home/User/getAllRecordByDate
INFO: [ app_init ] --START--
INFO: Run Behavior\BuildLiteBehavior [ RunTime:0.000038s ]
INFO: [ app_init ] --END-- [ RunTime:0.000665s ]
INFO: [ app_begin ] --START--
INFO: Run Behavior\ReadHtmlCacheBehavior [ RunTime:0.000973s ]
INFO: [ app_begin ] --END-- [ RunTime:0.001134s ]
SQL: SHOW COLUMNS FROM `coin_record` [ RunTime:0.0050s ]
SQL: SELECT * FROM `coin_record` WHERE ( opid!="oXOWrwtvdXOTEk8_QnxxC23rQxvY" AND coindate="2015/10/21"  ) LIMIT 10   [ RunTime:0.0007s ]
SQL: SELECT * FROM `coin_record` WHERE ( opid="oXOWrwtvdXOTEk8_QnxxC23rQxvY" AND coindate="2015/10/21"  ) LIMIT 1   [ RunTime:0.0006s ]

[ 2015-10-22T13:05:26+08:00 ] ::1 /wyu34coin/1/index.php/Home/User/goldSquare?opid=oXOWrwtvdXOTEk8_QnxxC23rQxvY
INFO: [ app_init ] --START--
INFO: Run Behavior\BuildLiteBehavior [ RunTime:0.000072s ]
INFO: [ app_init ] --END-- [ RunTime:0.000987s ]
INFO: [ app_begin ] --START--
INFO: Run Behavior\ReadHtmlCacheBehavior [ RunTime:0.001493s ]
INFO: [ app_begin ] --END-- [ RunTime:0.001745s ]
INFO: [ view_parse ] --START--
INFO: [ template_filter ] --START--
INFO: Run Behavior\ContentReplaceBehavior [ RunTime:0.000179s ]
INFO: [ template_filter ] --END-- [ RunTime:0.000433s ]
NOTIC: [8] Undefined variable: sid G:\wamp\www\wyu34coin\1\Application\Runtime\Cache\Home\da0dddd825128b08a095ea0160090ffd.php 第 239 行.
INFO: Run Behavior\ParseTemplateBehavior [ RunTime:0.015771s ]
INFO: [ view_parse ] --END-- [ RunTime:0.015984s ]
INFO: [ view_filter ] --START--
INFO: Run Behavior\WriteHtmlCacheBehavior [ RunTime:0.000715s ]
INFO: [ view_filter ] --END-- [ RunTime:0.000899s ]
INFO: [ app_end ] --START--
INFO: Run Behavior\ShowPageTraceBehavior [ RunTime:0.000840s ]
INFO: [ app_end ] --END-- [ RunTime:0.000982s ]

[ 2015-10-22T13:05:27+08:00 ] ::1 /wyu34coin/1/index.php/Home/User/getAllRecordByDate
INFO: [ app_init ] --START--
INFO: Run Behavior\BuildLiteBehavior [ RunTime:0.000039s ]
INFO: [ app_init ] --END-- [ RunTime:0.000914s ]
INFO: [ app_begin ] --START--
INFO: Run Behavior\ReadHtmlCacheBehavior [ RunTime:0.000969s ]
INFO: [ app_begin ] --END-- [ RunTime:0.001124s ]
SQL: SHOW COLUMNS FROM `coin_record` [ RunTime:0.0052s ]
SQL: SELECT * FROM `coin_record` WHERE ( opid!="oXOWrwtvdXOTEk8_QnxxC23rQxvY" AND coindate="2015/10/21"  ) LIMIT 10   [ RunTime:0.0006s ]
SQL: SELECT * FROM `coin_record` WHERE ( opid="oXOWrwtvdXOTEk8_QnxxC23rQxvY" AND coindate="2015/10/21"  ) LIMIT 1   [ RunTime:0.0003s ]

[ 2015-10-22T13:06:00+08:00 ] ::1 /wyu34coin/1/index.php/Home/User/goldSquare?opid=oXOWrwtvdXOTEk8_QnxxC23rQxvY
INFO: [ app_init ] --START--
INFO: Run Behavior\BuildLiteBehavior [ RunTime:0.000034s ]
INFO: [ app_init ] --END-- [ RunTime:0.000611s ]
INFO: [ app_begin ] --START--
INFO: Run Behavior\ReadHtmlCacheBehavior [ RunTime:0.000861s ]
INFO: [ app_begin ] --END-- [ RunTime:0.001024s ]
INFO: [ view_parse ] --START--
INFO: [ template_filter ] --START--
INFO: Run Behavior\ContentReplaceBehavior [ RunTime:0.000117s ]
INFO: [ template_filter ] --END-- [ RunTime:0.000269s ]
NOTIC: [8] Undefined variable: sid G:\wamp\www\wyu34coin\1\Application\Runtime\Cache\Home\da0dddd825128b08a095ea0160090ffd.php 第 239 行.
INFO: Run Behavior\ParseTemplateBehavior [ RunTime:0.011094s ]
INFO: [ view_parse ] --END-- [ RunTime:0.011229s ]
INFO: [ view_filter ] --START--
INFO: Run Behavior\WriteHtmlCacheBehavior [ RunTime:0.000615s ]
INFO: [ view_filter ] --END-- [ RunTime:0.000737s ]
INFO: [ app_end ] --START--
INFO: Run Behavior\ShowPageTraceBehavior [ RunTime:0.000817s ]
INFO: [ app_end ] --END-- [ RunTime:0.000941s ]

[ 2015-10-22T13:06:00+08:00 ] ::1 /wyu34coin/1/index.php/Home/User/getAllRecordByDate
INFO: [ app_init ] --START--
INFO: Run Behavior\BuildLiteBehavior [ RunTime:0.000037s ]
INFO: [ app_init ] --END-- [ RunTime:0.000640s ]
INFO: [ app_begin ] --START--
INFO: Run Behavior\ReadHtmlCacheBehavior [ RunTime:0.001090s ]
INFO: [ app_begin ] --END-- [ RunTime:0.001258s ]
SQL: SHOW COLUMNS FROM `coin_record` [ RunTime:0.0042s ]
SQL: SELECT * FROM `coin_record` WHERE ( opid!="oXOWrwtvdXOTEk8_QnxxC23rQxvY" AND coindate="2015/10/21"  ) LIMIT 10   [ RunTime:0.0005s ]
SQL: SELECT * FROM `coin_record` WHERE ( opid="oXOWrwtvdXOTEk8_QnxxC23rQxvY" AND coindate="2015/10/21"  ) LIMIT 1   [ RunTime:0.0004s ]

[ 2015-10-22T13:06:23+08:00 ] ::1 /wyu34coin/1/index.php/Home/User/goldSquare?opid=oXOWrwtvdXOTEk8_QnxxC23rQxvY
INFO: [ app_init ] --START--
INFO: Run Behavior\BuildLiteBehavior [ RunTime:0.000050s ]
INFO: [ app_init ] --END-- [ RunTime:0.000817s ]
INFO: [ app_begin ] --START--
INFO: Run Behavior\ReadHtmlCacheBehavior [ RunTime:0.000954s ]
INFO: [ app_begin ] --END-- [ RunTime:0.001129s ]
INFO: [ view_parse ] --START--
INFO: [ template_filter ] --START--
INFO: Run Behavior\ContentReplaceBehavior [ RunTime:0.000126s ]
INFO: [ template_filter ] --END-- [ RunTime:0.000281s ]
NOTIC: [8] Undefined variable: sid G:\wamp\www\wyu34coin\1\Application\Runtime\Cache\Home\da0dddd825128b08a095ea0160090ffd.php 第 239 行.
INFO: Run Behavior\ParseTemplateBehavior [ RunTime:0.010621s ]
INFO: [ view_parse ] --END-- [ RunTime:0.010768s ]
INFO: [ view_filter ] --START--
INFO: Run Behavior\WriteHtmlCacheBehavior [ RunTime:0.000702s ]
INFO: [ view_filter ] --END-- [ RunTime:0.000863s ]
INFO: [ app_end ] --START--
INFO: Run Behavior\ShowPageTraceBehavior [ RunTime:0.000950s ]
INFO: [ app_end ] --END-- [ RunTime:0.001097s ]

[ 2015-10-22T13:06:24+08:00 ] ::1 /wyu34coin/1/index.php/Home/User/getAllRecordByDate
INFO: [ app_init ] --START--
INFO: Run Behavior\BuildLiteBehavior [ RunTime:0.000037s ]
INFO: [ app_init ] --END-- [ RunTime:0.000642s ]
INFO: [ app_begin ] --START--
INFO: Run Behavior\ReadHtmlCacheBehavior [ RunTime:0.001430s ]
INFO: [ app_begin ] --END-- [ RunTime:0.001648s ]
SQL: SHOW COLUMNS FROM `coin_record` [ RunTime:0.0047s ]
SQL: SELECT * FROM `coin_record` WHERE ( opid!="oXOWrwtvdXOTEk8_QnxxC23rQxvY" AND coindate="2015/10/21"  ) LIMIT 10   [ RunTime:0.0005s ]
SQL: SELECT * FROM `coin_record` WHERE ( opid="oXOWrwtvdXOTEk8_QnxxC23rQxvY" AND coindate="2015/10/21"  ) LIMIT 1   [ RunTime:0.0004s ]

[ 2015-10-22T13:06:48+08:00 ] ::1 /wyu34coin/1/index.php/Home/User/goldSquare?opid=oXOWrwtvdXOTEk8_QnxxC23rQxvY
INFO: [ app_init ] --START--
INFO: Run Behavior\BuildLiteBehavior [ RunTime:0.000035s ]
INFO: [ app_init ] --END-- [ RunTime:0.000647s ]
INFO: [ app_begin ] --START--
INFO: Run Behavior\ReadHtmlCacheBehavior [ RunTime:0.001087s ]
INFO: [ app_begin ] --END-- [ RunTime:0.001297s ]
INFO: [ view_parse ] --START--
INFO: [ template_filter ] --START--
INFO: Run Behavior\ContentReplaceBehavior [ RunTime:0.000114s ]
INFO: [ template_filter ] --END-- [ RunTime:0.000264s ]
NOTIC: [8] Undefined variable: sid G:\wamp\www\wyu34coin\1\Application\Runtime\Cache\Home\da0dddd825128b08a095ea0160090ffd.php 第 239 行.
INFO: Run Behavior\ParseTemplateBehavior [ RunTime:0.010372s ]
INFO: [ view_parse ] --END-- [ RunTime:0.010516s ]
INFO: [ view_filter ] --START--
INFO: Run Behavior\WriteHtmlCacheBehavior [ RunTime:0.000595s ]
INFO: [ view_filter ] --END-- [ RunTime:0.000743s ]
INFO: [ app_end ] --START--
INFO: Run Behavior\ShowPageTraceBehavior [ RunTime:0.000933s ]
INFO: [ app_end ] --END-- [ RunTime:0.001077s ]

[ 2015-10-22T13:06:49+08:00 ] ::1 /wyu34coin/1/index.php/Home/User/getAllRecordByDate
INFO: [ app_init ] --START--
INFO: Run Behavior\BuildLiteBehavior [ RunTime:0.000065s ]
INFO: [ app_init ] --END-- [ RunTime:0.001012s ]
INFO: [ app_begin ] --START--
INFO: Run Behavior\ReadHtmlCacheBehavior [ RunTime:0.001023s ]
INFO: [ app_begin ] --END-- [ RunTime:0.001184s ]
SQL: SHOW COLUMNS FROM `coin_record` [ RunTime:0.0044s ]
SQL: SELECT * FROM `coin_record` WHERE ( opid!="oXOWrwtvdXOTEk8_QnxxC23rQxvY" AND coindate="2015/10/21"  ) LIMIT 10   [ RunTime:0.0004s ]
SQL: SELECT * FROM `coin_record` WHERE ( opid="oXOWrwtvdXOTEk8_QnxxC23rQxvY" AND coindate="2015/10/21"  ) LIMIT 1   [ RunTime:0.0003s ]

[ 2015-10-22T13:07:40+08:00 ] ::1 /wyu34coin/1/index.php/Home/User/goldSquare?opid=oXOWrwtvdXOTEk8_QnxxC23rQxvY
INFO: [ app_init ] --START--
INFO: Run Behavior\BuildLiteBehavior [ RunTime:0.000041s ]
INFO: [ app_init ] --END-- [ RunTime:0.000630s ]
INFO: [ app_begin ] --START--
INFO: Run Behavior\ReadHtmlCacheBehavior [ RunTime:0.000791s ]
INFO: [ app_begin ] --END-- [ RunTime:0.000985s ]
INFO: [ view_parse ] --START--
INFO: [ template_filter ] --START--
INFO: Run Behavior\ContentReplaceBehavior [ RunTime:0.000216s ]
INFO: [ template_filter ] --END-- [ RunTime:0.000497s ]
NOTIC: [8] Undefined variable: sid G:\wamp\www\wyu34coin\1\Application\Runtime\Cache\Home\da0dddd825128b08a095ea0160090ffd.php 第 239 行.
INFO: Run Behavior\ParseTemplateBehavior [ RunTime:0.013275s ]
INFO: [ view_parse ] --END-- [ RunTime:0.013424s ]
INFO: [ view_filter ] --START--
INFO: Run Behavior\WriteHtmlCacheBehavior [ RunTime:0.000489s ]
INFO: [ view_filter ] --END-- [ RunTime:0.000623s ]
INFO: [ app_end ] --START--
INFO: Run Behavior\ShowPageTraceBehavior [ RunTime:0.000688s ]
INFO: [ app_end ] --END-- [ RunTime:0.000823s ]

[ 2015-10-22T13:07:41+08:00 ] ::1 /wyu34coin/1/index.php/Home/User/getAllRecordByDate
INFO: [ app_init ] --START--
INFO: Run Behavior\BuildLiteBehavior [ RunTime:0.000037s ]
INFO: [ app_init ] --END-- [ RunTime:0.000683s ]
INFO: [ app_begin ] --START--
INFO: Run Behavior\ReadHtmlCacheBehavior [ RunTime:0.000967s ]
INFO: [ app_begin ] --END-- [ RunTime:0.001130s ]
SQL: SHOW COLUMNS FROM `coin_record` [ RunTime:0.0164s ]
SQL: SELECT * FROM `coin_record` WHERE ( opid!="oXOWrwtvdXOTEk8_QnxxC23rQxvY" AND coindate="2015/10/21"  ) LIMIT 10   [ RunTime:0.0005s ]
SQL: SELECT * FROM `coin_record` WHERE ( opid="oXOWrwtvdXOTEk8_QnxxC23rQxvY" AND coindate="2015/10/21"  ) LIMIT 1   [ RunTime:0.0006s ]

[ 2015-10-22T13:07:58+08:00 ] ::1 /wyu34coin/1/index.php/Home/User/goldSquare?opid=oXOWrwtvdXOTEk8_QnxxC23rQxvY
INFO: [ app_init ] --START--
INFO: Run Behavior\BuildLiteBehavior [ RunTime:0.000037s ]
INFO: [ app_init ] --END-- [ RunTime:0.000609s ]
INFO: [ app_begin ] --START--
INFO: Run Behavior\ReadHtmlCacheBehavior [ RunTime:0.001463s ]
INFO: [ app_begin ] --END-- [ RunTime:0.001662s ]
INFO: [ view_parse ] --START--
INFO: [ template_filter ] --START--
INFO: Run Behavior\ContentReplaceBehavior [ RunTime:0.000126s ]
INFO: [ template_filter ] --END-- [ RunTime:0.000291s ]
NOTIC: [8] Undefined variable: sid G:\wamp\www\wyu34coin\1\Application\Runtime\Cache\Home\da0dddd825128b08a095ea0160090ffd.php 第 239 行.
INFO: Run Behavior\ParseTemplateBehavior [ RunTime:0.011005s ]
INFO: [ view_parse ] --END-- [ RunTime:0.011182s ]
INFO: [ view_filter ] --START--
INFO: Run Behavior\WriteHtmlCacheBehavior [ RunTime:0.001074s ]
INFO: [ view_filter ] --END-- [ RunTime:0.001294s ]
INFO: [ app_end ] --START--
INFO: Run Behavior\ShowPageTraceBehavior [ RunTime:0.001139s ]
INFO: [ app_end ] --END-- [ RunTime:0.001328s ]

[ 2015-10-22T13:07:59+08:00 ] ::1 /wyu34coin/1/index.php/Home/User/getAllRecordByDate
INFO: [ app_init ] --START--
INFO: Run Behavior\BuildLiteBehavior [ RunTime:0.000061s ]
INFO: [ app_init ] --END-- [ RunTime:0.000925s ]
INFO: [ app_begin ] --START--
INFO: Run Behavior\ReadHtmlCacheBehavior [ RunTime:0.001456s ]
INFO: [ app_begin ] --END-- [ RunTime:0.001736s ]
SQL: SHOW COLUMNS FROM `coin_record` [ RunTime:0.0057s ]
SQL: SELECT * FROM `coin_record` WHERE ( opid!="oXOWrwtvdXOTEk8_QnxxC23rQxvY" AND coindate="2015/10/21"  ) LIMIT 10   [ RunTime:0.0011s ]
SQL: SELECT * FROM `coin_record` WHERE ( opid="oXOWrwtvdXOTEk8_QnxxC23rQxvY" AND coindate="2015/10/21"  ) LIMIT 1   [ RunTime:0.0007s ]

[ 2015-10-22T13:08:16+08:00 ] ::1 /wyu34coin/1/index.php/Home/User/goldSquare?opid=oXOWrwtvdXOTEk8_QnxxC23rQxvY
INFO: [ app_init ] --START--
INFO: Run Behavior\BuildLiteBehavior [ RunTime:0.000040s ]
INFO: [ app_init ] --END-- [ RunTime:0.000732s ]
INFO: [ app_begin ] --START--
INFO: Run Behavior\ReadHtmlCacheBehavior [ RunTime:0.001016s ]
INFO: [ app_begin ] --END-- [ RunTime:0.001204s ]
INFO: [ view_parse ] --START--
INFO: [ template_filter ] --START--
INFO: Run Behavior\ContentReplaceBehavior [ RunTime:0.000115s ]
INFO: [ template_filter ] --END-- [ RunTime:0.000263s ]
NOTIC: [8] Undefined variable: sid G:\wamp\www\wyu34coin\1\Application\Runtime\Cache\Home\da0dddd825128b08a095ea0160090ffd.php 第 239 行.
INFO: Run Behavior\ParseTemplateBehavior [ RunTime:0.010086s ]
INFO: [ view_parse ] --END-- [ RunTime:0.010290s ]
INFO: [ view_filter ] --START--
INFO: Run Behavior\WriteHtmlCacheBehavior [ RunTime:0.000585s ]
INFO: [ view_filter ] --END-- [ RunTime:0.000714s ]
INFO: [ app_end ] --START--
INFO: Run Behavior\ShowPageTraceBehavior [ RunTime:0.000869s ]
INFO: [ app_end ] --END-- [ RunTime:0.001018s ]

[ 2015-10-22T13:08:17+08:00 ] ::1 /wyu34coin/1/index.php/Home/User/getAllRecordByDate
INFO: [ app_init ] --START--
INFO: Run Behavior\BuildLiteBehavior [ RunTime:0.000058s ]
INFO: [ app_init ] --END-- [ RunTime:0.000772s ]
INFO: [ app_begin ] --START--
INFO: Run Behavior\ReadHtmlCacheBehavior [ RunTime:0.000924s ]
INFO: [ app_begin ] --END-- [ RunTime:0.001078s ]
SQL: SHOW COLUMNS FROM `coin_record` [ RunTime:0.0230s ]
SQL: SELECT * FROM `coin_record` WHERE ( opid!="oXOWrwtvdXOTEk8_QnxxC23rQxvY" AND coindate="2015/10/21"  ) LIMIT 10   [ RunTime:0.0007s ]
SQL: SELECT * FROM `coin_record` WHERE ( opid="oXOWrwtvdXOTEk8_QnxxC23rQxvY" AND coindate="2015/10/21"  ) LIMIT 1   [ RunTime:0.0005s ]

[ 2015-10-22T13:09:23+08:00 ] ::1 /wyu34coin/1/index.php/Home/User/goldSquare?opid=oXOWrwtvdXOTEk8_QnxxC23rQxvY
INFO: [ app_init ] --START--
INFO: Run Behavior\BuildLiteBehavior [ RunTime:0.000084s ]
INFO: [ app_init ] --END-- [ RunTime:0.001627s ]
INFO: [ app_begin ] --START--
INFO: Run Behavior\ReadHtmlCacheBehavior [ RunTime:0.001296s ]
INFO: [ app_begin ] --END-- [ RunTime:0.001560s ]
INFO: [ view_parse ] --START--
INFO: [ template_filter ] --START--
INFO: Run Behavior\ContentReplaceBehavior [ RunTime:0.000117s ]
INFO: [ template_filter ] --END-- [ RunTime:0.000269s ]
NOTIC: [8] Undefined variable: sid G:\wamp\www\wyu34coin\1\Application\Runtime\Cache\Home\da0dddd825128b08a095ea0160090ffd.php 第 239 行.
INFO: Run Behavior\ParseTemplateBehavior [ RunTime:0.010581s ]
INFO: [ view_parse ] --END-- [ RunTime:0.010736s ]
INFO: [ view_filter ] --START--
INFO: Run Behavior\WriteHtmlCacheBehavior [ RunTime:0.000617s ]
INFO: [ view_filter ] --END-- [ RunTime:0.000739s ]
INFO: [ app_end ] --START--
INFO: Run Behavior\ShowPageTraceBehavior [ RunTime:0.000852s ]
INFO: [ app_end ] --END-- [ RunTime:0.000981s ]

[ 2015-10-22T13:09:24+08:00 ] ::1 /wyu34coin/1/index.php/Home/User/getAllRecordByDate
INFO: [ app_init ] --START--
INFO: Run Behavior\BuildLiteBehavior [ RunTime:0.000056s ]
INFO: [ app_init ] --END-- [ RunTime:0.000785s ]
INFO: [ app_begin ] --START--
INFO: Run Behavior\ReadHtmlCacheBehavior [ RunTime:0.000779s ]
INFO: [ app_begin ] --END-- [ RunTime:0.000926s ]
SQL: SHOW COLUMNS FROM `coin_record` [ RunTime:0.0046s ]
SQL: SELECT * FROM `coin_record` WHERE ( opid!="oXOWrwtvdXOTEk8_QnxxC23rQxvY" AND coindate="2015/10/21"  ) LIMIT 10   [ RunTime:0.0004s ]
SQL: SELECT * FROM `coin_record` WHERE ( opid="oXOWrwtvdXOTEk8_QnxxC23rQxvY" AND coindate="2015/10/21"  ) LIMIT 1   [ RunTime:0.0003s ]

[ 2015-10-22T13:09:56+08:00 ] ::1 /wyu34coin/1/index.php/Home/User/goldSquare?opid=oXOWrwtvdXOTEk8_QnxxC23rQxvY
INFO: [ app_init ] --START--
INFO: Run Behavior\BuildLiteBehavior [ RunTime:0.000269s ]
INFO: [ app_init ] --END-- [ RunTime:0.000844s ]
INFO: [ app_begin ] --START--
INFO: Run Behavior\ReadHtmlCacheBehavior [ RunTime:0.000998s ]
INFO: [ app_begin ] --END-- [ RunTime:0.001218s ]
INFO: [ view_parse ] --START--
INFO: [ template_filter ] --START--
INFO: Run Behavior\ContentReplaceBehavior [ RunTime:0.000115s ]
INFO: [ template_filter ] --END-- [ RunTime:0.000262s ]
NOTIC: [8] Undefined variable: sid G:\wamp\www\wyu34coin\1\Application\Runtime\Cache\Home\da0dddd825128b08a095ea0160090ffd.php 第 239 行.
INFO: Run Behavior\ParseTemplateBehavior [ RunTime:0.011241s ]
INFO: [ view_parse ] --END-- [ RunTime:0.011473s ]
INFO: [ view_filter ] --START--
INFO: Run Behavior\WriteHtmlCacheBehavior [ RunTime:0.000643s ]
INFO: [ view_filter ] --END-- [ RunTime:0.000796s ]
INFO: [ app_end ] --START--
INFO: Run Behavior\ShowPageTraceBehavior [ RunTime:0.000946s ]
INFO: [ app_end ] --END-- [ RunTime:0.001189s ]

[ 2015-10-22T13:09:57+08:00 ] ::1 /wyu34coin/1/index.php/Home/User/getAllRecordByDate
INFO: [ app_init ] --START--
INFO: Run Behavior\BuildLiteBehavior [ RunTime:0.000057s ]
INFO: [ app_init ] --END-- [ RunTime:0.000796s ]
INFO: [ app_begin ] --START--
INFO: Run Behavior\ReadHtmlCacheBehavior [ RunTime:0.000962s ]
INFO: [ app_begin ] --END-- [ RunTime:0.001118s ]
SQL: SHOW COLUMNS FROM `coin_record` [ RunTime:0.0093s ]
SQL: SELECT * FROM `coin_record` WHERE ( opid!="oXOWrwtvdXOTEk8_QnxxC23rQxvY" AND coindate="2015/10/21"  ) LIMIT 10   [ RunTime:0.0005s ]
SQL: SELECT * FROM `coin_record` WHERE ( opid="oXOWrwtvdXOTEk8_QnxxC23rQxvY" AND coindate="2015/10/21"  ) LIMIT 1   [ RunTime:0.0003s ]

[ 2015-10-22T13:10:24+08:00 ] ::1 /wyu34coin/1/index.php/Home/User/goldSquare?opid=oXOWrwtvdXOTEk8_QnxxC23rQxvY
INFO: [ app_init ] --START--
INFO: Run Behavior\BuildLiteBehavior [ RunTime:0.000040s ]
INFO: [ app_init ] --END-- [ RunTime:0.000753s ]
INFO: [ app_begin ] --START--
INFO: Run Behavior\ReadHtmlCacheBehavior [ RunTime:0.001236s ]
INFO: [ app_begin ] --END-- [ RunTime:0.001427s ]
INFO: [ view_parse ] --START--
INFO: [ template_filter ] --START--
INFO: Run Behavior\ContentReplaceBehavior [ RunTime:0.000113s ]
INFO: [ template_filter ] --END-- [ RunTime:0.000263s ]
NOTIC: [8] Undefined variable: sid G:\wamp\www\wyu34coin\1\Application\Runtime\Cache\Home\da0dddd825128b08a095ea0160090ffd.php 第 239 行.
INFO: Run Behavior\ParseTemplateBehavior [ RunTime:0.010613s ]
INFO: [ view_parse ] --END-- [ RunTime:0.010814s ]
INFO: [ view_filter ] --START--
INFO: Run Behavior\WriteHtmlCacheBehavior [ RunTime:0.000740s ]
INFO: [ view_filter ] --END-- [ RunTime:0.000873s ]
INFO: [ app_end ] --START--
INFO: Run Behavior\ShowPageTraceBehavior [ RunTime:0.000945s ]
INFO: [ app_end ] --END-- [ RunTime:0.001079s ]

[ 2015-10-22T13:10:24+08:00 ] ::1 /wyu34coin/1/index.php/Home/User/getAllRecordByDate
INFO: [ app_init ] --START--
INFO: Run Behavior\BuildLiteBehavior [ RunTime:0.000034s ]
INFO: [ app_init ] --END-- [ RunTime:0.000553s ]
INFO: [ app_begin ] --START--
INFO: Run Behavior\ReadHtmlCacheBehavior [ RunTime:0.000686s ]
INFO: [ app_begin ] --END-- [ RunTime:0.000838s ]
SQL: SHOW COLUMNS FROM `coin_record` [ RunTime:0.0045s ]
SQL: SELECT * FROM `coin_record` WHERE ( opid!="oXOWrwtvdXOTEk8_QnxxC23rQxvY" AND coindate="2015/10/21"  ) LIMIT 10   [ RunTime:0.0006s ]
SQL: SELECT * FROM `coin_record` WHERE ( opid="oXOWrwtvdXOTEk8_QnxxC23rQxvY" AND coindate="2015/10/21"  ) LIMIT 1   [ RunTime:0.0006s ]

[ 2015-10-22T13:11:19+08:00 ] ::1 /wyu34coin/1/index.php/Home/User/goldSquare?opid=oXOWrwtvdXOTEk8_QnxxC23rQxvY
INFO: [ app_init ] --START--
INFO: Run Behavior\BuildLiteBehavior [ RunTime:0.000039s ]
INFO: [ app_init ] --END-- [ RunTime:0.000647s ]
INFO: [ app_begin ] --START--
INFO: Run Behavior\ReadHtmlCacheBehavior [ RunTime:0.000798s ]
INFO: [ app_begin ] --END-- [ RunTime:0.000990s ]
INFO: [ view_parse ] --START--
INFO: [ template_filter ] --START--
INFO: Run Behavior\ContentReplaceBehavior [ RunTime:0.000117s ]
INFO: [ template_filter ] --END-- [ RunTime:0.000271s ]
NOTIC: [8] Undefined variable: sid G:\wamp\www\wyu34coin\1\Application\Runtime\Cache\Home\da0dddd825128b08a095ea0160090ffd.php 第 239 行.
INFO: Run Behavior\ParseTemplateBehavior [ RunTime:0.010087s ]
INFO: [ view_parse ] --END-- [ RunTime:0.010306s ]
INFO: [ view_filter ] --START--
INFO: Run Behavior\WriteHtmlCacheBehavior [ RunTime:0.000463s ]
INFO: [ view_filter ] --END-- [ RunTime:0.000587s ]
INFO: [ app_end ] --START--
INFO: Run Behavior\ShowPageTraceBehavior [ RunTime:0.000668s ]
INFO: [ app_end ] --END-- [ RunTime:0.000799s ]

[ 2015-10-22T13:11:20+08:00 ] ::1 /wyu34coin/1/index.php/Home/User/getAllRecordByDate
INFO: [ app_init ] --START--
INFO: Run Behavior\BuildLiteBehavior [ RunTime:0.000067s ]
INFO: [ app_init ] --END-- [ RunTime:0.000937s ]
INFO: [ app_begin ] --START--
INFO: Run Behavior\ReadHtmlCacheBehavior [ RunTime:0.001000s ]
INFO: [ app_begin ] --END-- [ RunTime:0.001178s ]
SQL: SHOW COLUMNS FROM `coin_record` [ RunTime:0.0065s ]
SQL: SELECT * FROM `coin_record` WHERE ( opid!="oXOWrwtvdXOTEk8_QnxxC23rQxvY" AND coindate="2015/10/21"  ) LIMIT 10   [ RunTime:0.0009s ]
SQL: SELECT * FROM `coin_record` WHERE ( opid="oXOWrwtvdXOTEk8_QnxxC23rQxvY" AND coindate="2015/10/21"  ) LIMIT 1   [ RunTime:0.0009s ]

[ 2015-10-22T13:12:07+08:00 ] ::1 /wyu34coin/1/index.php/Home/User/goldSquare?opid=oXOWrwtvdXOTEk8_QnxxC23rQxvY
INFO: [ app_init ] --START--
INFO: Run Behavior\BuildLiteBehavior [ RunTime:0.000041s ]
INFO: [ app_init ] --END-- [ RunTime:0.000822s ]
INFO: [ app_begin ] --START--
INFO: Run Behavior\ReadHtmlCacheBehavior [ RunTime:0.001673s ]
INFO: [ app_begin ] --END-- [ RunTime:0.001942s ]
INFO: [ view_parse ] --START--
INFO: [ template_filter ] --START--
INFO: Run Behavior\ContentReplaceBehavior [ RunTime:0.000113s ]
INFO: [ template_filter ] --END-- [ RunTime:0.000262s ]
NOTIC: [8] Undefined variable: sid G:\wamp\www\wyu34coin\1\Application\Runtime\Cache\Home\da0dddd825128b08a095ea0160090ffd.php 第 239 行.
INFO: Run Behavior\ParseTemplateBehavior [ RunTime:0.010106s ]
INFO: [ view_parse ] --END-- [ RunTime:0.010252s ]
INFO: [ view_filter ] --START--
INFO: Run Behavior\WriteHtmlCacheBehavior [ RunTime:0.001113s ]
INFO: [ view_filter ] --END-- [ RunTime:0.001278s ]
INFO: [ app_end ] --START--
INFO: Run Behavior\ShowPageTraceBehavior [ RunTime:0.000948s ]
INFO: [ app_end ] --END-- [ RunTime:0.001085s ]

[ 2015-10-22T13:12:08+08:00 ] ::1 /wyu34coin/1/index.php/Home/User/getAllRecordByDate
INFO: [ app_init ] --START--
INFO: Run Behavior\BuildLiteBehavior [ RunTime:0.000062s ]
INFO: [ app_init ] --END-- [ RunTime:0.001423s ]
INFO: [ app_begin ] --START--
INFO: Run Behavior\ReadHtmlCacheBehavior [ RunTime:0.001351s ]
INFO: [ app_begin ] --END-- [ RunTime:0.001654s ]
SQL: SHOW COLUMNS FROM `coin_record` [ RunTime:0.0057s ]
SQL: SELECT * FROM `coin_record` WHERE ( opid!="oXOWrwtvdXOTEk8_QnxxC23rQxvY" AND coindate="2015/10/21"  ) LIMIT 10   [ RunTime:0.0006s ]
SQL: SELECT * FROM `coin_record` WHERE ( opid="oXOWrwtvdXOTEk8_QnxxC23rQxvY" AND coindate="2015/10/21"  ) LIMIT 1   [ RunTime:0.0008s ]

[ 2015-10-22T13:15:17+08:00 ] ::1 /wyu34coin/1/index.php/Home/User/goldSquare?opid=oXOWrwtvdXOTEk8_QnxxC23rQxvY
INFO: [ app_init ] --START--
INFO: Run Behavior\BuildLiteBehavior [ RunTime:0.000036s ]
INFO: [ app_init ] --END-- [ RunTime:0.000654s ]
INFO: [ app_begin ] --START--
INFO: Run Behavior\ReadHtmlCacheBehavior [ RunTime:0.000843s ]
INFO: [ app_begin ] --END-- [ RunTime:0.001005s ]
INFO: [ view_parse ] --START--
INFO: [ template_filter ] --START--
INFO: Run Behavior\ContentReplaceBehavior [ RunTime:0.000119s ]
INFO: [ template_filter ] --END-- [ RunTime:0.000277s ]
NOTIC: [8] Undefined variable: sid G:\wamp\www\wyu34coin\1\Application\Runtime\Cache\Home\da0dddd825128b08a095ea0160090ffd.php 第 242 行.
INFO: Run Behavior\ParseTemplateBehavior [ RunTime:0.010329s ]
INFO: [ view_parse ] --END-- [ RunTime:0.010468s ]
INFO: [ view_filter ] --START--
INFO: Run Behavior\WriteHtmlCacheBehavior [ RunTime:0.000580s ]
INFO: [ view_filter ] --END-- [ RunTime:0.000713s ]
INFO: [ app_end ] --START--
INFO: Run Behavior\ShowPageTraceBehavior [ RunTime:0.000762s ]
INFO: [ app_end ] --END-- [ RunTime:0.000900s ]

[ 2015-10-22T13:15:18+08:00 ] ::1 /wyu34coin/1/index.php/Home/User/getAllRecordByDate
INFO: [ app_init ] --START--
INFO: Run Behavior\BuildLiteBehavior [ RunTime:0.000064s ]
INFO: [ app_init ] --END-- [ RunTime:0.001182s ]
INFO: [ app_begin ] --START--
INFO: Run Behavior\ReadHtmlCacheBehavior [ RunTime:0.001523s ]
INFO: [ app_begin ] --END-- [ RunTime:0.001801s ]
SQL: SHOW COLUMNS FROM `coin_record` [ RunTime:0.0191s ]
SQL: SELECT * FROM `coin_record` WHERE ( opid!="oXOWrwtvdXOTEk8_QnxxC23rQxvY" AND coindate="2015/10/21"  ) LIMIT 10   [ RunTime:0.0006s ]
SQL: SELECT * FROM `coin_record` WHERE ( opid="oXOWrwtvdXOTEk8_QnxxC23rQxvY" AND coindate="2015/10/21"  ) LIMIT 1   [ RunTime:0.0005s ]

[ 2015-10-22T13:20:35+08:00 ] ::1 /wyu34coin/1/index.php/Home/User/goldSquare?opid=oXOWrwtvdXOTEk8_QnxxC23rQxvY
INFO: [ app_init ] --START--
INFO: Run Behavior\BuildLiteBehavior [ RunTime:0.000038s ]
INFO: [ app_init ] --END-- [ RunTime:0.000664s ]
INFO: [ app_begin ] --START--
INFO: Run Behavior\ReadHtmlCacheBehavior [ RunTime:0.002098s ]
INFO: [ app_begin ] --END-- [ RunTime:0.002522s ]
INFO: [ view_parse ] --START--
INFO: [ template_filter ] --START--
INFO: Run Behavior\ContentReplaceBehavior [ RunTime:0.000130s ]
INFO: [ template_filter ] --END-- [ RunTime:0.000309s ]
NOTIC: [8] Undefined variable: sid G:\wamp\www\wyu34coin\1\Application\Runtime\Cache\Home\da0dddd825128b08a095ea0160090ffd.php 第 242 行.
INFO: Run Behavior\ParseTemplateBehavior [ RunTime:0.012334s ]
INFO: [ view_parse ] --END-- [ RunTime:0.012567s ]
INFO: [ view_filter ] --START--
INFO: Run Behavior\WriteHtmlCacheBehavior [ RunTime:0.000820s ]
INFO: [ view_filter ] --END-- [ RunTime:0.000979s ]
INFO: [ app_end ] --START--
INFO: Run Behavior\ShowPageTraceBehavior [ RunTime:0.001025s ]
INFO: [ app_end ] --END-- [ RunTime:0.001180s ]

[ 2015-10-22T13:20:36+08:00 ] ::1 /wyu34coin/1/index.php/Home/User/getAllRecordByDate
INFO: [ app_init ] --START--
INFO: Run Behavior\BuildLiteBehavior [ RunTime:0.000060s ]
INFO: [ app_init ] --END-- [ RunTime:0.001121s ]
INFO: [ app_begin ] --START--
INFO: Run Behavior\ReadHtmlCacheBehavior [ RunTime:0.001214s ]
INFO: [ app_begin ] --END-- [ RunTime:0.001448s ]
SQL: SHOW COLUMNS FROM `coin_record` [ RunTime:0.0055s ]
SQL: SELECT * FROM `coin_record` WHERE ( opid!="oXOWrwtvdXOTEk8_QnxxC23rQxvY" AND coindate="2015/10/21"  ) LIMIT 10   [ RunTime:0.0008s ]
SQL: SELECT * FROM `coin_record` WHERE ( opid="oXOWrwtvdXOTEk8_QnxxC23rQxvY" AND coindate="2015/10/21"  ) LIMIT 1   [ RunTime:0.0007s ]

[ 2015-10-22T13:22:02+08:00 ] ::1 /wyu34coin/1/index.php/Home/User/goldSquare?opid=oXOWrwtvdXOTEk8_QnxxC23rQxvY
INFO: [ app_init ] --START--
INFO: Run Behavior\BuildLiteBehavior [ RunTime:0.000039s ]
INFO: [ app_init ] --END-- [ RunTime:0.000649s ]
INFO: [ app_begin ] --START--
INFO: Run Behavior\ReadHtmlCacheBehavior [ RunTime:0.000981s ]
INFO: [ app_begin ] --END-- [ RunTime:0.001220s ]
INFO: [ view_parse ] --START--
INFO: [ template_filter ] --START--
INFO: Run Behavior\ContentReplaceBehavior [ RunTime:0.000109s ]
INFO: [ template_filter ] --END-- [ RunTime:0.000254s ]
NOTIC: [8] Undefined variable: sid G:\wamp\www\wyu34coin\1\Application\Runtime\Cache\Home\da0dddd825128b08a095ea0160090ffd.php 第 242 行.
INFO: Run Behavior\ParseTemplateBehavior [ RunTime:0.009086s ]
INFO: [ view_parse ] --END-- [ RunTime:0.009239s ]
INFO: [ view_filter ] --START--
INFO: Run Behavior\WriteHtmlCacheBehavior [ RunTime:0.000431s ]
INFO: [ view_filter ] --END-- [ RunTime:0.000553s ]
INFO: [ app_end ] --START--
INFO: Run Behavior\ShowPageTraceBehavior [ RunTime:0.000669s ]
INFO: [ app_end ] --END-- [ RunTime:0.000804s ]

[ 2015-10-22T13:22:03+08:00 ] ::1 /wyu34coin/1/index.php/Home/User/getAllRecordByDate
INFO: [ app_init ] --START--
INFO: Run Behavior\BuildLiteBehavior [ RunTime:0.000038s ]
INFO: [ app_init ] --END-- [ RunTime:0.000952s ]
INFO: [ app_begin ] --START--
INFO: Run Behavior\ReadHtmlCacheBehavior [ RunTime:0.001315s ]
INFO: [ app_begin ] --END-- [ RunTime:0.001572s ]
SQL: SHOW COLUMNS FROM `coin_record` [ RunTime:0.0046s ]
SQL: SELECT * FROM `coin_record` WHERE ( opid!="oXOWrwtvdXOTEk8_QnxxC23rQxvY" AND coindate="2015/10/21"  ) LIMIT 10   [ RunTime:0.0004s ]
SQL: SELECT * FROM `coin_record` WHERE ( opid="oXOWrwtvdXOTEk8_QnxxC23rQxvY" AND coindate="2015/10/21"  ) LIMIT 1   [ RunTime:0.0005s ]

[ 2015-10-22T13:22:17+08:00 ] ::1 /wyu34coin/1/index.php/Home/User/goldSquare?opid=oXOWrwtvdXOTEk8_QnxxC23rQxvY
INFO: [ app_init ] --START--
INFO: Run Behavior\BuildLiteBehavior [ RunTime:0.000039s ]
INFO: [ app_init ] --END-- [ RunTime:0.000763s ]
INFO: [ app_begin ] --START--
INFO: Run Behavior\ReadHtmlCacheBehavior [ RunTime:0.001798s ]
INFO: [ app_begin ] --END-- [ RunTime:0.002086s ]
INFO: [ view_parse ] --START--
INFO: [ template_filter ] --START--
INFO: Run Behavior\ContentReplaceBehavior [ RunTime:0.000110s ]
INFO: [ template_filter ] --END-- [ RunTime:0.000256s ]
NOTIC: [8] Undefined variable: sid G:\wamp\www\wyu34coin\1\Application\Runtime\Cache\Home\da0dddd825128b08a095ea0160090ffd.php 第 242 行.
INFO: Run Behavior\ParseTemplateBehavior [ RunTime:0.010048s ]
INFO: [ view_parse ] --END-- [ RunTime:0.010202s ]
INFO: [ view_filter ] --START--
INFO: Run Behavior\WriteHtmlCacheBehavior [ RunTime:0.000595s ]
INFO: [ view_filter ] --END-- [ RunTime:0.000787s ]
INFO: [ app_end ] --START--
INFO: Run Behavior\ShowPageTraceBehavior [ RunTime:0.001265s ]
INFO: [ app_end ] --END-- [ RunTime:0.001477s ]

[ 2015-10-22T13:22:18+08:00 ] ::1 /wyu34coin/1/index.php/Home/User/getAllRecordByDate
INFO: [ app_init ] --START--
INFO: Run Behavior\BuildLiteBehavior [ RunTime:0.000038s ]
INFO: [ app_init ] --END-- [ RunTime:0.000661s ]
INFO: [ app_begin ] --START--
INFO: Run Behavior\ReadHtmlCacheBehavior [ RunTime:0.001002s ]
INFO: [ app_begin ] --END-- [ RunTime:0.001175s ]
SQL: SHOW COLUMNS FROM `coin_record` [ RunTime:0.0049s ]
SQL: SELECT * FROM `coin_record` WHERE ( opid!="oXOWrwtvdXOTEk8_QnxxC23rQxvY" AND coindate="2015/10/21"  ) LIMIT 10   [ RunTime:0.0004s ]
SQL: SELECT * FROM `coin_record` WHERE ( opid="oXOWrwtvdXOTEk8_QnxxC23rQxvY" AND coindate="2015/10/21"  ) LIMIT 1   [ RunTime:0.0003s ]

[ 2015-10-22T13:22:36+08:00 ] ::1 /wyu34coin/1/index.php/Home/User/goldSquare?opid=oXOWrwtvdXOTEk8_QnxxC23rQxvY
INFO: [ app_init ] --START--
INFO: Run Behavior\BuildLiteBehavior [ RunTime:0.000050s ]
INFO: [ app_init ] --END-- [ RunTime:0.001640s ]
INFO: [ app_begin ] --START--
INFO: Run Behavior\ReadHtmlCacheBehavior [ RunTime:0.001247s ]
INFO: [ app_begin ] --END-- [ RunTime:0.001480s ]
INFO: [ view_parse ] --START--
INFO: [ template_filter ] --START--
INFO: Run Behavior\ContentReplaceBehavior [ RunTime:0.000126s ]
INFO: [ template_filter ] --END-- [ RunTime:0.000291s ]
NOTIC: [8] Undefined variable: sid G:\wamp\www\wyu34coin\1\Application\Runtime\Cache\Home\da0dddd825128b08a095ea0160090ffd.php 第 242 行.
INFO: Run Behavior\ParseTemplateBehavior [ RunTime:0.010466s ]
INFO: [ view_parse ] --END-- [ RunTime:0.010607s ]
INFO: [ view_filter ] --START--
INFO: Run Behavior\WriteHtmlCacheBehavior [ RunTime:0.000682s ]
INFO: [ view_filter ] --END-- [ RunTime:0.000811s ]
INFO: [ app_end ] --START--
INFO: Run Behavior\ShowPageTraceBehavior [ RunTime:0.000955s ]
INFO: [ app_end ] --END-- [ RunTime:0.001102s ]

[ 2015-10-22T13:22:36+08:00 ] ::1 /wyu34coin/1/index.php/Home/User/getAllRecordByDate
INFO: [ app_init ] --START--
INFO: Run Behavior\BuildLiteBehavior [ RunTime:0.000042s ]
INFO: [ app_init ] --END-- [ RunTime:0.000665s ]
INFO: [ app_begin ] --START--
INFO: Run Behavior\ReadHtmlCacheBehavior [ RunTime:0.001054s ]
INFO: [ app_begin ] --END-- [ RunTime:0.001261s ]
SQL: SHOW COLUMNS FROM `coin_record` [ RunTime:0.0078s ]
SQL: SELECT * FROM `coin_record` WHERE ( opid!="oXOWrwtvdXOTEk8_QnxxC23rQxvY" AND coindate="2015/10/21"  ) LIMIT 10   [ RunTime:0.0009s ]
SQL: SELECT * FROM `coin_record` WHERE ( opid="oXOWrwtvdXOTEk8_QnxxC23rQxvY" AND coindate="2015/10/21"  ) LIMIT 1   [ RunTime:0.0008s ]

[ 2015-10-22T23:20:15+08:00 ] ::1 /wyu34coin/1/index.php/Home/User/homePage?opid=oXOWrwtvdXOTEk8_QnxxC23rQxvY
INFO: [ app_init ] --START--
INFO: Run Behavior\BuildLiteBehavior [ RunTime:0.000086s ]
INFO: [ app_init ] --END-- [ RunTime:0.001600s ]
INFO: [ app_begin ] --START--
INFO: Run Behavior\ReadHtmlCacheBehavior [ RunTime:0.000936s ]
INFO: [ app_begin ] --END-- [ RunTime:0.001118s ]
SQL: SHOW COLUMNS FROM `coin_user` [ RunTime:0.1034s ]
SQL: SELECT * FROM `coin_user` WHERE `opid` = 'oXOWrwtvdXOTEk8_QnxxC23rQxvY' LIMIT 1   [ RunTime:0.0296s ]
INFO: [ view_parse ] --START--
INFO: [ template_filter ] --START--
INFO: Run Behavior\ContentReplaceBehavior [ RunTime:0.000244s ]
INFO: [ template_filter ] --END-- [ RunTime:0.000546s ]
INFO: Run Behavior\ParseTemplateBehavior [ RunTime:0.113976s ]
INFO: [ view_parse ] --END-- [ RunTime:0.114637s ]
INFO: [ view_filter ] --START--
INFO: Run Behavior\WriteHtmlCacheBehavior [ RunTime:0.001253s ]
INFO: [ view_filter ] --END-- [ RunTime:0.001546s ]
INFO: [ app_end ] --START--
INFO: Run Behavior\ShowPageTraceBehavior [ RunTime:0.002242s ]
INFO: [ app_end ] --END-- [ RunTime:0.002534s ]

[ 2015-10-22T23:20:17+08:00 ] ::1 /wyu34coin/1/index.php/Home/Public/code
INFO: [ app_init ] --START--
INFO: Run Behavior\BuildLiteBehavior [ RunTime:0.000063s ]
INFO: [ app_init ] --END-- [ RunTime:0.001029s ]
INFO: [ app_begin ] --START--
INFO: Run Behavior\ReadHtmlCacheBehavior [ RunTime:0.001467s ]
INFO: [ app_begin ] --END-- [ RunTime:0.001779s ]
INFO: [ app_end ] --START--
INFO: Run Behavior\ShowPageTraceBehavior [ RunTime:0.001066s ]
INFO: [ app_end ] --END-- [ RunTime:0.001255s ]

[ 2015-10-22T23:25:15+08:00 ] ::1 /wyu34coin/1/index.php/Home/User/goldSquare?opid=oXOWrwtvdXOTEk8_QnxxC23rQxvY
INFO: [ app_init ] --START--
INFO: Run Behavior\BuildLiteBehavior [ RunTime:0.000043s ]
INFO: [ app_init ] --END-- [ RunTime:0.000759s ]
INFO: [ app_begin ] --START--
INFO: Run Behavior\ReadHtmlCacheBehavior [ RunTime:0.001047s ]
INFO: [ app_begin ] --END-- [ RunTime:0.001241s ]
INFO: [ view_parse ] --START--
INFO: [ template_filter ] --START--
INFO: Run Behavior\ContentReplaceBehavior [ RunTime:0.000146s ]
INFO: [ template_filter ] --END-- [ RunTime:0.000338s ]
INFO: Run Behavior\ParseTemplateBehavior [ RunTime:0.012765s ]
INFO: [ view_parse ] --END-- [ RunTime:0.012954s ]
INFO: [ view_filter ] --START--
INFO: Run Behavior\WriteHtmlCacheBehavior [ RunTime:0.000803s ]
INFO: [ view_filter ] --END-- [ RunTime:0.000969s ]
INFO: [ app_end ] --START--
INFO: Run Behavior\ShowPageTraceBehavior [ RunTime:0.001105s ]
INFO: [ app_end ] --END-- [ RunTime:0.001270s ]

[ 2015-10-22T23:25:15+08:00 ] ::1 /wyu34coin/1/index.php/Home/User/getAllRecordByDate
INFO: [ app_init ] --START--
INFO: Run Behavior\BuildLiteBehavior [ RunTime:0.000036s ]
INFO: [ app_init ] --END-- [ RunTime:0.000632s ]
INFO: [ app_begin ] --START--
INFO: Run Behavior\ReadHtmlCacheBehavior [ RunTime:0.000905s ]
INFO: [ app_begin ] --END-- [ RunTime:0.001062s ]
SQL: SHOW COLUMNS FROM `coin_record` [ RunTime:0.0047s ]
SQL: SELECT * FROM `coin_record` WHERE ( opid!="oXOWrwtvdXOTEk8_QnxxC23rQxvY" AND coindate="2015/10/21"  ) LIMIT 10   [ RunTime:0.0004s ]
SQL: SELECT * FROM `coin_record` WHERE ( opid="oXOWrwtvdXOTEk8_QnxxC23rQxvY" AND coindate="2015/10/21"  ) LIMIT 1   [ RunTime:0.0004s ]

[ 2015-10-22T23:25:56+08:00 ] ::1 /wyu34coin/1/index.php/Home/User/goldSquare?opid=oXOWrwtvdXOTEk8_QnxxC23rQxvo
INFO: [ app_init ] --START--
INFO: Run Behavior\BuildLiteBehavior [ RunTime:0.000041s ]
INFO: [ app_init ] --END-- [ RunTime:0.000818s ]
INFO: [ app_begin ] --START--
INFO: Run Behavior\ReadHtmlCacheBehavior [ RunTime:0.001691s ]
INFO: [ app_begin ] --END-- [ RunTime:0.001978s ]
INFO: [ view_parse ] --START--
INFO: [ template_filter ] --START--
INFO: Run Behavior\ContentReplaceBehavior [ RunTime:0.000113s ]
INFO: [ template_filter ] --END-- [ RunTime:0.000264s ]
INFO: Run Behavior\ParseTemplateBehavior [ RunTime:0.009635s ]
INFO: [ view_parse ] --END-- [ RunTime:0.009785s ]
INFO: [ view_filter ] --START--
INFO: Run Behavior\WriteHtmlCacheBehavior [ RunTime:0.000816s ]
INFO: [ view_filter ] --END-- [ RunTime:0.001030s ]
INFO: [ app_end ] --START--
INFO: Run Behavior\ShowPageTraceBehavior [ RunTime:0.001018s ]
INFO: [ app_end ] --END-- [ RunTime:0.001160s ]

[ 2015-10-22T23:25:56+08:00 ] ::1 /wyu34coin/1/index.php/Home/User/getAllRecordByDate
INFO: [ app_init ] --START--
INFO: Run Behavior\BuildLiteBehavior [ RunTime:0.000040s ]
INFO: [ app_init ] --END-- [ RunTime:0.000875s ]
INFO: [ app_begin ] --START--
INFO: Run Behavior\ReadHtmlCacheBehavior [ RunTime:0.000925s ]
INFO: [ app_begin ] --END-- [ RunTime:0.001081s ]
SQL: SHOW COLUMNS FROM `coin_record` [ RunTime:0.0058s ]
SQL: SELECT * FROM `coin_record` WHERE ( opid!="oXOWrwtvdXOTEk8_QnxxC23rQxvo" AND coindate="2015/10/21"  ) LIMIT 10   [ RunTime:0.0012s ]
SQL: SELECT * FROM `coin_record` WHERE ( opid="oXOWrwtvdXOTEk8_QnxxC23rQxvo" AND coindate="2015/10/21"  ) LIMIT 1   [ RunTime:0.0010s ]

[ 2015-10-22T23:26:58+08:00 ] ::1 /wyu34coin/1/index.php/Home/User/goldSquare?opid=oXOWrwtvdXOTEk8_QnxxC23rQxvo
INFO: [ app_init ] --START--
INFO: Run Behavior\BuildLiteBehavior [ RunTime:0.000043s ]
INFO: [ app_init ] --END-- [ RunTime:0.000886s ]
INFO: [ app_begin ] --START--
INFO: Run Behavior\ReadHtmlCacheBehavior [ RunTime:0.000884s ]
INFO: [ app_begin ] --END-- [ RunTime:0.001059s ]
INFO: [ view_parse ] --START--
INFO: [ template_filter ] --START--
INFO: Run Behavior\ContentReplaceBehavior [ RunTime:0.000127s ]
INFO: [ template_filter ] --END-- [ RunTime:0.000309s ]
INFO: Run Behavior\ParseTemplateBehavior [ RunTime:0.010406s ]
INFO: [ view_parse ] --END-- [ RunTime:0.010546s ]
INFO: [ view_filter ] --START--
INFO: Run Behavior\WriteHtmlCacheBehavior [ RunTime:0.000638s ]
INFO: [ view_filter ] --END-- [ RunTime:0.000768s ]
INFO: [ app_end ] --START--
INFO: Run Behavior\ShowPageTraceBehavior [ RunTime:0.000883s ]
INFO: [ app_end ] --END-- [ RunTime:0.001014s ]

[ 2015-10-22T23:26:59+08:00 ] ::1 /wyu34coin/1/index.php/Home/User/getAllRecordByDate
INFO: [ app_init ] --START--
INFO: Run Behavior\BuildLiteBehavior [ RunTime:0.000039s ]
INFO: [ app_init ] --END-- [ RunTime:0.000634s ]
INFO: [ app_begin ] --START--
INFO: Run Behavior\ReadHtmlCacheBehavior [ RunTime:0.000836s ]
INFO: [ app_begin ] --END-- [ RunTime:0.000974s ]
SQL: SHOW COLUMNS FROM `coin_record` [ RunTime:0.0047s ]
SQL: SELECT * FROM `coin_record` WHERE ( opid!="oXOWrwtvdXOTEk8_QnxxC23rQxvo" AND coindate="2015/10/21"  ) LIMIT 10   [ RunTime:0.0008s ]
SQL: SELECT * FROM `coin_record` WHERE ( opid="oXOWrwtvdXOTEk8_QnxxC23rQxvo" AND coindate="2015/10/21"  ) LIMIT 1   [ RunTime:0.0007s ]

[ 2015-10-22T23:31:01+08:00 ] ::1 /wyu34coin/1/index.php/Home/User/goldSquare?opid=oXOWrwtvdXOTEk8_QnxxC23rQxvo
INFO: [ app_init ] --START--
INFO: Run Behavior\BuildLiteBehavior [ RunTime:0.000040s ]
INFO: [ app_init ] --END-- [ RunTime:0.000911s ]
INFO: [ app_begin ] --START--
INFO: Run Behavior\ReadHtmlCacheBehavior [ RunTime:0.000925s ]
INFO: [ app_begin ] --END-- [ RunTime:0.001112s ]
INFO: [ view_parse ] --START--
INFO: [ template_filter ] --START--
INFO: Run Behavior\ContentReplaceBehavior [ RunTime:0.000119s ]
INFO: [ template_filter ] --END-- [ RunTime:0.000279s ]
INFO: Run Behavior\ParseTemplateBehavior [ RunTime:0.010681s ]
INFO: [ view_parse ] --END-- [ RunTime:0.010841s ]
INFO: [ view_filter ] --START--
INFO: Run Behavior\WriteHtmlCacheBehavior [ RunTime:0.000487s ]
INFO: [ view_filter ] --END-- [ RunTime:0.000613s ]
INFO: [ app_end ] --START--
INFO: Run Behavior\ShowPageTraceBehavior [ RunTime:0.000698s ]
INFO: [ app_end ] --END-- [ RunTime:0.000858s ]

[ 2015-10-22T23:31:02+08:00 ] ::1 /wyu34coin/1/index.php/Home/User/getAllRecordByDate
INFO: [ app_init ] --START--
INFO: Run Behavior\BuildLiteBehavior [ RunTime:0.000041s ]
INFO: [ app_init ] --END-- [ RunTime:0.001068s ]
INFO: [ app_begin ] --START--
INFO: Run Behavior\ReadHtmlCacheBehavior [ RunTime:0.000989s ]
INFO: [ app_begin ] --END-- [ RunTime:0.001159s ]
SQL: SHOW COLUMNS FROM `coin_record` [ RunTime:0.0068s ]
SQL: SELECT * FROM `coin_record` WHERE ( opid!="oXOWrwtvdXOTEk8_QnxxC23rQxvo" AND coindate="2015/10/21"  ) LIMIT 10   [ RunTime:0.0008s ]
SQL: SELECT * FROM `coin_record` WHERE ( opid="oXOWrwtvdXOTEk8_QnxxC23rQxvo" AND coindate="2015/10/21"  ) LIMIT 1   [ RunTime:0.0006s ]

[ 2015-10-22T23:31:05+08:00 ] ::1 /wyu34coin/1/index.php/Home/User/undefined
INFO: [ app_init ] --START--
INFO: Run Behavior\BuildLiteBehavior [ RunTime:0.000034s ]
INFO: [ app_init ] --END-- [ RunTime:0.000683s ]
INFO: [ app_begin ] --START--
INFO: Run Behavior\ReadHtmlCacheBehavior [ RunTime:0.001024s ]
INFO: [ app_begin ] --END-- [ RunTime:0.001199s ]
ERR: 非法操作:undefined

[ 2015-10-22T23:31:21+08:00 ] ::1 /wyu34coin/1/index.php/Home/User/goldSquare?opid=oXOWrwtvdXOTEk8_QnxxC23rQxvo
INFO: [ app_init ] --START--
INFO: Run Behavior\BuildLiteBehavior [ RunTime:0.000037s ]
INFO: [ app_init ] --END-- [ RunTime:0.000690s ]
INFO: [ app_begin ] --START--
INFO: Run Behavior\ReadHtmlCacheBehavior [ RunTime:0.001370s ]
INFO: [ app_begin ] --END-- [ RunTime:0.001646s ]
INFO: [ view_parse ] --START--
INFO: [ template_filter ] --START--
INFO: Run Behavior\ContentReplaceBehavior [ RunTime:0.000114s ]
INFO: [ template_filter ] --END-- [ RunTime:0.000266s ]
INFO: Run Behavior\ParseTemplateBehavior [ RunTime:0.010243s ]
INFO: [ view_parse ] --END-- [ RunTime:0.010463s ]
INFO: [ view_filter ] --START--
INFO: Run Behavior\WriteHtmlCacheBehavior [ RunTime:0.001193s ]
INFO: [ view_filter ] --END-- [ RunTime:0.001410s ]
INFO: [ app_end ] --START--
INFO: Run Behavior\ShowPageTraceBehavior [ RunTime:0.001022s ]
INFO: [ app_end ] --END-- [ RunTime:0.001161s ]

[ 2015-10-22T23:31:24+08:00 ] ::1 /wyu34coin/1/index.php/Home/User/getAllRecordByDate
INFO: [ app_init ] --START--
INFO: Run Behavior\BuildLiteBehavior [ RunTime:0.000066s ]
INFO: [ app_init ] --END-- [ RunTime:0.000836s ]
INFO: [ app_begin ] --START--
INFO: Run Behavior\ReadHtmlCacheBehavior [ RunTime:0.000719s ]
INFO: [ app_begin ] --END-- [ RunTime:0.000914s ]
SQL: SHOW COLUMNS FROM `coin_record` [ RunTime:0.0047s ]
SQL: SELECT * FROM `coin_record` WHERE ( opid!="oXOWrwtvdXOTEk8_QnxxC23rQxvo" AND coindate="2015/10/21"  ) LIMIT 10   [ RunTime:0.0005s ]
SQL: SELECT * FROM `coin_record` WHERE ( opid="oXOWrwtvdXOTEk8_QnxxC23rQxvo" AND coindate="2015/10/21"  ) LIMIT 1   [ RunTime:0.0004s ]

[ 2015-10-22T23:31:27+08:00 ] ::1 /wyu34coin/1/index.php/Home/User/undefined
INFO: [ app_init ] --START--
INFO: Run Behavior\BuildLiteBehavior [ RunTime:0.000060s ]
INFO: [ app_init ] --END-- [ RunTime:0.001010s ]
INFO: [ app_begin ] --START--
INFO: Run Behavior\ReadHtmlCacheBehavior [ RunTime:0.001191s ]
INFO: [ app_begin ] --END-- [ RunTime:0.001483s ]
ERR: 非法操作:undefined

[ 2015-10-22T23:31:31+08:00 ] ::1 /wyu34coin/1/index.php/Home/User/homePage?opid=oXOWrwtvdXOTEk8_QnxxC23rQxvo
INFO: [ app_init ] --START--
INFO: Run Behavior\BuildLiteBehavior [ RunTime:0.000040s ]
INFO: [ app_init ] --END-- [ RunTime:0.000640s ]
INFO: [ app_begin ] --START--
INFO: Run Behavior\ReadHtmlCacheBehavior [ RunTime:0.000741s ]
INFO: [ app_begin ] --END-- [ RunTime:0.000922s ]
SQL: SHOW COLUMNS FROM `coin_user` [ RunTime:0.0040s ]
SQL: SELECT * FROM `coin_user` WHERE `opid` = 'oXOWrwtvdXOTEk8_QnxxC23rQxvo' LIMIT 1   [ RunTime:0.0004s ]
INFO: [ view_parse ] --START--
INFO: [ template_filter ] --START--
INFO: Run Behavior\ContentReplaceBehavior [ RunTime:0.000115s ]
INFO: [ template_filter ] --END-- [ RunTime:0.000332s ]
INFO: Run Behavior\ParseTemplateBehavior [ RunTime:0.012248s ]
INFO: [ view_parse ] --END-- [ RunTime:0.012405s ]
INFO: [ view_filter ] --START--
INFO: Run Behavior\WriteHtmlCacheBehavior [ RunTime:0.000512s ]
INFO: [ view_filter ] --END-- [ RunTime:0.000644s ]
INFO: [ app_end ] --START--
INFO: Run Behavior\ShowPageTraceBehavior [ RunTime:0.000663s ]
INFO: [ app_end ] --END-- [ RunTime:0.000794s ]

[ 2015-10-22T23:31:32+08:00 ] ::1 /wyu34coin/1/index.php/Home/Public/code
INFO: [ app_init ] --START--
INFO: Run Behavior\BuildLiteBehavior [ RunTime:0.000034s ]
INFO: [ app_init ] --END-- [ RunTime:0.000539s ]
INFO: [ app_begin ] --START--
INFO: Run Behavior\ReadHtmlCacheBehavior [ RunTime:0.001045s ]
INFO: [ app_begin ] --END-- [ RunTime:0.001392s ]
INFO: [ app_end ] --START--
INFO: Run Behavior\ShowPageTraceBehavior [ RunTime:0.000977s ]
INFO: [ app_end ] --END-- [ RunTime:0.001202s ]

[ 2015-10-22T23:31:37+08:00 ] ::1 /wyu34coin/1/index.php/Home/User/goldSquare?opid=oXOWrwtvdXOTEk8_QnxxC23rQxvo
INFO: [ app_init ] --START--
INFO: Run Behavior\BuildLiteBehavior [ RunTime:0.000042s ]
INFO: [ app_init ] --END-- [ RunTime:0.000731s ]
INFO: [ app_begin ] --START--
INFO: Run Behavior\ReadHtmlCacheBehavior [ RunTime:0.000818s ]
INFO: [ app_begin ] --END-- [ RunTime:0.001006s ]
INFO: [ view_parse ] --START--
INFO: [ template_filter ] --START--
INFO: Run Behavior\ContentReplaceBehavior [ RunTime:0.000113s ]
INFO: [ template_filter ] --END-- [ RunTime:0.000285s ]
INFO: Run Behavior\ParseTemplateBehavior [ RunTime:0.009927s ]
INFO: [ view_parse ] --END-- [ RunTime:0.010117s ]
INFO: [ view_filter ] --START--
INFO: Run Behavior\WriteHtmlCacheBehavior [ RunTime:0.000591s ]
INFO: [ view_filter ] --END-- [ RunTime:0.000734s ]
INFO: [ app_end ] --START--
INFO: Run Behavior\ShowPageTraceBehavior [ RunTime:0.000736s ]
INFO: [ app_end ] --END-- [ RunTime:0.000877s ]

[ 2015-10-22T23:31:37+08:00 ] ::1 /wyu34coin/1/index.php/Home/User/getAllRecordByDate
INFO: [ app_init ] --START--
INFO: Run Behavior\BuildLiteBehavior [ RunTime:0.000035s ]
INFO: [ app_init ] --END-- [ RunTime:0.000609s ]
INFO: [ app_begin ] --START--
INFO: Run Behavior\ReadHtmlCacheBehavior [ RunTime:0.000678s ]
INFO: [ app_begin ] --END-- [ RunTime:0.000827s ]
SQL: SHOW COLUMNS FROM `coin_record` [ RunTime:0.0042s ]
SQL: SELECT * FROM `coin_record` WHERE ( opid!="oXOWrwtvdXOTEk8_QnxxC23rQxvo" AND coindate="2015/10/21"  ) LIMIT 10   [ RunTime:0.0005s ]
SQL: SELECT * FROM `coin_record` WHERE ( opid="oXOWrwtvdXOTEk8_QnxxC23rQxvo" AND coindate="2015/10/21"  ) LIMIT 1   [ RunTime:0.0004s ]

[ 2015-10-22T23:31:40+08:00 ] ::1 /wyu34coin/1/index.php/Home/User/undefined
INFO: [ app_init ] --START--
INFO: Run Behavior\BuildLiteBehavior [ RunTime:0.000047s ]
INFO: [ app_init ] --END-- [ RunTime:0.000745s ]
INFO: [ app_begin ] --START--
INFO: Run Behavior\ReadHtmlCacheBehavior [ RunTime:0.000827s ]
INFO: [ app_begin ] --END-- [ RunTime:0.001000s ]
ERR: 非法操作:undefined

[ 2015-10-22T23:32:05+08:00 ] ::1 /wyu34coin/1/index.php/Home/User/goldSquare?opid=oXOWrwtvdXOTEk8_QnxxC23rQxvoY
INFO: [ app_init ] --START--
INFO: Run Behavior\BuildLiteBehavior [ RunTime:0.000041s ]
INFO: [ app_init ] --END-- [ RunTime:0.000751s ]
INFO: [ app_begin ] --START--
INFO: Run Behavior\ReadHtmlCacheBehavior [ RunTime:0.000756s ]
INFO: [ app_begin ] --END-- [ RunTime:0.001010s ]
INFO: [ view_parse ] --START--
INFO: [ template_filter ] --START--
INFO: Run Behavior\ContentReplaceBehavior [ RunTime:0.000110s ]
INFO: [ template_filter ] --END-- [ RunTime:0.000259s ]
INFO: Run Behavior\ParseTemplateBehavior [ RunTime:0.010884s ]
INFO: [ view_parse ] --END-- [ RunTime:0.011066s ]
INFO: [ view_filter ] --START--
INFO: Run Behavior\WriteHtmlCacheBehavior [ RunTime:0.000593s ]
INFO: [ view_filter ] --END-- [ RunTime:0.000734s ]
INFO: [ app_end ] --START--
INFO: Run Behavior\ShowPageTraceBehavior [ RunTime:0.000825s ]
INFO: [ app_end ] --END-- [ RunTime:0.000969s ]

[ 2015-10-22T23:32:05+08:00 ] ::1 /wyu34coin/1/index.php/Home/User/getAllRecordByDate
INFO: [ app_init ] --START--
INFO: Run Behavior\BuildLiteBehavior [ RunTime:0.000036s ]
INFO: [ app_init ] --END-- [ RunTime:0.000706s ]
INFO: [ app_begin ] --START--
INFO: Run Behavior\ReadHtmlCacheBehavior [ RunTime:0.000712s ]
INFO: [ app_begin ] --END-- [ RunTime:0.000870s ]
SQL: SHOW COLUMNS FROM `coin_record` [ RunTime:0.0047s ]
SQL: SELECT * FROM `coin_record` WHERE ( opid!="oXOWrwtvdXOTEk8_QnxxC23rQxvoY" AND coindate="2015/10/21"  ) LIMIT 10   [ RunTime:0.0005s ]
SQL: SELECT * FROM `coin_record` WHERE ( opid="oXOWrwtvdXOTEk8_QnxxC23rQxvoY" AND coindate="2015/10/21"  ) LIMIT 1   [ RunTime:0.0004s ]

[ 2015-10-22T23:32:08+08:00 ] ::1 /wyu34coin/1/index.php/Home/User/undefined
INFO: [ app_init ] --START--
INFO: Run Behavior\BuildLiteBehavior [ RunTime:0.000192s ]
INFO: [ app_init ] --END-- [ RunTime:0.002020s ]
INFO: [ app_begin ] --START--
INFO: Run Behavior\ReadHtmlCacheBehavior [ RunTime:0.001611s ]
INFO: [ app_begin ] --END-- [ RunTime:0.001979s ]
ERR: 非法操作:undefined

[ 2015-10-22T23:32:43+08:00 ] ::1 /wyu34coin/1/index.php/Home/User/goldSquare?opid=oXOWrwtvdXOTEk8_QnxxC23r
INFO: [ app_init ] --START--
INFO: Run Behavior\BuildLiteBehavior [ RunTime:0.000034s ]
INFO: [ app_init ] --END-- [ RunTime:0.000610s ]
INFO: [ app_begin ] --START--
INFO: Run Behavior\ReadHtmlCacheBehavior [ RunTime:0.000850s ]
INFO: [ app_begin ] --END-- [ RunTime:0.001022s ]
INFO: [ view_parse ] --START--
INFO: [ template_filter ] --START--
INFO: Run Behavior\ContentReplaceBehavior [ RunTime:0.000112s ]
INFO: [ template_filter ] --END-- [ RunTime:0.000261s ]
INFO: Run Behavior\ParseTemplateBehavior [ RunTime:0.010649s ]
INFO: [ view_parse ] --END-- [ RunTime:0.010820s ]
INFO: [ view_filter ] --START--
INFO: Run Behavior\WriteHtmlCacheBehavior [ RunTime:0.000608s ]
INFO: [ view_filter ] --END-- [ RunTime:0.000773s ]
INFO: [ app_end ] --START--
INFO: Run Behavior\ShowPageTraceBehavior [ RunTime:0.000854s ]
INFO: [ app_end ] --END-- [ RunTime:0.001038s ]

[ 2015-10-22T23:32:43+08:00 ] ::1 /wyu34coin/1/index.php/Home/User/getAllRecordByDate
INFO: [ app_init ] --START--
INFO: Run Behavior\BuildLiteBehavior [ RunTime:0.000039s ]
INFO: [ app_init ] --END-- [ RunTime:0.000698s ]
INFO: [ app_begin ] --START--
INFO: Run Behavior\ReadHtmlCacheBehavior [ RunTime:0.001177s ]
INFO: [ app_begin ] --END-- [ RunTime:0.001398s ]
SQL: SHOW COLUMNS FROM `coin_record` [ RunTime:0.0049s ]
SQL: SELECT * FROM `coin_record` WHERE ( opid!="oXOWrwtvdXOTEk8_QnxxC23r" AND coindate="2015/10/21"  ) LIMIT 10   [ RunTime:0.0010s ]
SQL: SELECT * FROM `coin_record` WHERE ( opid="oXOWrwtvdXOTEk8_QnxxC23r" AND coindate="2015/10/21"  ) LIMIT 1   [ RunTime:0.0009s ]

[ 2015-10-22T23:32:46+08:00 ] ::1 /wyu34coin/1/index.php/Home/User/undefined
INFO: [ app_init ] --START--
INFO: Run Behavior\BuildLiteBehavior [ RunTime:0.000067s ]
INFO: [ app_init ] --END-- [ RunTime:0.001266s ]
INFO: [ app_begin ] --START--
INFO: Run Behavior\ReadHtmlCacheBehavior [ RunTime:0.002036s ]
INFO: [ app_begin ] --END-- [ RunTime:0.002338s ]
ERR: 非法操作:undefined

[ 2015-10-22T23:33:52+08:00 ] ::1 /wyu34coin/1/index.php/Home/User/goldSquare?opid=oXOWrwtvdXOTEk8_QnxxC23r
INFO: [ app_init ] --START--
INFO: Run Behavior\BuildLiteBehavior [ RunTime:0.000047s ]
INFO: [ app_init ] --END-- [ RunTime:0.000873s ]
INFO: [ app_begin ] --START--
INFO: Run Behavior\ReadHtmlCacheBehavior [ RunTime:0.001164s ]
INFO: [ app_begin ] --END-- [ RunTime:0.001355s ]
INFO: [ view_parse ] --START--
INFO: [ template_filter ] --START--
INFO: Run Behavior\ContentReplaceBehavior [ RunTime:0.000114s ]
INFO: [ template_filter ] --END-- [ RunTime:0.000259s ]
INFO: Run Behavior\ParseTemplateBehavior [ RunTime:0.008630s ]
INFO: [ view_parse ] --END-- [ RunTime:0.008878s ]
INFO: [ view_filter ] --START--
INFO: Run Behavior\WriteHtmlCacheBehavior [ RunTime:0.000628s ]
INFO: [ view_filter ] --END-- [ RunTime:0.000827s ]
INFO: [ app_end ] --START--
INFO: Run Behavior\ShowPageTraceBehavior [ RunTime:0.000836s ]
INFO: [ app_end ] --END-- [ RunTime:0.000980s ]

[ 2015-10-22T23:33:53+08:00 ] ::1 /wyu34coin/1/index.php/Home/User/getAllRecordByDate
INFO: [ app_init ] --START--
INFO: Run Behavior\BuildLiteBehavior [ RunTime:0.000039s ]
INFO: [ app_init ] --END-- [ RunTime:0.000958s ]
INFO: [ app_begin ] --START--
INFO: Run Behavior\ReadHtmlCacheBehavior [ RunTime:0.000891s ]
INFO: [ app_begin ] --END-- [ RunTime:0.001049s ]
SQL: SHOW COLUMNS FROM `coin_record` [ RunTime:0.0340s ]
SQL: SELECT * FROM `coin_record` WHERE ( opid!="oXOWrwtvdXOTEk8_QnxxC23r" AND coindate="2015/10/21"  ) LIMIT 10   [ RunTime:0.0003s ]
SQL: SELECT * FROM `coin_record` WHERE ( opid="oXOWrwtvdXOTEk8_QnxxC23r" AND coindate="2015/10/21"  ) LIMIT 1   [ RunTime:0.0002s ]

[ 2015-10-22T23:34:01+08:00 ] ::1 /wyu34coin/1/index.php/Home/User/goldSquare?opid=oXOWrwtvdXOTEk8_QnxxC23rFDHSDFH
INFO: [ app_init ] --START--
INFO: Run Behavior\BuildLiteBehavior [ RunTime:0.000066s ]
INFO: [ app_init ] --END-- [ RunTime:0.000869s ]
INFO: [ app_begin ] --START--
INFO: Run Behavior\ReadHtmlCacheBehavior [ RunTime:0.001258s ]
INFO: [ app_begin ] --END-- [ RunTime:0.001511s ]
INFO: [ view_parse ] --START--
INFO: [ template_filter ] --START--
INFO: Run Behavior\ContentReplaceBehavior [ RunTime:0.000118s ]
INFO: [ template_filter ] --END-- [ RunTime:0.000277s ]
INFO: Run Behavior\ParseTemplateBehavior [ RunTime:0.009884s ]
INFO: [ view_parse ] --END-- [ RunTime:0.010057s ]
INFO: [ view_filter ] --START--
INFO: Run Behavior\WriteHtmlCacheBehavior [ RunTime:0.000580s ]
INFO: [ view_filter ] --END-- [ RunTime:0.000718s ]
INFO: [ app_end ] --START--
INFO: Run Behavior\ShowPageTraceBehavior [ RunTime:0.000703s ]
INFO: [ app_end ] --END-- [ RunTime:0.000839s ]

[ 2015-10-22T23:34:01+08:00 ] ::1 /wyu34coin/1/index.php/Home/User/getAllRecordByDate
INFO: [ app_init ] --START--
INFO: Run Behavior\BuildLiteBehavior [ RunTime:0.000039s ]
INFO: [ app_init ] --END-- [ RunTime:0.000670s ]
INFO: [ app_begin ] --START--
INFO: Run Behavior\ReadHtmlCacheBehavior [ RunTime:0.001288s ]
INFO: [ app_begin ] --END-- [ RunTime:0.001600s ]
SQL: SHOW COLUMNS FROM `coin_record` [ RunTime:0.0059s ]
SQL: SELECT * FROM `coin_record` WHERE ( opid!="oXOWrwtvdXOTEk8_QnxxC23rFDHSDFH" AND coindate="2015/10/21"  ) LIMIT 10   [ RunTime:0.0005s ]
SQL: SELECT * FROM `coin_record` WHERE ( opid="oXOWrwtvdXOTEk8_QnxxC23rFDHSDFH" AND coindate="2015/10/21"  ) LIMIT 1   [ RunTime:0.0007s ]

[ 2015-10-22T23:57:45+08:00 ] ::1 /wyu34coin/1/index.php/Home/User/goldSquare?opid=oXOWrwtvdXOTEk8_QnxxC23rFDHSDFH
INFO: [ app_init ] --START--
INFO: Run Behavior\BuildLiteBehavior [ RunTime:0.000036s ]
INFO: [ app_init ] --END-- [ RunTime:0.000650s ]
INFO: [ app_begin ] --START--
INFO: Run Behavior\ReadHtmlCacheBehavior [ RunTime:0.001185s ]
INFO: [ app_begin ] --END-- [ RunTime:0.001419s ]
INFO: [ view_parse ] --START--
INFO: [ template_filter ] --START--
INFO: Run Behavior\ContentReplaceBehavior [ RunTime:0.000163s ]
INFO: [ template_filter ] --END-- [ RunTime:0.000379s ]
INFO: Run Behavior\ParseTemplateBehavior [ RunTime:0.010261s ]
INFO: [ view_parse ] --END-- [ RunTime:0.010440s ]
INFO: [ view_filter ] --START--
INFO: Run Behavior\WriteHtmlCacheBehavior [ RunTime:0.000986s ]
INFO: [ view_filter ] --END-- [ RunTime:0.001144s ]
INFO: [ app_end ] --START--
INFO: Run Behavior\ShowPageTraceBehavior [ RunTime:0.000818s ]
INFO: [ app_end ] --END-- [ RunTime:0.000973s ]

[ 2015-10-22T23:57:46+08:00 ] ::1 /wyu34coin/1/index.php/Home/User/getAllRecordByDate
INFO: [ app_init ] --START--
INFO: Run Behavior\BuildLiteBehavior [ RunTime:0.000064s ]
INFO: [ app_init ] --END-- [ RunTime:0.001141s ]
INFO: [ app_begin ] --START--
INFO: Run Behavior\ReadHtmlCacheBehavior [ RunTime:0.001083s ]
INFO: [ app_begin ] --END-- [ RunTime:0.001276s ]
SQL: SHOW COLUMNS FROM `coin_record` [ RunTime:0.0068s ]
SQL: SELECT * FROM `coin_record` WHERE ( opid!="oXOWrwtvdXOTEk8_QnxxC23rFDHSDFH" AND coindate="2015/10/21"  ) LIMIT 10   [ RunTime:0.0005s ]
SQL: SELECT * FROM `coin_record` WHERE ( opid="oXOWrwtvdXOTEk8_QnxxC23rFDHSDFH" AND coindate="2015/10/21"  ) LIMIT 1   [ RunTime:0.0004s ]

[ 2015-10-22T23:58:08+08:00 ] ::1 /wyu34coin/1/index.php/Home/User/goldSquare?opid=oXOWrwtvdXOTEk8_QnxxC23rFDHSDFH
INFO: [ app_init ] --START--
INFO: Run Behavior\BuildLiteBehavior [ RunTime:0.000035s ]
INFO: [ app_init ] --END-- [ RunTime:0.000539s ]
INFO: [ app_begin ] --START--
INFO: Run Behavior\ReadHtmlCacheBehavior [ RunTime:0.001169s ]
INFO: [ app_begin ] --END-- [ RunTime:0.001364s ]
INFO: [ view_parse ] --START--
INFO: [ template_filter ] --START--
INFO: Run Behavior\ContentReplaceBehavior [ RunTime:0.000108s ]
INFO: [ template_filter ] --END-- [ RunTime:0.000271s ]
INFO: Run Behavior\ParseTemplateBehavior [ RunTime:0.008767s ]
INFO: [ view_parse ] --END-- [ RunTime:0.008908s ]
INFO: [ view_filter ] --START--
INFO: Run Behavior\WriteHtmlCacheBehavior [ RunTime:0.000422s ]
INFO: [ view_filter ] --END-- [ RunTime:0.000554s ]
INFO: [ app_end ] --START--
INFO: Run Behavior\ShowPageTraceBehavior [ RunTime:0.000636s ]
INFO: [ app_end ] --END-- [ RunTime:0.000826s ]

[ 2015-10-22T23:58:09+08:00 ] ::1 /wyu34coin/1/index.php/Home/User/getAllRecordByDate
INFO: [ app_init ] --START--
INFO: Run Behavior\BuildLiteBehavior [ RunTime:0.000037s ]
INFO: [ app_init ] --END-- [ RunTime:0.000562s ]
INFO: [ app_begin ] --START--
INFO: Run Behavior\ReadHtmlCacheBehavior [ RunTime:0.000667s ]
INFO: [ app_begin ] --END-- [ RunTime:0.000808s ]
SQL: SHOW COLUMNS FROM `coin_record` [ RunTime:0.0148s ]
SQL: SELECT * FROM `coin_record` WHERE ( opid!="oXOWrwtvdXOTEk8_QnxxC23rFDHSDFH" AND coindate="2015/10/21"  ) LIMIT 10   [ RunTime:0.0004s ]
SQL: SELECT * FROM `coin_record` WHERE ( opid="oXOWrwtvdXOTEk8_QnxxC23rFDHSDFH" AND coindate="2015/10/21"  ) LIMIT 1   [ RunTime:0.0002s ]

[ 2015-10-22T23:58:14+08:00 ] ::1 /wyu34coin/1/index.php/Home/User/getAllRecordByDate
INFO: [ app_init ] --START--
INFO: Run Behavior\BuildLiteBehavior [ RunTime:0.000036s ]
INFO: [ app_init ] --END-- [ RunTime:0.000592s ]
INFO: [ app_begin ] --START--
INFO: Run Behavior\ReadHtmlCacheBehavior [ RunTime:0.000659s ]
INFO: [ app_begin ] --END-- [ RunTime:0.000805s ]
SQL: SHOW COLUMNS FROM `coin_record` [ RunTime:0.0079s ]
SQL: SELECT * FROM `coin_record` WHERE ( opid!="oXOWrwtvdXOTEk8_QnxxC23r" AND coindate="2015/10/21"  ) LIMIT 10   [ RunTime:0.0004s ]
SQL: SELECT * FROM `coin_record` WHERE ( opid="oXOWrwtvdXOTEk8_QnxxC23r" AND coindate="2015/10/21"  ) LIMIT 1   [ RunTime:0.0003s ]

[ 2015-10-22T23:58:16+08:00 ] ::1 /wyu34coin/1/index.php/Home/User/goldSquare?opid=oXOWrwtvdXOTEk8_QnxxC23r
INFO: [ app_init ] --START--
INFO: Run Behavior\BuildLiteBehavior [ RunTime:0.000050s ]
INFO: [ app_init ] --END-- [ RunTime:0.001061s ]
INFO: [ app_begin ] --START--
INFO: Run Behavior\ReadHtmlCacheBehavior [ RunTime:0.001479s ]
INFO: [ app_begin ] --END-- [ RunTime:0.001838s ]
INFO: [ view_parse ] --START--
INFO: [ template_filter ] --START--
INFO: Run Behavior\ContentReplaceBehavior [ RunTime:0.000144s ]
INFO: [ template_filter ] --END-- [ RunTime:0.000338s ]
INFO: Run Behavior\ParseTemplateBehavior [ RunTime:0.013294s ]
INFO: [ view_parse ] --END-- [ RunTime:0.013460s ]
INFO: [ view_filter ] --START--
INFO: Run Behavior\WriteHtmlCacheBehavior [ RunTime:0.000454s ]
INFO: [ view_filter ] --END-- [ RunTime:0.000586s ]
INFO: [ app_end ] --START--
INFO: Run Behavior\ShowPageTraceBehavior [ RunTime:0.000629s ]
INFO: [ app_end ] --END-- [ RunTime:0.000762s ]

[ 2015-10-22T23:58:16+08:00 ] ::1 /wyu34coin/1/index.php/Home/User/getAllRecordByDate
INFO: [ app_init ] --START--
INFO: Run Behavior\BuildLiteBehavior [ RunTime:0.000064s ]
INFO: [ app_init ] --END-- [ RunTime:0.000743s ]
INFO: [ app_begin ] --START--
INFO: Run Behavior\ReadHtmlCacheBehavior [ RunTime:0.002054s ]
INFO: [ app_begin ] --END-- [ RunTime:0.002435s ]
SQL: SHOW COLUMNS FROM `coin_record` [ RunTime:0.0047s ]
SQL: SELECT * FROM `coin_record` WHERE ( opid!="oXOWrwtvdXOTEk8_QnxxC23r" AND coindate="2015/10/21"  ) LIMIT 10   [ RunTime:0.0012s ]
SQL: SELECT * FROM `coin_record` WHERE ( opid="oXOWrwtvdXOTEk8_QnxxC23r" AND coindate="2015/10/21"  ) LIMIT 1   [ RunTime:0.0008s ]

[ 2015-10-22T23:58:18+08:00 ] ::1 /wyu34coin/1/index.php/Home/User/homePage?opid=oXOWrwtvdXOTEk8_QnxxC23r
INFO: [ app_init ] --START--
INFO: Run Behavior\BuildLiteBehavior [ RunTime:0.000036s ]
INFO: [ app_init ] --END-- [ RunTime:0.000680s ]
INFO: [ app_begin ] --START--
INFO: Run Behavior\ReadHtmlCacheBehavior [ RunTime:0.000681s ]
INFO: [ app_begin ] --END-- [ RunTime:0.000843s ]
SQL: SHOW COLUMNS FROM `coin_user` [ RunTime:0.0039s ]
SQL: SELECT * FROM `coin_user` WHERE `opid` = 'oXOWrwtvdXOTEk8_QnxxC23r' LIMIT 1   [ RunTime:0.0004s ]
INFO: [ view_parse ] --START--
INFO: [ template_filter ] --START--
INFO: Run Behavior\ContentReplaceBehavior [ RunTime:0.000113s ]
INFO: [ template_filter ] --END-- [ RunTime:0.000258s ]
INFO: Run Behavior\ParseTemplateBehavior [ RunTime:0.081618s ]
INFO: [ view_parse ] --END-- [ RunTime:0.081767s ]
INFO: [ view_filter ] --START--
INFO: Run Behavior\WriteHtmlCacheBehavior [ RunTime:0.000422s ]
INFO: [ view_filter ] --END-- [ RunTime:0.000549s ]
INFO: [ app_end ] --START--
INFO: Run Behavior\ShowPageTraceBehavior [ RunTime:0.000702s ]
INFO: [ app_end ] --END-- [ RunTime:0.000838s ]

[ 2015-10-22T23:58:18+08:00 ] ::1 /wyu34coin/1/index.php/Home/Public/code
INFO: [ app_init ] --START--
INFO: Run Behavior\BuildLiteBehavior [ RunTime:0.000035s ]
INFO: [ app_init ] --END-- [ RunTime:0.000543s ]
INFO: [ app_begin ] --START--
INFO: Run Behavior\ReadHtmlCacheBehavior [ RunTime:0.000647s ]
INFO: [ app_begin ] --END-- [ RunTime:0.000816s ]
INFO: [ app_end ] --START--
INFO: Run Behavior\ShowPageTraceBehavior [ RunTime:0.000811s ]
INFO: [ app_end ] --END-- [ RunTime:0.000982s ]

[ 2015-10-22T23:58:21+08:00 ] ::1 /wyu34coin/1/index.php/Home/User/homePage?opid=oXOWrwtvdXOTEk8_QnxxC23r
INFO: [ app_init ] --START--
INFO: Run Behavior\BuildLiteBehavior [ RunTime:0.000033s ]
INFO: [ app_init ] --END-- [ RunTime:0.000544s ]
INFO: [ app_begin ] --START--
INFO: Run Behavior\ReadHtmlCacheBehavior [ RunTime:0.000619s ]
INFO: [ app_begin ] --END-- [ RunTime:0.000767s ]
SQL: SHOW COLUMNS FROM `coin_user` [ RunTime:0.0244s ]
SQL: SELECT * FROM `coin_user` WHERE `opid` = 'oXOWrwtvdXOTEk8_QnxxC23r' LIMIT 1   [ RunTime:0.0003s ]
INFO: [ view_parse ] --START--
INFO: [ template_filter ] --START--
INFO: Run Behavior\ContentReplaceBehavior [ RunTime:0.000185s ]
INFO: [ template_filter ] --END-- [ RunTime:0.000366s ]
INFO: Run Behavior\ParseTemplateBehavior [ RunTime:0.011844s ]
INFO: [ view_parse ] --END-- [ RunTime:0.012019s ]
INFO: [ view_filter ] --START--
INFO: Run Behavior\WriteHtmlCacheBehavior [ RunTime:0.000504s ]
INFO: [ view_filter ] --END-- [ RunTime:0.000638s ]
INFO: [ app_end ] --START--
INFO: Run Behavior\ShowPageTraceBehavior [ RunTime:0.000586s ]
INFO: [ app_end ] --END-- [ RunTime:0.000721s ]

[ 2015-10-22T23:58:21+08:00 ] ::1 /wyu34coin/1/index.php/Home/Public/code
INFO: [ app_init ] --START--
INFO: Run Behavior\BuildLiteBehavior [ RunTime:0.000066s ]
INFO: [ app_init ] --END-- [ RunTime:0.001087s ]
INFO: [ app_begin ] --START--
INFO: Run Behavior\ReadHtmlCacheBehavior [ RunTime:0.001730s ]
INFO: [ app_begin ] --END-- [ RunTime:0.002065s ]
INFO: [ app_end ] --START--
INFO: Run Behavior\ShowPageTraceBehavior [ RunTime:0.001003s ]
INFO: [ app_end ] --END-- [ RunTime:0.001230s ]

[ 2015-10-22T23:58:24+08:00 ] ::1 /wyu34coin/1/index.php/Home/User/homePage?opid=oXOWrwtvdXOTEk8_QnxxC23r
INFO: [ app_init ] --START--
INFO: Run Behavior\BuildLiteBehavior [ RunTime:0.000162s ]
INFO: [ app_init ] --END-- [ RunTime:0.001594s ]
INFO: [ app_begin ] --START--
INFO: Run Behavior\ReadHtmlCacheBehavior [ RunTime:0.001170s ]
INFO: [ app_begin ] --END-- [ RunTime:0.001528s ]
SQL: SHOW COLUMNS FROM `coin_user` [ RunTime:0.0040s ]
SQL: SELECT * FROM `coin_user` WHERE `opid` = 'oXOWrwtvdXOTEk8_QnxxC23r' LIMIT 1   [ RunTime:0.0003s ]
INFO: [ view_parse ] --START--
INFO: [ template_filter ] --START--
INFO: Run Behavior\ContentReplaceBehavior [ RunTime:0.000124s ]
INFO: [ template_filter ] --END-- [ RunTime:0.000289s ]
INFO: Run Behavior\ParseTemplateBehavior [ RunTime:0.015582s ]
INFO: [ view_parse ] --END-- [ RunTime:0.015740s ]
INFO: [ view_filter ] --START--
INFO: Run Behavior\WriteHtmlCacheBehavior [ RunTime:0.000487s ]
INFO: [ view_filter ] --END-- [ RunTime:0.000623s ]
INFO: [ app_end ] --START--
INFO: Run Behavior\ShowPageTraceBehavior [ RunTime:0.000650s ]
INFO: [ app_end ] --END-- [ RunTime:0.000784s ]

[ 2015-10-22T23:58:24+08:00 ] ::1 /wyu34coin/1/index.php/Home/Public/code
INFO: [ app_init ] --START--
INFO: Run Behavior\BuildLiteBehavior [ RunTime:0.000035s ]
INFO: [ app_init ] --END-- [ RunTime:0.000590s ]
INFO: [ app_begin ] --START--
INFO: Run Behavior\ReadHtmlCacheBehavior [ RunTime:0.001167s ]
INFO: [ app_begin ] --END-- [ RunTime:0.001482s ]
INFO: [ app_end ] --START--
INFO: Run Behavior\ShowPageTraceBehavior [ RunTime:0.001097s ]
INFO: [ app_end ] --END-- [ RunTime:0.001363s ]

[ 2015-10-22T23:58:28+08:00 ] ::1 /wyu34coin/1/index.php/Home/User/goldSquare?opid=oXOWrwtvdXOTEk8_QnxxC23r
INFO: [ app_init ] --START--
INFO: Run Behavior\BuildLiteBehavior [ RunTime:0.000075s ]
INFO: [ app_init ] --END-- [ RunTime:0.000685s ]
INFO: [ app_begin ] --START--
INFO: Run Behavior\ReadHtmlCacheBehavior [ RunTime:0.000880s ]
INFO: [ app_begin ] --END-- [ RunTime:0.001152s ]
INFO: [ view_parse ] --START--
INFO: [ template_filter ] --START--
INFO: Run Behavior\ContentReplaceBehavior [ RunTime:0.000113s ]
INFO: [ template_filter ] --END-- [ RunTime:0.000273s ]
INFO: Run Behavior\ParseTemplateBehavior [ RunTime:0.008826s ]
INFO: [ view_parse ] --END-- [ RunTime:0.008978s ]
INFO: [ view_filter ] --START--
INFO: Run Behavior\WriteHtmlCacheBehavior [ RunTime:0.000391s ]
INFO: [ view_filter ] --END-- [ RunTime:0.000518s ]
INFO: [ app_end ] --START--
INFO: Run Behavior\ShowPageTraceBehavior [ RunTime:0.000732s ]
INFO: [ app_end ] --END-- [ RunTime:0.000909s ]

[ 2015-10-22T23:58:28+08:00 ] ::1 /wyu34coin/1/index.php/Home/User/getAllRecordByDate
INFO: [ app_init ] --START--
INFO: Run Behavior\BuildLiteBehavior [ RunTime:0.000036s ]
INFO: [ app_init ] --END-- [ RunTime:0.000592s ]
INFO: [ app_begin ] --START--
INFO: Run Behavior\ReadHtmlCacheBehavior [ RunTime:0.000632s ]
INFO: [ app_begin ] --END-- [ RunTime:0.000779s ]
SQL: SHOW COLUMNS FROM `coin_record` [ RunTime:0.0040s ]
SQL: SELECT * FROM `coin_record` WHERE ( opid!="oXOWrwtvdXOTEk8_QnxxC23r" AND coindate="2015/10/21"  ) LIMIT 10   [ RunTime:0.0005s ]
SQL: SELECT * FROM `coin_record` WHERE ( opid="oXOWrwtvdXOTEk8_QnxxC23r" AND coindate="2015/10/21"  ) LIMIT 1   [ RunTime:0.0004s ]

